
Combining like terms:
Converting 248 terms to canonical form...
     0   (  -1.00000) h1aa(p0,p1) a1aa(p8,p9) cre(p0) cre(p8) des(p1) des(p9) 
     1   (   1.00000) h1aa(p0,p8) a1aa(p8,p9) cre(p0) des(p9) 
     2   (   1.00000) a1aa(p8,p9) h1aa(p0,p1) cre(p0) cre(p8) des(p1) des(p9) 
     3   (  -1.00000) a1aa(p8,p0) h1aa(p0,p1) cre(p8) des(p1) 
     4   (   1.00000) h1aa(p0,p1) a1aa(p8,p9) cre(p0) cre(p9) des(p1) des(p8) 
     5   (  -1.00000) h1aa(p0,p9) a1aa(p8,p9) cre(p0) des(p8) 
     6   (  -1.00000) a1aa(p8,p9) h1aa(p0,p1) cre(p0) cre(p9) des(p1) des(p8) 
     7   (   1.00000) a1aa(p0,p9) h1aa(p0,p1) cre(p9) des(p1) 
     8   (  -1.00000) h1aa(p0,p1) a1bb(q8,q9) cre(p0) cre(q8) des(p1) des(q9) 
     9   (   1.00000) a1bb(q8,q9) h1aa(p0,p1) cre(p0) cre(q8) des(p1) des(q9) 
    10   (   1.00000) h1aa(p0,p1) a1bb(q8,q9) cre(p0) cre(q9) des(p1) des(q8) 
    11   (  -1.00000) a1bb(q8,q9) h1aa(p0,p1) cre(p0) cre(q9) des(p1) des(q8) 
    12   (  -0.25000) h1aa(p0,p1) a2aaaa(p10,p11,p12,p13) cre(p0) cre(p10) cre(p11) des(p1) des(p12) des(p13) 
    13   (  -0.25000) h1aa(p0,p10) a2aaaa(p10,p11,p12,p13) cre(p0) cre(p11) des(p12) des(p13) 
    14   (   0.25000) h1aa(p0,p11) a2aaaa(p10,p11,p12,p13) cre(p0) cre(p10) des(p12) des(p13) 
    15   (   0.25000) a2aaaa(p10,p11,p12,p13) h1aa(p0,p1) cre(p0) cre(p10) cre(p11) des(p1) des(p12) des(p13) 
    16   (  -0.25000) a2aaaa(p10,p11,p12,p0) h1aa(p0,p1) cre(p10) cre(p11) des(p1) des(p12) 
    17   (   0.25000) a2aaaa(p10,p11,p0,p13) h1aa(p0,p1) cre(p10) cre(p11) des(p1) des(p13) 
    18   (   0.25000) h1aa(p0,p1) a2aaaa(p10,p11,p12,p13) cre(p0) cre(p12) cre(p13) des(p1) des(p10) des(p11) 
    19   (   0.25000) h1aa(p0,p12) a2aaaa(p10,p11,p12,p13) cre(p0) cre(p13) des(p10) des(p11) 
    20   (  -0.25000) h1aa(p0,p13) a2aaaa(p10,p11,p12,p13) cre(p0) cre(p12) des(p10) des(p11) 
    21   (  -0.25000) a2aaaa(p10,p11,p12,p13) h1aa(p0,p1) cre(p0) cre(p12) cre(p13) des(p1) des(p10) des(p11) 
    22   (   0.25000) a2aaaa(p10,p0,p12,p13) h1aa(p0,p1) cre(p12) cre(p13) des(p1) des(p10) 
    23   (  -0.25000) a2aaaa(p0,p11,p12,p13) h1aa(p0,p1) cre(p12) cre(p13) des(p1) des(p11) 
    24   (  -0.25000) h1aa(p0,p1) a2bbbb(q10,q11,q12,q13) cre(p0) cre(q10) cre(q11) des(p1) des(q12) des(q13) 
    25   (   0.25000) a2bbbb(q10,q11,q12,q13) h1aa(p0,p1) cre(p0) cre(q10) cre(q11) des(p1) des(q12) des(q13) 
    26   (   0.25000) h1aa(p0,p1) a2bbbb(q10,q11,q12,q13) cre(p0) cre(q12) cre(q13) des(p1) des(q10) des(q11) 
    27   (  -0.25000) a2bbbb(q10,q11,q12,q13) h1aa(p0,p1) cre(p0) cre(q12) cre(q13) des(p1) des(q10) des(q11) 
    28   (  -1.00000) h1aa(p0,p1) a2baba(q14,p14,q15,p15) cre(p0) cre(p14) cre(q14) des(p1) des(p15) des(q15) 
    29   (  -1.00000) h1aa(p0,p14) a2baba(q14,p14,q15,p15) cre(p0) cre(q14) des(p15) des(q15) 
    30   (   1.00000) a2baba(q14,p14,q15,p15) h1aa(p0,p1) cre(p0) cre(p14) cre(q14) des(p1) des(p15) des(q15) 
    31   (   1.00000) a2baba(q14,p14,q15,p0) h1aa(p0,p1) cre(p14) cre(q14) des(p1) des(q15) 
    32   (   1.00000) h1aa(p0,p1) a2baba(q14,p14,q15,p15) cre(p0) cre(p15) cre(q15) des(p1) des(p14) des(q14) 
    33   (   1.00000) h1aa(p0,p15) a2baba(q14,p14,q15,p15) cre(p0) cre(q15) des(p14) des(q14) 
    34   (  -1.00000) a2baba(q14,p14,q15,p15) h1aa(p0,p1) cre(p0) cre(p15) cre(q15) des(p1) des(p14) des(q14) 
    35   (  -1.00000) a2baba(q14,p0,q15,p15) h1aa(p0,p1) cre(p15) cre(q15) des(p1) des(q14) 
    36   (  -1.00000) h1bb(q0,q1) a1aa(p8,p9) cre(p8) cre(q0) des(p9) des(q1) 
    37   (   1.00000) a1aa(p8,p9) h1bb(q0,q1) cre(p8) cre(q0) des(p9) des(q1) 
    38   (   1.00000) h1bb(q0,q1) a1aa(p8,p9) cre(p9) cre(q0) des(p8) des(q1) 
    39   (  -1.00000) a1aa(p8,p9) h1bb(q0,q1) cre(p9) cre(q0) des(p8) des(q1) 
    40   (  -1.00000) h1bb(q0,q1) a1bb(q8,q9) cre(q0) cre(q8) des(q1) des(q9) 
    41   (   1.00000) h1bb(q0,q8) a1bb(q8,q9) cre(q0) des(q9) 
    42   (   1.00000) a1bb(q8,q9) h1bb(q0,q1) cre(q0) cre(q8) des(q1) des(q9) 
    43   (  -1.00000) a1bb(q8,q0) h1bb(q0,q1) cre(q8) des(q1) 
    44   (   1.00000) h1bb(q0,q1) a1bb(q8,q9) cre(q0) cre(q9) des(q1) des(q8) 
    45   (  -1.00000) h1bb(q0,q9) a1bb(q8,q9) cre(q0) des(q8) 
    46   (  -1.00000) a1bb(q8,q9) h1bb(q0,q1) cre(q0) cre(q9) des(q1) des(q8) 
    47   (   1.00000) a1bb(q0,q9) h1bb(q0,q1) cre(q9) des(q1) 
    48   (  -0.25000) h1bb(q0,q1) a2aaaa(p10,p11,p12,p13) cre(p10) cre(p11) cre(q0) des(p12) des(p13) des(q1) 
    49   (   0.25000) a2aaaa(p10,p11,p12,p13) h1bb(q0,q1) cre(p10) cre(p11) cre(q0) des(p12) des(p13) des(q1) 
    50   (   0.25000) h1bb(q0,q1) a2aaaa(p10,p11,p12,p13) cre(p12) cre(p13) cre(q0) des(p10) des(p11) des(q1) 
    51   (  -0.25000) a2aaaa(p10,p11,p12,p13) h1bb(q0,q1) cre(p12) cre(p13) cre(q0) des(p10) des(p11) des(q1) 
    52   (  -0.25000) h1bb(q0,q1) a2bbbb(q10,q11,q12,q13) cre(q0) cre(q10) cre(q11) des(q1) des(q12) des(q13) 
    53   (  -0.25000) h1bb(q0,q10) a2bbbb(q10,q11,q12,q13) cre(q0) cre(q11) des(q12) des(q13) 
    54   (   0.25000) h1bb(q0,q11) a2bbbb(q10,q11,q12,q13) cre(q0) cre(q10) des(q12) des(q13) 
    55   (   0.25000) a2bbbb(q10,q11,q12,q13) h1bb(q0,q1) cre(q0) cre(q10) cre(q11) des(q1) des(q12) des(q13) 
    56   (  -0.25000) a2bbbb(q10,q11,q12,q0) h1bb(q0,q1) cre(q10) cre(q11) des(q1) des(q12) 
    57   (   0.25000) a2bbbb(q10,q11,q0,q13) h1bb(q0,q1) cre(q10) cre(q11) des(q1) des(q13) 
    58   (   0.25000) h1bb(q0,q1) a2bbbb(q10,q11,q12,q13) cre(q0) cre(q12) cre(q13) des(q1) des(q10) des(q11) 
    59   (   0.25000) h1bb(q0,q12) a2bbbb(q10,q11,q12,q13) cre(q0) cre(q13) des(q10) des(q11) 
    60   (  -0.25000) h1bb(q0,q13) a2bbbb(q10,q11,q12,q13) cre(q0) cre(q12) des(q10) des(q11) 
    61   (  -0.25000) a2bbbb(q10,q11,q12,q13) h1bb(q0,q1) cre(q0) cre(q12) cre(q13) des(q1) des(q10) des(q11) 
    62   (   0.25000) a2bbbb(q10,q0,q12,q13) h1bb(q0,q1) cre(q12) cre(q13) des(q1) des(q10) 
    63   (  -0.25000) a2bbbb(q0,q11,q12,q13) h1bb(q0,q1) cre(q12) cre(q13) des(q1) des(q11) 
    64   (  -1.00000) h1bb(q0,q1) a2baba(q14,p14,q15,p15) cre(p14) cre(q0) cre(q14) des(p15) des(q1) des(q15) 
    65   (  -1.00000) h1bb(q0,q14) a2baba(q14,p14,q15,p15) cre(p14) cre(q0) des(p15) des(q15) 
    66   (   1.00000) a2baba(q14,p14,q15,p15) h1bb(q0,q1) cre(p14) cre(q0) cre(q14) des(p15) des(q1) des(q15) 
    67   (   1.00000) a2baba(q14,p14,q0,p15) h1bb(q0,q1) cre(p14) cre(q14) des(p15) des(q1) 
    68   (   1.00000) h1bb(q0,q1) a2baba(q14,p14,q15,p15) cre(p15) cre(q0) cre(q15) des(p14) des(q1) des(q14) 
    69   (   1.00000) h1bb(q0,q15) a2baba(q14,p14,q15,p15) cre(p15) cre(q0) des(p14) des(q14) 
    70   (  -1.00000) a2baba(q14,p14,q15,p15) h1bb(q0,q1) cre(p15) cre(q0) cre(q15) des(p14) des(q1) des(q14) 
    71   (  -1.00000) a2baba(q0,p14,q15,p15) h1bb(q0,q1) cre(p15) cre(q15) des(p14) des(q1) 
    72   (  -0.25000) h2aaaa(p2,p3,p4,p5) a1aa(p8,p9) cre(p2) cre(p3) cre(p8) des(p4) des(p5) des(p9) 
    73   (  -0.25000) h2aaaa(p2,p3,p4,p8) a1aa(p8,p9) cre(p2) cre(p3) des(p4) des(p9) 
    74   (   0.25000) h2aaaa(p2,p3,p8,p5) a1aa(p8,p9) cre(p2) cre(p3) des(p5) des(p9) 
    75   (   0.25000) a1aa(p8,p9) h2aaaa(p2,p3,p4,p5) cre(p2) cre(p3) cre(p8) des(p4) des(p5) des(p9) 
    76   (  -0.25000) a1aa(p8,p2) h2aaaa(p2,p3,p4,p5) cre(p3) cre(p8) des(p4) des(p5) 
    77   (   0.25000) a1aa(p8,p3) h2aaaa(p2,p3,p4,p5) cre(p2) cre(p8) des(p4) des(p5) 
    78   (   0.25000) h2aaaa(p2,p3,p4,p5) a1aa(p8,p9) cre(p2) cre(p3) cre(p9) des(p4) des(p5) des(p8) 
    79   (   0.25000) h2aaaa(p2,p3,p4,p9) a1aa(p8,p9) cre(p2) cre(p3) des(p4) des(p8) 
    80   (  -0.25000) h2aaaa(p2,p3,p9,p5) a1aa(p8,p9) cre(p2) cre(p3) des(p5) des(p8) 
    81   (  -0.25000) a1aa(p8,p9) h2aaaa(p2,p3,p4,p5) cre(p2) cre(p3) cre(p9) des(p4) des(p5) des(p8) 
    82   (   0.25000) a1aa(p2,p9) h2aaaa(p2,p3,p4,p5) cre(p3) cre(p9) des(p4) des(p5) 
    83   (  -0.25000) a1aa(p3,p9) h2aaaa(p2,p3,p4,p5) cre(p2) cre(p9) des(p4) des(p5) 
    84   (  -0.25000) h2aaaa(p2,p3,p4,p5) a1bb(q8,q9) cre(p2) cre(p3) cre(q8) des(p4) des(p5) des(q9) 
    85   (   0.25000) a1bb(q8,q9) h2aaaa(p2,p3,p4,p5) cre(p2) cre(p3) cre(q8) des(p4) des(p5) des(q9) 
    86   (   0.25000) h2aaaa(p2,p3,p4,p5) a1bb(q8,q9) cre(p2) cre(p3) cre(q9) des(p4) des(p5) des(q8) 
    87   (  -0.25000) a1bb(q8,q9) h2aaaa(p2,p3,p4,p5) cre(p2) cre(p3) cre(q9) des(p4) des(p5) des(q8) 
    88   (   0.06250) h2aaaa(p2,p3,p4,p5) a2aaaa(p10,p11,p12,p13) cre(p10) cre(p11) cre(p2) cre(p3) des(p12) des(p13) des(p4) des(p5) 
    89   (  -0.06250) h2aaaa(p2,p3,p4,p10) a2aaaa(p10,p11,p12,p13) cre(p11) cre(p2) cre(p3) des(p12) des(p13) des(p4) 
    90   (   0.06250) h2aaaa(p2,p3,p4,p11) a2aaaa(p10,p11,p12,p13) cre(p10) cre(p2) cre(p3) des(p12) des(p13) des(p4) 
    91   (   0.06250) h2aaaa(p2,p3,p10,p5) a2aaaa(p10,p11,p12,p13) cre(p11) cre(p2) cre(p3) des(p12) des(p13) des(p5) 
    92   (  -0.06250) h2aaaa(p2,p3,p11,p5) a2aaaa(p10,p11,p12,p13) cre(p10) cre(p2) cre(p3) des(p12) des(p13) des(p5) 
    93   (   0.06250) h2aaaa(p2,p3,p11,p10) a2aaaa(p10,p11,p12,p13) cre(p2) cre(p3) des(p12) des(p13) 
    94   (  -0.06250) h2aaaa(p2,p3,p10,p11) a2aaaa(p10,p11,p12,p13) cre(p2) cre(p3) des(p12) des(p13) 
    95   (  -0.06250) a2aaaa(p10,p11,p12,p13) h2aaaa(p2,p3,p4,p5) cre(p10) cre(p11) cre(p2) cre(p3) des(p12) des(p13) des(p4) des(p5) 
    96   (   0.06250) a2aaaa(p10,p11,p12,p2) h2aaaa(p2,p3,p4,p5) cre(p10) cre(p11) cre(p3) des(p12) des(p4) des(p5) 
    97   (  -0.06250) a2aaaa(p10,p11,p12,p3) h2aaaa(p2,p3,p4,p5) cre(p10) cre(p11) cre(p2) des(p12) des(p4) des(p5) 
    98   (  -0.06250) a2aaaa(p10,p11,p2,p13) h2aaaa(p2,p3,p4,p5) cre(p10) cre(p11) cre(p3) des(p13) des(p4) des(p5) 
    99   (   0.06250) a2aaaa(p10,p11,p3,p13) h2aaaa(p2,p3,p4,p5) cre(p10) cre(p11) cre(p2) des(p13) des(p4) des(p5) 
   100   (  -0.06250) a2aaaa(p10,p11,p3,p2) h2aaaa(p2,p3,p4,p5) cre(p10) cre(p11) des(p4) des(p5) 
   101   (   0.06250) a2aaaa(p10,p11,p2,p3) h2aaaa(p2,p3,p4,p5) cre(p10) cre(p11) des(p4) des(p5) 
   102   (  -0.06250) h2aaaa(p2,p3,p4,p5) a2aaaa(p10,p11,p12,p13) cre(p12) cre(p13) cre(p2) cre(p3) des(p10) des(p11) des(p4) des(p5) 
   103   (   0.06250) h2aaaa(p2,p3,p4,p12) a2aaaa(p10,p11,p12,p13) cre(p13) cre(p2) cre(p3) des(p10) des(p11) des(p4) 
   104   (  -0.06250) h2aaaa(p2,p3,p4,p13) a2aaaa(p10,p11,p12,p13) cre(p12) cre(p2) cre(p3) des(p10) des(p11) des(p4) 
   105   (  -0.06250) h2aaaa(p2,p3,p12,p5) a2aaaa(p10,p11,p12,p13) cre(p13) cre(p2) cre(p3) des(p10) des(p11) des(p5) 
   106   (   0.06250) h2aaaa(p2,p3,p13,p5) a2aaaa(p10,p11,p12,p13) cre(p12) cre(p2) cre(p3) des(p10) des(p11) des(p5) 
   107   (  -0.06250) h2aaaa(p2,p3,p13,p12) a2aaaa(p10,p11,p12,p13) cre(p2) cre(p3) des(p10) des(p11) 
   108   (   0.06250) h2aaaa(p2,p3,p12,p13) a2aaaa(p10,p11,p12,p13) cre(p2) cre(p3) des(p10) des(p11) 
   109   (   0.06250) a2aaaa(p10,p11,p12,p13) h2aaaa(p2,p3,p4,p5) cre(p12) cre(p13) cre(p2) cre(p3) des(p10) des(p11) des(p4) des(p5) 
   110   (  -0.06250) a2aaaa(p10,p2,p12,p13) h2aaaa(p2,p3,p4,p5) cre(p12) cre(p13) cre(p3) des(p10) des(p4) des(p5) 
   111   (   0.06250) a2aaaa(p10,p3,p12,p13) h2aaaa(p2,p3,p4,p5) cre(p12) cre(p13) cre(p2) des(p10) des(p4) des(p5) 
   112   (   0.06250) a2aaaa(p2,p11,p12,p13) h2aaaa(p2,p3,p4,p5) cre(p12) cre(p13) cre(p3) des(p11) des(p4) des(p5) 
   113   (  -0.06250) a2aaaa(p3,p11,p12,p13) h2aaaa(p2,p3,p4,p5) cre(p12) cre(p13) cre(p2) des(p11) des(p4) des(p5) 
   114   (   0.06250) a2aaaa(p3,p2,p12,p13) h2aaaa(p2,p3,p4,p5) cre(p12) cre(p13) des(p4) des(p5) 
   115   (  -0.06250) a2aaaa(p2,p3,p12,p13) h2aaaa(p2,p3,p4,p5) cre(p12) cre(p13) des(p4) des(p5) 
   116   (   0.06250) h2aaaa(p2,p3,p4,p5) a2bbbb(q10,q11,q12,q13) cre(p2) cre(p3) cre(q10) cre(q11) des(p4) des(p5) des(q12) des(q13) 
   117   (  -0.06250) a2bbbb(q10,q11,q12,q13) h2aaaa(p2,p3,p4,p5) cre(p2) cre(p3) cre(q10) cre(q11) des(p4) des(p5) des(q12) des(q13) 
   118   (  -0.06250) h2aaaa(p2,p3,p4,p5) a2bbbb(q10,q11,q12,q13) cre(p2) cre(p3) cre(q12) cre(q13) des(p4) des(p5) des(q10) des(q11) 
   119   (   0.06250) a2bbbb(q10,q11,q12,q13) h2aaaa(p2,p3,p4,p5) cre(p2) cre(p3) cre(q12) cre(q13) des(p4) des(p5) des(q10) des(q11) 
   120   (   0.25000) h2aaaa(p2,p3,p4,p5) a2baba(q14,p14,q15,p15) cre(p14) cre(p2) cre(p3) cre(q14) des(p15) des(p4) des(p5) des(q15) 
   121   (   0.25000) h2aaaa(p2,p3,p4,p14) a2baba(q14,p14,q15,p15) cre(p2) cre(p3) cre(q14) des(p15) des(p4) des(q15) 
   122   (  -0.25000) h2aaaa(p2,p3,p14,p5) a2baba(q14,p14,q15,p15) cre(p2) cre(p3) cre(q14) des(p15) des(p5) des(q15) 
   123   (  -0.25000) a2baba(q14,p14,q15,p15) h2aaaa(p2,p3,p4,p5) cre(p14) cre(p2) cre(p3) cre(q14) des(p15) des(p4) des(p5) des(q15) 
   124   (   0.25000) a2baba(q14,p14,q15,p2) h2aaaa(p2,p3,p4,p5) cre(p14) cre(p3) cre(q14) des(p4) des(p5) des(q15) 
   125   (  -0.25000) a2baba(q14,p14,q15,p3) h2aaaa(p2,p3,p4,p5) cre(p14) cre(p2) cre(q14) des(p4) des(p5) des(q15) 
   126   (  -0.25000) h2aaaa(p2,p3,p4,p5) a2baba(q14,p14,q15,p15) cre(p15) cre(p2) cre(p3) cre(q15) des(p14) des(p4) des(p5) des(q14) 
   127   (  -0.25000) h2aaaa(p2,p3,p4,p15) a2baba(q14,p14,q15,p15) cre(p2) cre(p3) cre(q15) des(p14) des(p4) des(q14) 
   128   (   0.25000) h2aaaa(p2,p3,p15,p5) a2baba(q14,p14,q15,p15) cre(p2) cre(p3) cre(q15) des(p14) des(p5) des(q14) 
   129   (   0.25000) a2baba(q14,p14,q15,p15) h2aaaa(p2,p3,p4,p5) cre(p15) cre(p2) cre(p3) cre(q15) des(p14) des(p4) des(p5) des(q14) 
   130   (  -0.25000) a2baba(q14,p2,q15,p15) h2aaaa(p2,p3,p4,p5) cre(p15) cre(p3) cre(q15) des(p4) des(p5) des(q14) 
   131   (   0.25000) a2baba(q14,p3,q15,p15) h2aaaa(p2,p3,p4,p5) cre(p15) cre(p2) cre(q15) des(p4) des(p5) des(q14) 
   132   (  -0.25000) h2bbbb(q2,q3,q4,q5) a1aa(p8,p9) cre(p8) cre(q2) cre(q3) des(p9) des(q4) des(q5) 
   133   (   0.25000) a1aa(p8,p9) h2bbbb(q2,q3,q4,q5) cre(p8) cre(q2) cre(q3) des(p9) des(q4) des(q5) 
   134   (   0.25000) h2bbbb(q2,q3,q4,q5) a1aa(p8,p9) cre(p9) cre(q2) cre(q3) des(p8) des(q4) des(q5) 
   135   (  -0.25000) a1aa(p8,p9) h2bbbb(q2,q3,q4,q5) cre(p9) cre(q2) cre(q3) des(p8) des(q4) des(q5) 
   136   (  -0.25000) h2bbbb(q2,q3,q4,q5) a1bb(q8,q9) cre(q2) cre(q3) cre(q8) des(q4) des(q5) des(q9) 
   137   (  -0.25000) h2bbbb(q2,q3,q4,q8) a1bb(q8,q9) cre(q2) cre(q3) des(q4) des(q9) 
   138   (   0.25000) h2bbbb(q2,q3,q8,q5) a1bb(q8,q9) cre(q2) cre(q3) des(q5) des(q9) 
   139   (   0.25000) a1bb(q8,q9) h2bbbb(q2,q3,q4,q5) cre(q2) cre(q3) cre(q8) des(q4) des(q5) des(q9) 
   140   (  -0.25000) a1bb(q8,q2) h2bbbb(q2,q3,q4,q5) cre(q3) cre(q8) des(q4) des(q5) 
   141   (   0.25000) a1bb(q8,q3) h2bbbb(q2,q3,q4,q5) cre(q2) cre(q8) des(q4) des(q5) 
   142   (   0.25000) h2bbbb(q2,q3,q4,q5) a1bb(q8,q9) cre(q2) cre(q3) cre(q9) des(q4) des(q5) des(q8) 
   143   (   0.25000) h2bbbb(q2,q3,q4,q9) a1bb(q8,q9) cre(q2) cre(q3) des(q4) des(q8) 
   144   (  -0.25000) h2bbbb(q2,q3,q9,q5) a1bb(q8,q9) cre(q2) cre(q3) des(q5) des(q8) 
   145   (  -0.25000) a1bb(q8,q9) h2bbbb(q2,q3,q4,q5) cre(q2) cre(q3) cre(q9) des(q4) des(q5) des(q8) 
   146   (   0.25000) a1bb(q2,q9) h2bbbb(q2,q3,q4,q5) cre(q3) cre(q9) des(q4) des(q5) 
   147   (  -0.25000) a1bb(q3,q9) h2bbbb(q2,q3,q4,q5) cre(q2) cre(q9) des(q4) des(q5) 
   148   (   0.06250) h2bbbb(q2,q3,q4,q5) a2aaaa(p10,p11,p12,p13) cre(p10) cre(p11) cre(q2) cre(q3) des(p12) des(p13) des(q4) des(q5) 
   149   (  -0.06250) a2aaaa(p10,p11,p12,p13) h2bbbb(q2,q3,q4,q5) cre(p10) cre(p11) cre(q2) cre(q3) des(p12) des(p13) des(q4) des(q5) 
   150   (  -0.06250) h2bbbb(q2,q3,q4,q5) a2aaaa(p10,p11,p12,p13) cre(p12) cre(p13) cre(q2) cre(q3) des(p10) des(p11) des(q4) des(q5) 
   151   (   0.06250) a2aaaa(p10,p11,p12,p13) h2bbbb(q2,q3,q4,q5) cre(p12) cre(p13) cre(q2) cre(q3) des(p10) des(p11) des(q4) des(q5) 
   152   (   0.06250) h2bbbb(q2,q3,q4,q5) a2bbbb(q10,q11,q12,q13) cre(q10) cre(q11) cre(q2) cre(q3) des(q12) des(q13) des(q4) des(q5) 
   153   (  -0.06250) h2bbbb(q2,q3,q4,q10) a2bbbb(q10,q11,q12,q13) cre(q11) cre(q2) cre(q3) des(q12) des(q13) des(q4) 
   154   (   0.06250) h2bbbb(q2,q3,q4,q11) a2bbbb(q10,q11,q12,q13) cre(q10) cre(q2) cre(q3) des(q12) des(q13) des(q4) 
   155   (   0.06250) h2bbbb(q2,q3,q10,q5) a2bbbb(q10,q11,q12,q13) cre(q11) cre(q2) cre(q3) des(q12) des(q13) des(q5) 
   156   (  -0.06250) h2bbbb(q2,q3,q11,q5) a2bbbb(q10,q11,q12,q13) cre(q10) cre(q2) cre(q3) des(q12) des(q13) des(q5) 
   157   (   0.06250) h2bbbb(q2,q3,q11,q10) a2bbbb(q10,q11,q12,q13) cre(q2) cre(q3) des(q12) des(q13) 
   158   (  -0.06250) h2bbbb(q2,q3,q10,q11) a2bbbb(q10,q11,q12,q13) cre(q2) cre(q3) des(q12) des(q13) 
   159   (  -0.06250) a2bbbb(q10,q11,q12,q13) h2bbbb(q2,q3,q4,q5) cre(q10) cre(q11) cre(q2) cre(q3) des(q12) des(q13) des(q4) des(q5) 
   160   (   0.06250) a2bbbb(q10,q11,q12,q2) h2bbbb(q2,q3,q4,q5) cre(q10) cre(q11) cre(q3) des(q12) des(q4) des(q5) 
   161   (  -0.06250) a2bbbb(q10,q11,q12,q3) h2bbbb(q2,q3,q4,q5) cre(q10) cre(q11) cre(q2) des(q12) des(q4) des(q5) 
   162   (  -0.06250) a2bbbb(q10,q11,q2,q13) h2bbbb(q2,q3,q4,q5) cre(q10) cre(q11) cre(q3) des(q13) des(q4) des(q5) 
   163   (   0.06250) a2bbbb(q10,q11,q3,q13) h2bbbb(q2,q3,q4,q5) cre(q10) cre(q11) cre(q2) des(q13) des(q4) des(q5) 
   164   (  -0.06250) a2bbbb(q10,q11,q3,q2) h2bbbb(q2,q3,q4,q5) cre(q10) cre(q11) des(q4) des(q5) 
   165   (   0.06250) a2bbbb(q10,q11,q2,q3) h2bbbb(q2,q3,q4,q5) cre(q10) cre(q11) des(q4) des(q5) 
   166   (  -0.06250) h2bbbb(q2,q3,q4,q5) a2bbbb(q10,q11,q12,q13) cre(q12) cre(q13) cre(q2) cre(q3) des(q10) des(q11) des(q4) des(q5) 
   167   (   0.06250) h2bbbb(q2,q3,q4,q12) a2bbbb(q10,q11,q12,q13) cre(q13) cre(q2) cre(q3) des(q10) des(q11) des(q4) 
   168   (  -0.06250) h2bbbb(q2,q3,q4,q13) a2bbbb(q10,q11,q12,q13) cre(q12) cre(q2) cre(q3) des(q10) des(q11) des(q4) 
   169   (  -0.06250) h2bbbb(q2,q3,q12,q5) a2bbbb(q10,q11,q12,q13) cre(q13) cre(q2) cre(q3) des(q10) des(q11) des(q5) 
   170   (   0.06250) h2bbbb(q2,q3,q13,q5) a2bbbb(q10,q11,q12,q13) cre(q12) cre(q2) cre(q3) des(q10) des(q11) des(q5) 
   171   (  -0.06250) h2bbbb(q2,q3,q13,q12) a2bbbb(q10,q11,q12,q13) cre(q2) cre(q3) des(q10) des(q11) 
   172   (   0.06250) h2bbbb(q2,q3,q12,q13) a2bbbb(q10,q11,q12,q13) cre(q2) cre(q3) des(q10) des(q11) 
   173   (   0.06250) a2bbbb(q10,q11,q12,q13) h2bbbb(q2,q3,q4,q5) cre(q12) cre(q13) cre(q2) cre(q3) des(q10) des(q11) des(q4) des(q5) 
   174   (  -0.06250) a2bbbb(q10,q2,q12,q13) h2bbbb(q2,q3,q4,q5) cre(q12) cre(q13) cre(q3) des(q10) des(q4) des(q5) 
   175   (   0.06250) a2bbbb(q10,q3,q12,q13) h2bbbb(q2,q3,q4,q5) cre(q12) cre(q13) cre(q2) des(q10) des(q4) des(q5) 
   176   (   0.06250) a2bbbb(q2,q11,q12,q13) h2bbbb(q2,q3,q4,q5) cre(q12) cre(q13) cre(q3) des(q11) des(q4) des(q5) 
   177   (  -0.06250) a2bbbb(q3,q11,q12,q13) h2bbbb(q2,q3,q4,q5) cre(q12) cre(q13) cre(q2) des(q11) des(q4) des(q5) 
   178   (   0.06250) a2bbbb(q3,q2,q12,q13) h2bbbb(q2,q3,q4,q5) cre(q12) cre(q13) des(q4) des(q5) 
   179   (  -0.06250) a2bbbb(q2,q3,q12,q13) h2bbbb(q2,q3,q4,q5) cre(q12) cre(q13) des(q4) des(q5) 
   180   (   0.25000) h2bbbb(q2,q3,q4,q5) a2baba(q14,p14,q15,p15) cre(p14) cre(q14) cre(q2) cre(q3) des(p15) des(q15) des(q4) des(q5) 
   181   (   0.25000) h2bbbb(q2,q3,q4,q14) a2baba(q14,p14,q15,p15) cre(p14) cre(q2) cre(q3) des(p15) des(q15) des(q4) 
   182   (  -0.25000) h2bbbb(q2,q3,q14,q5) a2baba(q14,p14,q15,p15) cre(p14) cre(q2) cre(q3) des(p15) des(q15) des(q5) 
   183   (  -0.25000) a2baba(q14,p14,q15,p15) h2bbbb(q2,q3,q4,q5) cre(p14) cre(q14) cre(q2) cre(q3) des(p15) des(q15) des(q4) des(q5) 
   184   (   0.25000) a2baba(q14,p14,q2,p15) h2bbbb(q2,q3,q4,q5) cre(p14) cre(q14) cre(q3) des(p15) des(q4) des(q5) 
   185   (  -0.25000) a2baba(q14,p14,q3,p15) h2bbbb(q2,q3,q4,q5) cre(p14) cre(q14) cre(q2) des(p15) des(q4) des(q5) 
   186   (  -0.25000) h2bbbb(q2,q3,q4,q5) a2baba(q14,p14,q15,p15) cre(p15) cre(q15) cre(q2) cre(q3) des(p14) des(q14) des(q4) des(q5) 
   187   (  -0.25000) h2bbbb(q2,q3,q4,q15) a2baba(q14,p14,q15,p15) cre(p15) cre(q2) cre(q3) des(p14) des(q14) des(q4) 
   188   (   0.25000) h2bbbb(q2,q3,q15,q5) a2baba(q14,p14,q15,p15) cre(p15) cre(q2) cre(q3) des(p14) des(q14) des(q5) 
   189   (   0.25000) a2baba(q14,p14,q15,p15) h2bbbb(q2,q3,q4,q5) cre(p15) cre(q15) cre(q2) cre(q3) des(p14) des(q14) des(q4) des(q5) 
   190   (  -0.25000) a2baba(q2,p14,q15,p15) h2bbbb(q2,q3,q4,q5) cre(p15) cre(q15) cre(q3) des(p14) des(q4) des(q5) 
   191   (   0.25000) a2baba(q3,p14,q15,p15) h2bbbb(q2,q3,q4,q5) cre(p15) cre(q15) cre(q2) des(p14) des(q4) des(q5) 
   192   (  -1.00000) h2baba(q6,p6,q7,p7) a1aa(p8,p9) cre(p6) cre(p8) cre(q6) des(p7) des(p9) des(q7) 
   193   (  -1.00000) h2baba(q6,p6,q7,p8) a1aa(p8,p9) cre(p6) cre(q6) des(p9) des(q7) 
   194   (   1.00000) a1aa(p8,p9) h2baba(q6,p6,q7,p7) cre(p6) cre(p8) cre(q6) des(p7) des(p9) des(q7) 
   195   (   1.00000) a1aa(p8,p6) h2baba(q6,p6,q7,p7) cre(p8) cre(q6) des(p7) des(q7) 
   196   (   1.00000) h2baba(q6,p6,q7,p7) a1aa(p8,p9) cre(p6) cre(p9) cre(q6) des(p7) des(p8) des(q7) 
   197   (   1.00000) h2baba(q6,p6,q7,p9) a1aa(p8,p9) cre(p6) cre(q6) des(p8) des(q7) 
   198   (  -1.00000) a1aa(p8,p9) h2baba(q6,p6,q7,p7) cre(p6) cre(p9) cre(q6) des(p7) des(p8) des(q7) 
   199   (  -1.00000) a1aa(p6,p9) h2baba(q6,p6,q7,p7) cre(p9) cre(q6) des(p7) des(q7) 
   200   (  -1.00000) h2baba(q6,p6,q7,p7) a1bb(q8,q9) cre(p6) cre(q6) cre(q8) des(p7) des(q7) des(q9) 
   201   (  -1.00000) h2baba(q6,p6,q8,p7) a1bb(q8,q9) cre(p6) cre(q6) des(p7) des(q9) 
   202   (   1.00000) a1bb(q8,q9) h2baba(q6,p6,q7,p7) cre(p6) cre(q6) cre(q8) des(p7) des(q7) des(q9) 
   203   (   1.00000) a1bb(q8,q6) h2baba(q6,p6,q7,p7) cre(p6) cre(q8) des(p7) des(q7) 
   204   (   1.00000) h2baba(q6,p6,q7,p7) a1bb(q8,q9) cre(p6) cre(q6) cre(q9) des(p7) des(q7) des(q8) 
   205   (   1.00000) h2baba(q6,p6,q9,p7) a1bb(q8,q9) cre(p6) cre(q6) des(p7) des(q8) 
   206   (  -1.00000) a1bb(q8,q9) h2baba(q6,p6,q7,p7) cre(p6) cre(q6) cre(q9) des(p7) des(q7) des(q8) 
   207   (  -1.00000) a1bb(q6,q9) h2baba(q6,p6,q7,p7) cre(p6) cre(q9) des(p7) des(q7) 
   208   (   0.25000) h2baba(q6,p6,q7,p7) a2aaaa(p10,p11,p12,p13) cre(p10) cre(p11) cre(p6) cre(q6) des(p12) des(p13) des(p7) des(q7) 
   209   (   0.25000) h2baba(q6,p6,q7,p10) a2aaaa(p10,p11,p12,p13) cre(p11) cre(p6) cre(q6) des(p12) des(p13) des(q7) 
   210   (  -0.25000) h2baba(q6,p6,q7,p11) a2aaaa(p10,p11,p12,p13) cre(p10) cre(p6) cre(q6) des(p12) des(p13) des(q7) 
   211   (  -0.25000) a2aaaa(p10,p11,p12,p13) h2baba(q6,p6,q7,p7) cre(p10) cre(p11) cre(p6) cre(q6) des(p12) des(p13) des(p7) des(q7) 
   212   (   0.25000) a2aaaa(p10,p11,p12,p6) h2baba(q6,p6,q7,p7) cre(p10) cre(p11) cre(q6) des(p12) des(p7) des(q7) 
   213   (  -0.25000) a2aaaa(p10,p11,p6,p13) h2baba(q6,p6,q7,p7) cre(p10) cre(p11) cre(q6) des(p13) des(p7) des(q7) 
   214   (  -0.25000) h2baba(q6,p6,q7,p7) a2aaaa(p10,p11,p12,p13) cre(p12) cre(p13) cre(p6) cre(q6) des(p10) des(p11) des(p7) des(q7) 
   215   (  -0.25000) h2baba(q6,p6,q7,p12) a2aaaa(p10,p11,p12,p13) cre(p13) cre(p6) cre(q6) des(p10) des(p11) des(q7) 
   216   (   0.25000) h2baba(q6,p6,q7,p13) a2aaaa(p10,p11,p12,p13) cre(p12) cre(p6) cre(q6) des(p10) des(p11) des(q7) 
   217   (   0.25000) a2aaaa(p10,p11,p12,p13) h2baba(q6,p6,q7,p7) cre(p12) cre(p13) cre(p6) cre(q6) des(p10) des(p11) des(p7) des(q7) 
   218   (  -0.25000) a2aaaa(p10,p6,p12,p13) h2baba(q6,p6,q7,p7) cre(p12) cre(p13) cre(q6) des(p10) des(p7) des(q7) 
   219   (   0.25000) a2aaaa(p6,p11,p12,p13) h2baba(q6,p6,q7,p7) cre(p12) cre(p13) cre(q6) des(p11) des(p7) des(q7) 
   220   (   0.25000) h2baba(q6,p6,q7,p7) a2bbbb(q10,q11,q12,q13) cre(p6) cre(q10) cre(q11) cre(q6) des(p7) des(q12) des(q13) des(q7) 
   221   (   0.25000) h2baba(q6,p6,q10,p7) a2bbbb(q10,q11,q12,q13) cre(p6) cre(q11) cre(q6) des(p7) des(q12) des(q13) 
   222   (  -0.25000) h2baba(q6,p6,q11,p7) a2bbbb(q10,q11,q12,q13) cre(p6) cre(q10) cre(q6) des(p7) des(q12) des(q13) 
   223   (  -0.25000) a2bbbb(q10,q11,q12,q13) h2baba(q6,p6,q7,p7) cre(p6) cre(q10) cre(q11) cre(q6) des(p7) des(q12) des(q13) des(q7) 
   224   (   0.25000) a2bbbb(q10,q11,q12,q6) h2baba(q6,p6,q7,p7) cre(p6) cre(q10) cre(q11) des(p7) des(q12) des(q7) 
   225   (  -0.25000) a2bbbb(q10,q11,q6,q13) h2baba(q6,p6,q7,p7) cre(p6) cre(q10) cre(q11) des(p7) des(q13) des(q7) 
   226   (  -0.25000) h2baba(q6,p6,q7,p7) a2bbbb(q10,q11,q12,q13) cre(p6) cre(q12) cre(q13) cre(q6) des(p7) des(q10) des(q11) des(q7) 
   227   (  -0.25000) h2baba(q6,p6,q12,p7) a2bbbb(q10,q11,q12,q13) cre(p6) cre(q13) cre(q6) des(p7) des(q10) des(q11) 
   228   (   0.25000) h2baba(q6,p6,q13,p7) a2bbbb(q10,q11,q12,q13) cre(p6) cre(q12) cre(q6) des(p7) des(q10) des(q11) 
   229   (   0.25000) a2bbbb(q10,q11,q12,q13) h2baba(q6,p6,q7,p7) cre(p6) cre(q12) cre(q13) cre(q6) des(p7) des(q10) des(q11) des(q7) 
   230   (  -0.25000) a2bbbb(q10,q6,q12,q13) h2baba(q6,p6,q7,p7) cre(p6) cre(q12) cre(q13) des(p7) des(q10) des(q7) 
   231   (   0.25000) a2bbbb(q6,q11,q12,q13) h2baba(q6,p6,q7,p7) cre(p6) cre(q12) cre(q13) des(p7) des(q11) des(q7) 
   232   (   1.00000) h2baba(q6,p6,q7,p7) a2baba(q14,p14,q15,p15) cre(p14) cre(p6) cre(q14) cre(q6) des(p15) des(p7) des(q15) des(q7) 
   233   (  -1.00000) h2baba(q6,p6,q7,p14) a2baba(q14,p14,q15,p15) cre(p6) cre(q14) cre(q6) des(p15) des(q15) des(q7) 
   234   (  -1.00000) h2baba(q6,p6,q14,p7) a2baba(q14,p14,q15,p15) cre(p14) cre(p6) cre(q6) des(p15) des(p7) des(q15) 
   235   (  -1.00000) h2baba(q6,p6,q14,p14) a2baba(q14,p14,q15,p15) cre(p6) cre(q6) des(p15) des(q15) 
   236   (  -1.00000) a2baba(q14,p14,q15,p15) h2baba(q6,p6,q7,p7) cre(p14) cre(p6) cre(q14) cre(q6) des(p15) des(p7) des(q15) des(q7) 
   237   (   1.00000) a2baba(q14,p14,q15,p6) h2baba(q6,p6,q7,p7) cre(p14) cre(q14) cre(q6) des(p7) des(q15) des(q7) 
   238   (   1.00000) a2baba(q14,p14,q6,p15) h2baba(q6,p6,q7,p7) cre(p14) cre(p6) cre(q14) des(p15) des(p7) des(q7) 
   239   (   1.00000) a2baba(q14,p14,q6,p6) h2baba(q6,p6,q7,p7) cre(p14) cre(q14) des(p7) des(q7) 
   240   (  -1.00000) h2baba(q6,p6,q7,p7) a2baba(q14,p14,q15,p15) cre(p15) cre(p6) cre(q15) cre(q6) des(p14) des(p7) des(q14) des(q7) 
   241   (   1.00000) h2baba(q6,p6,q7,p15) a2baba(q14,p14,q15,p15) cre(p6) cre(q15) cre(q6) des(p14) des(q14) des(q7) 
   242   (   1.00000) h2baba(q6,p6,q15,p7) a2baba(q14,p14,q15,p15) cre(p15) cre(p6) cre(q6) des(p14) des(p7) des(q14) 
   243   (   1.00000) h2baba(q6,p6,q15,p15) a2baba(q14,p14,q15,p15) cre(p6) cre(q6) des(p14) des(q14) 
   244   (   1.00000) a2baba(q14,p14,q15,p15) h2baba(q6,p6,q7,p7) cre(p15) cre(p6) cre(q15) cre(q6) des(p14) des(p7) des(q14) des(q7) 
   245   (  -1.00000) a2baba(q14,p6,q15,p15) h2baba(q6,p6,q7,p7) cre(p15) cre(q15) cre(q6) des(p7) des(q14) des(q7) 
   246   (  -1.00000) a2baba(q6,p14,q15,p15) h2baba(q6,p6,q7,p7) cre(p15) cre(p6) cre(q15) des(p14) des(p7) des(q7) 
   247   (  -1.00000) a2baba(q6,p6,q15,p15) h2baba(q6,p6,q7,p7) cre(p15) cre(q15) des(p7) des(q7) 
Finished combining terms in 7.416 seconds

commutator complete at 7.877


Checking for transpose equivalencies and combining...
0  (   1.00000) a1aa(a,b) h1aa(a,c) cre(b) des(c) 
1  (   2.00000) a1aa(a,b) h1aa(a,c) cre(c) des(b) 
2  (  -1.00000) a1aa(a,b) h1aa(b,c) cre(a) des(c) 
3  (  -2.00000) a1aa(a,b) h1aa(b,c) cre(c) des(a) 
4  (   1.00000) a1bb(a,b) h1bb(a,c) cre(b) des(c) 
5  (   2.00000) a1bb(a,b) h1bb(a,c) cre(c) des(b) 
6  (  -1.00000) a1bb(a,b) h1bb(b,c) cre(a) des(c) 
7  (  -2.00000) a1bb(a,b) h1bb(b,c) cre(c) des(a) 
8  (  -0.50000) a1aa(a,b) h2aaaa(a,c,d,e) cre(b) cre(c) des(d) des(e) 
9  (  -1.00000) a1aa(a,b) h2aaaa(a,c,d,e) cre(d) cre(e) des(b) des(c) 
10  (   0.50000) a1aa(a,b) h2aaaa(b,c,d,e) cre(a) cre(c) des(d) des(e) 
11  (   1.00000) a1aa(a,b) h2aaaa(b,c,d,e) cre(d) cre(e) des(a) des(c) 
12  (   1.00000) a1aa(a,b) h2baba(c,a,d,e) cre(b) cre(c) des(d) des(e) 
13  (   2.00000) a1aa(a,b) h2baba(c,a,d,e) cre(d) cre(e) des(b) des(c) 
14  (  -1.00000) a1aa(a,b) h2baba(c,b,d,e) cre(a) cre(c) des(d) des(e) 
15  (  -2.00000) a1aa(a,b) h2baba(c,b,d,e) cre(d) cre(e) des(a) des(c) 
16  (  -1.00000) a1bb(a,b) h2baba(a,c,d,e) cre(b) cre(c) des(d) des(e) 
17  (  -2.00000) a1bb(a,b) h2baba(a,c,d,e) cre(d) cre(e) des(b) des(c) 
18  (   1.00000) a1bb(a,b) h2baba(b,c,d,e) cre(a) cre(c) des(d) des(e) 
19  (   2.00000) a1bb(a,b) h2baba(b,c,d,e) cre(d) cre(e) des(a) des(c) 
20  (  -0.50000) a1bb(a,b) h2bbbb(a,c,d,e) cre(b) cre(c) des(d) des(e) 
21  (  -1.00000) a1bb(a,b) h2bbbb(a,c,d,e) cre(d) cre(e) des(b) des(c) 
22  (   0.50000) a1bb(a,b) h2bbbb(b,c,d,e) cre(a) cre(c) des(d) des(e) 
23  (   1.00000) a1bb(a,b) h2bbbb(b,c,d,e) cre(d) cre(e) des(a) des(c) 
24  (   0.50000) a2aaaa(a,b,c,d) h1aa(a,e) cre(b) cre(e) des(c) des(d) 
25  (   1.00000) a2aaaa(a,b,c,d) h1aa(a,e) cre(c) cre(d) des(b) des(e) 
26  (  -0.50000) a2aaaa(a,b,c,d) h1aa(c,e) cre(a) cre(b) des(d) des(e) 
27  (  -1.00000) a2aaaa(a,b,c,d) h1aa(c,e) cre(d) cre(e) des(a) des(b) 
28  (  -0.12500) a2aaaa(a,b,c,d) h2aaaa(a,b,e,f) cre(c) cre(d) des(e) des(f) 
29  (  -0.25000) a2aaaa(a,b,c,d) h2aaaa(a,b,e,f) cre(e) cre(f) des(c) des(d) 
30  (   0.12500) a2aaaa(a,b,c,d) h2aaaa(c,d,e,f) cre(a) cre(b) des(e) des(f) 
31  (   0.25000) a2aaaa(a,b,c,d) h2aaaa(c,d,e,f) cre(e) cre(f) des(a) des(b) 
32  (  -1.00000) a2baba(a,b,c,d) h1aa(b,e) cre(a) cre(e) des(c) des(d) 
33  (  -2.00000) a2baba(a,b,c,d) h1aa(b,e) cre(c) cre(d) des(a) des(e) 
34  (   1.00000) a2baba(a,b,c,d) h1aa(d,e) cre(a) cre(b) des(c) des(e) 
35  (   2.00000) a2baba(a,b,c,d) h1aa(d,e) cre(c) cre(e) des(a) des(b) 
36  (   1.00000) a2baba(a,b,c,d) h1bb(a,e) cre(b) cre(e) des(c) des(d) 
37  (   2.00000) a2baba(a,b,c,d) h1bb(a,e) cre(c) cre(d) des(b) des(e) 
38  (  -1.00000) a2baba(a,b,c,d) h1bb(c,e) cre(a) cre(b) des(d) des(e) 
39  (  -2.00000) a2baba(a,b,c,d) h1bb(c,e) cre(d) cre(e) des(a) des(b) 
40  (  -1.00000) a2baba(a,b,c,d) h2baba(a,b,e,f) cre(c) cre(d) des(e) des(f) 
41  (  -2.00000) a2baba(a,b,c,d) h2baba(a,b,e,f) cre(e) cre(f) des(c) des(d) 
42  (   1.00000) a2baba(a,b,c,d) h2baba(c,d,e,f) cre(a) cre(b) des(e) des(f) 
43  (   2.00000) a2baba(a,b,c,d) h2baba(c,d,e,f) cre(e) cre(f) des(a) des(b) 
44  (   0.50000) a2bbbb(a,b,c,d) h1bb(a,e) cre(b) cre(e) des(c) des(d) 
45  (   1.00000) a2bbbb(a,b,c,d) h1bb(a,e) cre(c) cre(d) des(b) des(e) 
46  (  -0.50000) a2bbbb(a,b,c,d) h1bb(c,e) cre(a) cre(b) des(d) des(e) 
47  (  -1.00000) a2bbbb(a,b,c,d) h1bb(c,e) cre(d) cre(e) des(a) des(b) 
48  (  -0.12500) a2bbbb(a,b,c,d) h2bbbb(a,b,e,f) cre(c) cre(d) des(e) des(f) 
49  (  -0.25000) a2bbbb(a,b,c,d) h2bbbb(a,b,e,f) cre(e) cre(f) des(c) des(d) 
50  (   0.12500) a2bbbb(a,b,c,d) h2bbbb(c,d,e,f) cre(a) cre(b) des(e) des(f) 
51  (   0.25000) a2bbbb(a,b,c,d) h2bbbb(c,d,e,f) cre(e) cre(f) des(a) des(b) 
52  (   0.25000) a2aaaa(a,b,c,d) h2aaaa(a,e,f,g) cre(b) cre(f) cre(g) des(c) des(d) des(e) 
53  (   0.50000) a2aaaa(a,b,c,d) h2aaaa(a,e,f,g) cre(c) cre(d) cre(e) des(b) des(f) des(g) 
54  (  -0.25000) a2aaaa(a,b,c,d) h2aaaa(c,e,f,g) cre(a) cre(b) cre(e) des(d) des(f) des(g) 
55  (  -0.50000) a2aaaa(a,b,c,d) h2aaaa(c,e,f,g) cre(d) cre(f) cre(g) des(a) des(b) des(e) 
56  (  -0.50000) a2aaaa(a,b,c,d) h2baba(e,a,f,g) cre(b) cre(f) cre(g) des(c) des(d) des(e) 
57  (  -1.00000) a2aaaa(a,b,c,d) h2baba(e,a,f,g) cre(c) cre(d) cre(e) des(b) des(f) des(g) 
58  (   0.50000) a2aaaa(a,b,c,d) h2baba(e,c,f,g) cre(a) cre(b) cre(e) des(d) des(f) des(g) 
59  (   1.00000) a2aaaa(a,b,c,d) h2baba(e,c,f,g) cre(d) cre(f) cre(g) des(a) des(b) des(e) 
60  (  -0.50000) a2baba(a,b,c,d) h2aaaa(b,e,f,g) cre(a) cre(f) cre(g) des(c) des(d) des(e) 
61  (  -1.00000) a2baba(a,b,c,d) h2aaaa(b,e,f,g) cre(c) cre(d) cre(e) des(a) des(f) des(g) 
62  (   0.50000) a2baba(a,b,c,d) h2aaaa(d,e,f,g) cre(a) cre(b) cre(e) des(c) des(f) des(g) 
63  (   1.00000) a2baba(a,b,c,d) h2aaaa(d,e,f,g) cre(c) cre(f) cre(g) des(a) des(b) des(e) 
64  (   1.00000) a2baba(a,b,c,d) h2baba(a,e,f,g) cre(b) cre(f) cre(g) des(c) des(d) des(e) 
65  (   2.00000) a2baba(a,b,c,d) h2baba(a,e,f,g) cre(c) cre(d) cre(e) des(b) des(f) des(g) 
66  (  -1.00000) a2baba(a,b,c,d) h2baba(c,e,f,g) cre(a) cre(b) cre(e) des(d) des(f) des(g) 
67  (  -2.00000) a2baba(a,b,c,d) h2baba(c,e,f,g) cre(d) cre(f) cre(g) des(a) des(b) des(e) 
68  (   1.00000) a2baba(a,b,c,d) h2baba(e,b,f,g) cre(a) cre(f) cre(g) des(c) des(d) des(e) 
69  (   2.00000) a2baba(a,b,c,d) h2baba(e,b,f,g) cre(c) cre(d) cre(e) des(a) des(f) des(g) 
70  (  -1.00000) a2baba(a,b,c,d) h2baba(e,d,f,g) cre(a) cre(b) cre(e) des(c) des(f) des(g) 
71  (  -2.00000) a2baba(a,b,c,d) h2baba(e,d,f,g) cre(c) cre(f) cre(g) des(a) des(b) des(e) 
72  (   0.50000) a2baba(a,b,c,d) h2bbbb(a,e,f,g) cre(b) cre(f) cre(g) des(c) des(d) des(e) 
73  (   1.00000) a2baba(a,b,c,d) h2bbbb(a,e,f,g) cre(c) cre(d) cre(e) des(b) des(f) des(g) 
74  (  -0.50000) a2baba(a,b,c,d) h2bbbb(c,e,f,g) cre(a) cre(b) cre(e) des(d) des(f) des(g) 
75  (  -1.00000) a2baba(a,b,c,d) h2bbbb(c,e,f,g) cre(d) cre(f) cre(g) des(a) des(b) des(e) 
76  (   0.50000) a2bbbb(a,b,c,d) h2baba(a,e,f,g) cre(b) cre(f) cre(g) des(c) des(d) des(e) 
77  (   1.00000) a2bbbb(a,b,c,d) h2baba(a,e,f,g) cre(c) cre(d) cre(e) des(b) des(f) des(g) 
78  (  -0.50000) a2bbbb(a,b,c,d) h2baba(c,e,f,g) cre(a) cre(b) cre(e) des(d) des(f) des(g) 
79  (  -1.00000) a2bbbb(a,b,c,d) h2baba(c,e,f,g) cre(d) cre(f) cre(g) des(a) des(b) des(e) 
80  (   0.25000) a2bbbb(a,b,c,d) h2bbbb(a,e,f,g) cre(b) cre(f) cre(g) des(c) des(d) des(e) 
81  (   0.50000) a2bbbb(a,b,c,d) h2bbbb(a,e,f,g) cre(c) cre(d) cre(e) des(b) des(f) des(g) 
82  (  -0.25000) a2bbbb(a,b,c,d) h2bbbb(c,e,f,g) cre(a) cre(b) cre(e) des(d) des(f) des(g) 
83  (  -0.50000) a2bbbb(a,b,c,d) h2bbbb(c,e,f,g) cre(d) cre(f) cre(g) des(a) des(b) des(e) 
Transpose combination complete in 1.733 seconds

transpose combination complete at 9.610

decomposed 16 3-body operators
decomposition complete at 12.272


Combining like terms:
Converting 506 terms to canonical form...
     0   (   2.00000) a1aa(a,b) h1aa(a,c) cre(c) des(b) 
     1   (  -2.00000) a1aa(a,b) h1aa(b,c) cre(c) des(a) 
     2   (   2.00000) a1bb(a,b) h1bb(a,c) cre(c) des(b) 
     3   (  -2.00000) a1bb(a,b) h1bb(b,c) cre(c) des(a) 
     4   (  -1.00000) a1aa(a,b) h2aaaa(a,c,d,e) cre(d) cre(e) des(b) des(c) 
     5   (   1.00000) a1aa(a,b) h2aaaa(b,c,d,e) cre(d) cre(e) des(a) des(c) 
     6   (   2.00000) a1aa(a,b) h2baba(c,a,d,e) cre(d) cre(e) des(b) des(c) 
     7   (  -2.00000) a1aa(a,b) h2baba(c,b,d,e) cre(d) cre(e) des(a) des(c) 
     8   (  -2.00000) a1bb(a,b) h2baba(a,c,d,e) cre(d) cre(e) des(b) des(c) 
     9   (   2.00000) a1bb(a,b) h2baba(b,c,d,e) cre(d) cre(e) des(a) des(c) 
    10   (  -1.00000) a1bb(a,b) h2bbbb(a,c,d,e) cre(d) cre(e) des(b) des(c) 
    11   (   1.00000) a1bb(a,b) h2bbbb(b,c,d,e) cre(d) cre(e) des(a) des(c) 
    12   (   1.00000) a2aaaa(a,b,c,d) h1aa(a,e) cre(c) cre(d) des(b) des(e) 
    13   (  -1.00000) a2aaaa(a,b,c,d) h1aa(c,e) cre(d) cre(e) des(a) des(b) 
    14   (  -0.25000) a2aaaa(a,b,c,d) h2aaaa(a,b,e,f) cre(e) cre(f) des(c) des(d) 
    15   (   0.25000) a2aaaa(a,b,c,d) h2aaaa(c,d,e,f) cre(e) cre(f) des(a) des(b) 
    16   (  -2.00000) a2baba(a,b,c,d) h1aa(b,e) cre(c) cre(d) des(a) des(e) 
    17   (   2.00000) a2baba(a,b,c,d) h1aa(d,e) cre(c) cre(e) des(a) des(b) 
    18   (   2.00000) a2baba(a,b,c,d) h1bb(a,e) cre(c) cre(d) des(b) des(e) 
    19   (  -2.00000) a2baba(a,b,c,d) h1bb(c,e) cre(d) cre(e) des(a) des(b) 
    20   (  -2.00000) a2baba(a,b,c,d) h2baba(a,b,e,f) cre(e) cre(f) des(c) des(d) 
    21   (   2.00000) a2baba(a,b,c,d) h2baba(c,d,e,f) cre(e) cre(f) des(a) des(b) 
    22   (   1.00000) a2bbbb(a,b,c,d) h1bb(a,e) cre(c) cre(d) des(b) des(e) 
    23   (  -1.00000) a2bbbb(a,b,c,d) h1bb(c,e) cre(d) cre(e) des(a) des(b) 
    24   (  -0.25000) a2bbbb(a,b,c,d) h2bbbb(a,b,e,f) cre(e) cre(f) des(c) des(d) 
    25   (   0.25000) a2bbbb(a,b,c,d) h2bbbb(c,d,e,f) cre(e) cre(f) des(a) des(b) 
    26   (   0.50000) a2aaaa(a,b,c,d) h2aaaa(a,e,f,g) d1aa(b,c) d2aaaa(d,e,f,g) 
    27   (  -0.50000) a2aaaa(a,b,c,d) h2aaaa(a,e,f,g) d1aa(b,d) d2aaaa(c,e,f,g) 
    28   (   0.50000) a2aaaa(a,b,c,d) h2aaaa(a,e,f,g) d1aa(b,e) d2aaaa(c,d,f,g) 
    29   (  -0.50000) a2aaaa(a,b,c,d) h2aaaa(a,e,f,g) d1aa(c,f) d2aaaa(b,g,d,e) 
    30   (   0.50000) a2aaaa(a,b,c,d) h2aaaa(a,e,f,g) d1aa(c,g) d2aaaa(b,f,d,e) 
    31   (   0.50000) a2aaaa(a,b,c,d) h2aaaa(a,e,f,g) d1aa(d,f) d2aaaa(b,g,c,e) 
    32   (  -0.50000) a2aaaa(a,b,c,d) h2aaaa(a,e,f,g) d1aa(d,g) d2aaaa(b,f,c,e) 
    33   (  -0.50000) a2aaaa(a,b,c,d) h2aaaa(a,e,f,g) d1aa(e,f) d2aaaa(b,g,c,d) 
    34   (   0.50000) a2aaaa(a,b,c,d) h2aaaa(a,e,f,g) d1aa(e,g) d2aaaa(b,f,c,d) 
    35   (  -2.00000) a2aaaa(a,b,c,d) h2aaaa(a,e,f,g) d1aa(b,c) d1aa(d,f) d1aa(e,g) 
    36   (   2.00000) a2aaaa(a,b,c,d) h2aaaa(a,e,f,g) d1aa(b,c) d1aa(d,g) d1aa(e,f) 
    37   (   2.00000) a2aaaa(a,b,c,d) h2aaaa(a,e,f,g) d1aa(b,d) d1aa(c,f) d1aa(e,g) 
    38   (  -2.00000) a2aaaa(a,b,c,d) h2aaaa(a,e,f,g) d1aa(b,d) d1aa(c,g) d1aa(e,f) 
    39   (  -2.00000) a2aaaa(a,b,c,d) h2aaaa(a,e,f,g) d1aa(b,e) d1aa(c,f) d1aa(d,g) 
    40   (   2.00000) a2aaaa(a,b,c,d) h2aaaa(a,e,f,g) d1aa(b,e) d1aa(c,g) d1aa(d,f) 
    41   (  -0.50000) a2aaaa(a,b,c,d) h2aaaa(a,e,f,g) d2aaaa(b,f,c,d) cre(e) des(g) 
    42   (   0.50000) a2aaaa(a,b,c,d) h2aaaa(a,e,f,g) d2aaaa(b,f,c,e) cre(d) des(g) 
    43   (  -0.50000) a2aaaa(a,b,c,d) h2aaaa(a,e,f,g) d2aaaa(b,f,d,e) cre(c) des(g) 
    44   (   0.50000) a2aaaa(a,b,c,d) h2aaaa(a,e,f,g) d2aaaa(b,g,c,d) cre(e) des(f) 
    45   (  -0.50000) a2aaaa(a,b,c,d) h2aaaa(a,e,f,g) d2aaaa(b,g,c,e) cre(d) des(f) 
    46   (   0.50000) a2aaaa(a,b,c,d) h2aaaa(a,e,f,g) d2aaaa(b,g,d,e) cre(c) des(f) 
    47   (  -0.50000) a2aaaa(a,b,c,d) h2aaaa(a,e,f,g) d2aaaa(c,d,f,g) cre(e) des(b) 
    48   (   0.50000) a2aaaa(a,b,c,d) h2aaaa(a,e,f,g) d2aaaa(c,e,f,g) cre(d) des(b) 
    49   (  -0.50000) a2aaaa(a,b,c,d) h2aaaa(a,e,f,g) d2aaaa(d,e,f,g) cre(c) des(b) 
    50   (   1.00000) a2aaaa(a,b,c,d) h2aaaa(a,e,f,g) d1aa(b,c) d1aa(d,f) cre(e) des(g) 
    51   (  -1.00000) a2aaaa(a,b,c,d) h2aaaa(a,e,f,g) d1aa(b,c) d1aa(d,g) cre(e) des(f) 
    52   (  -1.00000) a2aaaa(a,b,c,d) h2aaaa(a,e,f,g) d1aa(b,c) d1aa(e,f) cre(d) des(g) 
    53   (   1.00000) a2aaaa(a,b,c,d) h2aaaa(a,e,f,g) d1aa(b,c) d1aa(e,g) cre(d) des(f) 
    54   (  -1.00000) a2aaaa(a,b,c,d) h2aaaa(a,e,f,g) d1aa(b,d) d1aa(c,f) cre(e) des(g) 
    55   (   1.00000) a2aaaa(a,b,c,d) h2aaaa(a,e,f,g) d1aa(b,d) d1aa(c,g) cre(e) des(f) 
    56   (   1.00000) a2aaaa(a,b,c,d) h2aaaa(a,e,f,g) d1aa(b,d) d1aa(e,f) cre(c) des(g) 
    57   (  -1.00000) a2aaaa(a,b,c,d) h2aaaa(a,e,f,g) d1aa(b,d) d1aa(e,g) cre(c) des(f) 
    58   (   1.00000) a2aaaa(a,b,c,d) h2aaaa(a,e,f,g) d1aa(b,e) d1aa(c,f) cre(d) des(g) 
    59   (  -1.00000) a2aaaa(a,b,c,d) h2aaaa(a,e,f,g) d1aa(b,e) d1aa(c,g) cre(d) des(f) 
    60   (  -1.00000) a2aaaa(a,b,c,d) h2aaaa(a,e,f,g) d1aa(b,e) d1aa(d,f) cre(c) des(g) 
    61   (   1.00000) a2aaaa(a,b,c,d) h2aaaa(a,e,f,g) d1aa(b,e) d1aa(d,g) cre(c) des(f) 
    62   (   1.00000) a2aaaa(a,b,c,d) h2aaaa(a,e,f,g) d1aa(c,f) d1aa(d,g) cre(e) des(b) 
    63   (  -1.00000) a2aaaa(a,b,c,d) h2aaaa(a,e,f,g) d1aa(c,f) d1aa(e,g) cre(d) des(b) 
    64   (  -1.00000) a2aaaa(a,b,c,d) h2aaaa(a,e,f,g) d1aa(c,g) d1aa(d,f) cre(e) des(b) 
    65   (   1.00000) a2aaaa(a,b,c,d) h2aaaa(a,e,f,g) d1aa(c,g) d1aa(e,f) cre(d) des(b) 
    66   (   1.00000) a2aaaa(a,b,c,d) h2aaaa(a,e,f,g) d1aa(d,f) d1aa(e,g) cre(c) des(b) 
    67   (  -1.00000) a2aaaa(a,b,c,d) h2aaaa(a,e,f,g) d1aa(d,g) d1aa(e,f) cre(c) des(b) 
    68   (  -0.50000) a2aaaa(a,b,c,d) h2aaaa(a,e,f,g) d1aa(b,c) cre(d) cre(e) des(g) des(f) 
    69   (  -0.50000) a2aaaa(a,b,c,d) h2aaaa(a,e,f,g) d1aa(b,d) cre(c) cre(e) des(f) des(g) 
    70   (   0.50000) a2aaaa(a,b,c,d) h2aaaa(a,e,f,g) d1aa(b,e) cre(c) cre(d) des(f) des(g) 
    71   (  -0.50000) a2aaaa(a,b,c,d) h2aaaa(a,e,f,g) d1aa(c,f) cre(d) cre(e) des(b) des(g) 
    72   (   0.50000) a2aaaa(a,b,c,d) h2aaaa(a,e,f,g) d1aa(c,g) cre(d) cre(e) des(b) des(f) 
    73   (   0.50000) a2aaaa(a,b,c,d) h2aaaa(a,e,f,g) d1aa(d,f) cre(c) cre(e) des(b) des(g) 
    74   (  -0.50000) a2aaaa(a,b,c,d) h2aaaa(a,e,f,g) d1aa(d,g) cre(c) cre(e) des(b) des(f) 
    75   (  -0.50000) a2aaaa(a,b,c,d) h2aaaa(a,e,f,g) d1aa(e,f) cre(c) cre(d) des(b) des(g) 
    76   (  -0.50000) a2aaaa(a,b,c,d) h2aaaa(a,e,f,g) d1aa(e,g) cre(c) cre(d) des(f) des(b) 
    77   (  -0.50000) a2aaaa(a,b,c,d) h2aaaa(c,e,f,g) d1aa(a,d) d2aaaa(b,e,f,g) 
    78   (   0.50000) a2aaaa(a,b,c,d) h2aaaa(c,e,f,g) d1aa(a,f) d2aaaa(b,e,d,g) 
    79   (  -0.50000) a2aaaa(a,b,c,d) h2aaaa(c,e,f,g) d1aa(a,g) d2aaaa(b,e,d,f) 
    80   (   0.50000) a2aaaa(a,b,c,d) h2aaaa(c,e,f,g) d1aa(b,d) d2aaaa(a,e,f,g) 
    81   (  -0.50000) a2aaaa(a,b,c,d) h2aaaa(c,e,f,g) d1aa(b,f) d2aaaa(a,e,d,g) 
    82   (   0.50000) a2aaaa(a,b,c,d) h2aaaa(c,e,f,g) d1aa(b,g) d2aaaa(a,e,d,f) 
    83   (  -0.50000) a2aaaa(a,b,c,d) h2aaaa(c,e,f,g) d1aa(d,e) d2aaaa(a,b,f,g) 
    84   (   0.50000) a2aaaa(a,b,c,d) h2aaaa(c,e,f,g) d1aa(e,f) d2aaaa(a,b,d,g) 
    85   (  -0.50000) a2aaaa(a,b,c,d) h2aaaa(c,e,f,g) d1aa(e,g) d2aaaa(a,b,d,f) 
    86   (   2.00000) a2aaaa(a,b,c,d) h2aaaa(c,e,f,g) d1aa(a,d) d1aa(b,f) d1aa(e,g) 
    87   (  -2.00000) a2aaaa(a,b,c,d) h2aaaa(c,e,f,g) d1aa(a,d) d1aa(b,g) d1aa(e,f) 
    88   (  -2.00000) a2aaaa(a,b,c,d) h2aaaa(c,e,f,g) d1aa(a,f) d1aa(b,d) d1aa(e,g) 
    89   (   2.00000) a2aaaa(a,b,c,d) h2aaaa(c,e,f,g) d1aa(a,f) d1aa(b,g) d1aa(d,e) 
    90   (   2.00000) a2aaaa(a,b,c,d) h2aaaa(c,e,f,g) d1aa(a,g) d1aa(b,d) d1aa(e,f) 
    91   (  -2.00000) a2aaaa(a,b,c,d) h2aaaa(c,e,f,g) d1aa(a,g) d1aa(b,f) d1aa(d,e) 
    92   (   0.50000) a2aaaa(a,b,c,d) h2aaaa(c,e,f,g) d2aaaa(a,b,d,f) cre(g) des(e) 
    93   (  -0.50000) a2aaaa(a,b,c,d) h2aaaa(c,e,f,g) d2aaaa(a,b,d,g) cre(f) des(e) 
    94   (   0.50000) a2aaaa(a,b,c,d) h2aaaa(c,e,f,g) d2aaaa(a,b,f,g) cre(d) des(e) 
    95   (  -0.50000) a2aaaa(a,b,c,d) h2aaaa(c,e,f,g) d2aaaa(a,e,d,f) cre(g) des(b) 
    96   (   0.50000) a2aaaa(a,b,c,d) h2aaaa(c,e,f,g) d2aaaa(a,e,d,g) cre(f) des(b) 
    97   (  -0.50000) a2aaaa(a,b,c,d) h2aaaa(c,e,f,g) d2aaaa(a,e,f,g) cre(d) des(b) 
    98   (   0.50000) a2aaaa(a,b,c,d) h2aaaa(c,e,f,g) d2aaaa(b,e,d,f) cre(g) des(a) 
    99   (  -0.50000) a2aaaa(a,b,c,d) h2aaaa(c,e,f,g) d2aaaa(b,e,d,g) cre(f) des(a) 
   100   (   0.50000) a2aaaa(a,b,c,d) h2aaaa(c,e,f,g) d2aaaa(b,e,f,g) cre(d) des(a) 
   101   (  -1.00000) a2aaaa(a,b,c,d) h2aaaa(c,e,f,g) d1aa(a,d) d1aa(b,f) cre(g) des(e) 
   102   (   1.00000) a2aaaa(a,b,c,d) h2aaaa(c,e,f,g) d1aa(a,d) d1aa(b,g) cre(f) des(e) 
   103   (   1.00000) a2aaaa(a,b,c,d) h2aaaa(c,e,f,g) d1aa(a,d) d1aa(e,f) cre(g) des(b) 
   104   (  -1.00000) a2aaaa(a,b,c,d) h2aaaa(c,e,f,g) d1aa(a,d) d1aa(e,g) cre(f) des(b) 
   105   (   1.00000) a2aaaa(a,b,c,d) h2aaaa(c,e,f,g) d1aa(a,f) d1aa(b,d) cre(g) des(e) 
   106   (  -1.00000) a2aaaa(a,b,c,d) h2aaaa(c,e,f,g) d1aa(a,f) d1aa(b,g) cre(d) des(e) 
   107   (  -1.00000) a2aaaa(a,b,c,d) h2aaaa(c,e,f,g) d1aa(a,f) d1aa(d,e) cre(g) des(b) 
   108   (   1.00000) a2aaaa(a,b,c,d) h2aaaa(c,e,f,g) d1aa(a,f) d1aa(e,g) cre(d) des(b) 
   109   (  -1.00000) a2aaaa(a,b,c,d) h2aaaa(c,e,f,g) d1aa(a,g) d1aa(b,d) cre(f) des(e) 
   110   (   1.00000) a2aaaa(a,b,c,d) h2aaaa(c,e,f,g) d1aa(a,g) d1aa(b,f) cre(d) des(e) 
   111   (   1.00000) a2aaaa(a,b,c,d) h2aaaa(c,e,f,g) d1aa(a,g) d1aa(d,e) cre(f) des(b) 
   112   (  -1.00000) a2aaaa(a,b,c,d) h2aaaa(c,e,f,g) d1aa(a,g) d1aa(e,f) cre(d) des(b) 
   113   (  -1.00000) a2aaaa(a,b,c,d) h2aaaa(c,e,f,g) d1aa(b,d) d1aa(e,f) cre(g) des(a) 
   114   (   1.00000) a2aaaa(a,b,c,d) h2aaaa(c,e,f,g) d1aa(b,d) d1aa(e,g) cre(f) des(a) 
   115   (   1.00000) a2aaaa(a,b,c,d) h2aaaa(c,e,f,g) d1aa(b,f) d1aa(d,e) cre(g) des(a) 
   116   (  -1.00000) a2aaaa(a,b,c,d) h2aaaa(c,e,f,g) d1aa(b,f) d1aa(e,g) cre(d) des(a) 
   117   (  -1.00000) a2aaaa(a,b,c,d) h2aaaa(c,e,f,g) d1aa(b,g) d1aa(d,e) cre(f) des(a) 
   118   (   1.00000) a2aaaa(a,b,c,d) h2aaaa(c,e,f,g) d1aa(b,g) d1aa(e,f) cre(d) des(a) 
   119   (   0.50000) a2aaaa(a,b,c,d) h2aaaa(c,e,f,g) d1aa(a,d) cre(f) cre(g) des(e) des(b) 
   120   (   0.50000) a2aaaa(a,b,c,d) h2aaaa(c,e,f,g) d1aa(a,f) cre(d) cre(g) des(b) des(e) 
   121   (  -0.50000) a2aaaa(a,b,c,d) h2aaaa(c,e,f,g) d1aa(a,g) cre(d) cre(f) des(b) des(e) 
   122   (   0.50000) a2aaaa(a,b,c,d) h2aaaa(c,e,f,g) d1aa(b,d) cre(f) cre(g) des(a) des(e) 
   123   (  -0.50000) a2aaaa(a,b,c,d) h2aaaa(c,e,f,g) d1aa(b,f) cre(d) cre(g) des(a) des(e) 
   124   (   0.50000) a2aaaa(a,b,c,d) h2aaaa(c,e,f,g) d1aa(b,g) cre(d) cre(f) des(a) des(e) 
   125   (  -0.50000) a2aaaa(a,b,c,d) h2aaaa(c,e,f,g) d1aa(d,e) cre(f) cre(g) des(a) des(b) 
   126   (   0.50000) a2aaaa(a,b,c,d) h2aaaa(c,e,f,g) d1aa(e,f) cre(d) cre(g) des(a) des(b) 
   127   (   0.50000) a2aaaa(a,b,c,d) h2aaaa(c,e,f,g) d1aa(e,g) cre(d) cre(f) des(b) des(a) 
   128   (   1.00000) a2aaaa(a,b,c,d) h2baba(e,a,f,g) d1aa(b,c) d2baba(e,d,f,g) 
   129   (  -1.00000) a2aaaa(a,b,c,d) h2baba(e,a,f,g) d1aa(b,d) d2baba(e,c,f,g) 
   130   (  -1.00000) a2aaaa(a,b,c,d) h2baba(e,a,f,g) d1aa(c,g) d2baba(e,d,f,b) 
   131   (   1.00000) a2aaaa(a,b,c,d) h2baba(e,a,f,g) d1aa(d,g) d2baba(e,c,f,b) 
   132   (   1.00000) a2aaaa(a,b,c,d) h2baba(e,a,f,g) d1bb(e,f) d2aaaa(b,g,c,d) 
   133   (  -4.00000) a2aaaa(a,b,c,d) h2baba(e,a,f,g) d1aa(b,c) d1aa(d,g) d1bb(e,f) 
   134   (   4.00000) a2aaaa(a,b,c,d) h2baba(e,a,f,g) d1aa(b,d) d1aa(c,g) d1bb(e,f) 
   135   (  -1.00000) a2aaaa(a,b,c,d) h2baba(e,a,f,g) d2aaaa(b,g,c,d) cre(e) des(f) 
   136   (  -1.00000) a2aaaa(a,b,c,d) h2baba(e,a,f,g) d2baba(e,c,f,b) cre(d) des(g) 
   137   (   1.00000) a2aaaa(a,b,c,d) h2baba(e,a,f,g) d2baba(e,c,f,g) cre(d) des(b) 
   138   (   1.00000) a2aaaa(a,b,c,d) h2baba(e,a,f,g) d2baba(e,d,f,b) cre(c) des(g) 
   139   (  -1.00000) a2aaaa(a,b,c,d) h2baba(e,a,f,g) d2baba(e,d,f,g) cre(c) des(b) 
   140   (   2.00000) a2aaaa(a,b,c,d) h2baba(e,a,f,g) d1aa(b,c) d1aa(d,g) cre(e) des(f) 
   141   (  -2.00000) a2aaaa(a,b,c,d) h2baba(e,a,f,g) d1aa(b,d) d1aa(c,g) cre(e) des(f) 
   142   (   2.00000) a2aaaa(a,b,c,d) h2baba(e,a,f,g) d1aa(b,c) d1bb(e,f) cre(d) des(g) 
   143   (  -2.00000) a2aaaa(a,b,c,d) h2baba(e,a,f,g) d1aa(b,d) d1bb(e,f) cre(c) des(g) 
   144   (  -2.00000) a2aaaa(a,b,c,d) h2baba(e,a,f,g) d1aa(c,g) d1bb(e,f) cre(d) des(b) 
   145   (   2.00000) a2aaaa(a,b,c,d) h2baba(e,a,f,g) d1aa(d,g) d1bb(e,f) cre(c) des(b) 
   146   (   1.00000) a2aaaa(a,b,c,d) h2baba(e,a,f,g) d1aa(b,c) cre(d) cre(e) des(g) des(f) 
   147   (   1.00000) a2aaaa(a,b,c,d) h2baba(e,a,f,g) d1aa(b,d) cre(c) cre(e) des(f) des(g) 
   148   (  -1.00000) a2aaaa(a,b,c,d) h2baba(e,a,f,g) d1aa(c,g) cre(d) cre(e) des(b) des(f) 
   149   (   1.00000) a2aaaa(a,b,c,d) h2baba(e,a,f,g) d1aa(d,g) cre(c) cre(e) des(b) des(f) 
   150   (   1.00000) a2aaaa(a,b,c,d) h2baba(e,a,f,g) d1bb(e,f) cre(c) cre(d) des(b) des(g) 
   151   (  -1.00000) a2aaaa(a,b,c,d) h2baba(e,c,f,g) d1aa(a,d) d2baba(e,b,f,g) 
   152   (   1.00000) a2aaaa(a,b,c,d) h2baba(e,c,f,g) d1aa(a,g) d2baba(e,b,f,d) 
   153   (   1.00000) a2aaaa(a,b,c,d) h2baba(e,c,f,g) d1aa(b,d) d2baba(e,a,f,g) 
   154   (  -1.00000) a2aaaa(a,b,c,d) h2baba(e,c,f,g) d1aa(b,g) d2baba(e,a,f,d) 
   155   (  -1.00000) a2aaaa(a,b,c,d) h2baba(e,c,f,g) d1bb(e,f) d2aaaa(a,b,d,g) 
   156   (   4.00000) a2aaaa(a,b,c,d) h2baba(e,c,f,g) d1aa(a,d) d1aa(b,g) d1bb(e,f) 
   157   (  -4.00000) a2aaaa(a,b,c,d) h2baba(e,c,f,g) d1aa(a,g) d1aa(b,d) d1bb(e,f) 
   158   (   1.00000) a2aaaa(a,b,c,d) h2baba(e,c,f,g) d2aaaa(a,b,d,g) cre(f) des(e) 
   159   (   1.00000) a2aaaa(a,b,c,d) h2baba(e,c,f,g) d2baba(e,a,f,d) cre(g) des(b) 
   160   (  -1.00000) a2aaaa(a,b,c,d) h2baba(e,c,f,g) d2baba(e,a,f,g) cre(d) des(b) 
   161   (  -1.00000) a2aaaa(a,b,c,d) h2baba(e,c,f,g) d2baba(e,b,f,d) cre(g) des(a) 
   162   (   1.00000) a2aaaa(a,b,c,d) h2baba(e,c,f,g) d2baba(e,b,f,g) cre(d) des(a) 
   163   (  -2.00000) a2aaaa(a,b,c,d) h2baba(e,c,f,g) d1aa(a,d) d1aa(b,g) cre(f) des(e) 
   164   (   2.00000) a2aaaa(a,b,c,d) h2baba(e,c,f,g) d1aa(a,g) d1aa(b,d) cre(f) des(e) 
   165   (  -2.00000) a2aaaa(a,b,c,d) h2baba(e,c,f,g) d1aa(a,d) d1bb(e,f) cre(g) des(b) 
   166   (   2.00000) a2aaaa(a,b,c,d) h2baba(e,c,f,g) d1aa(a,g) d1bb(e,f) cre(d) des(b) 
   167   (   2.00000) a2aaaa(a,b,c,d) h2baba(e,c,f,g) d1aa(b,d) d1bb(e,f) cre(g) des(a) 
   168   (  -2.00000) a2aaaa(a,b,c,d) h2baba(e,c,f,g) d1aa(b,g) d1bb(e,f) cre(d) des(a) 
   169   (  -1.00000) a2aaaa(a,b,c,d) h2baba(e,c,f,g) d1aa(a,d) cre(f) cre(g) des(e) des(b) 
   170   (   1.00000) a2aaaa(a,b,c,d) h2baba(e,c,f,g) d1aa(a,g) cre(d) cre(f) des(b) des(e) 
   171   (  -1.00000) a2aaaa(a,b,c,d) h2baba(e,c,f,g) d1aa(b,d) cre(f) cre(g) des(a) des(e) 
   172   (  -1.00000) a2aaaa(a,b,c,d) h2baba(e,c,f,g) d1aa(b,g) cre(d) cre(f) des(a) des(e) 
   173   (  -1.00000) a2aaaa(a,b,c,d) h2baba(e,c,f,g) d1bb(e,f) cre(d) cre(g) des(a) des(b) 
   174   (  -1.00000) a2baba(a,b,c,d) h2aaaa(b,e,f,g) d1aa(d,f) d2baba(a,g,c,e) 
   175   (   1.00000) a2baba(a,b,c,d) h2aaaa(b,e,f,g) d1aa(d,g) d2baba(a,f,c,e) 
   176   (   1.00000) a2baba(a,b,c,d) h2aaaa(b,e,f,g) d1aa(e,f) d2baba(a,g,c,d) 
   177   (  -1.00000) a2baba(a,b,c,d) h2aaaa(b,e,f,g) d1aa(e,g) d2baba(a,f,c,d) 
   178   (  -1.00000) a2baba(a,b,c,d) h2aaaa(b,e,f,g) d1bb(a,c) d2aaaa(d,e,f,g) 
   179   (   4.00000) a2baba(a,b,c,d) h2aaaa(b,e,f,g) d1aa(d,f) d1aa(e,g) d1bb(a,c) 
   180   (  -4.00000) a2baba(a,b,c,d) h2aaaa(b,e,f,g) d1aa(d,g) d1aa(e,f) d1bb(a,c) 
   181   (   1.00000) a2baba(a,b,c,d) h2aaaa(b,e,f,g) d2aaaa(d,e,f,g) cre(c) des(a) 
   182   (   1.00000) a2baba(a,b,c,d) h2aaaa(b,e,f,g) d2baba(a,f,c,d) cre(e) des(g) 
   183   (  -1.00000) a2baba(a,b,c,d) h2aaaa(b,e,f,g) d2baba(a,f,c,e) cre(d) des(g) 
   184   (  -1.00000) a2baba(a,b,c,d) h2aaaa(b,e,f,g) d2baba(a,g,c,d) cre(e) des(f) 
   185   (   1.00000) a2baba(a,b,c,d) h2aaaa(b,e,f,g) d2baba(a,g,c,e) cre(d) des(f) 
   186   (  -2.00000) a2baba(a,b,c,d) h2aaaa(b,e,f,g) d1aa(d,f) d1aa(e,g) cre(c) des(a) 
   187   (   2.00000) a2baba(a,b,c,d) h2aaaa(b,e,f,g) d1aa(d,g) d1aa(e,f) cre(c) des(a) 
   188   (  -2.00000) a2baba(a,b,c,d) h2aaaa(b,e,f,g) d1aa(d,f) d1bb(a,c) cre(e) des(g) 
   189   (   2.00000) a2baba(a,b,c,d) h2aaaa(b,e,f,g) d1aa(d,g) d1bb(a,c) cre(e) des(f) 
   190   (   2.00000) a2baba(a,b,c,d) h2aaaa(b,e,f,g) d1aa(e,f) d1bb(a,c) cre(d) des(g) 
   191   (  -2.00000) a2baba(a,b,c,d) h2aaaa(b,e,f,g) d1aa(e,g) d1bb(a,c) cre(d) des(f) 
   192   (  -1.00000) a2baba(a,b,c,d) h2aaaa(b,e,f,g) d1aa(d,f) cre(c) cre(e) des(a) des(g) 
   193   (   1.00000) a2baba(a,b,c,d) h2aaaa(b,e,f,g) d1aa(d,g) cre(c) cre(e) des(a) des(f) 
   194   (   1.00000) a2baba(a,b,c,d) h2aaaa(b,e,f,g) d1aa(e,f) cre(c) cre(d) des(a) des(g) 
   195   (   1.00000) a2baba(a,b,c,d) h2aaaa(b,e,f,g) d1aa(e,g) cre(c) cre(d) des(f) des(a) 
   196   (   1.00000) a2baba(a,b,c,d) h2aaaa(b,e,f,g) d1bb(a,c) cre(d) cre(e) des(g) des(f) 
   197   (   1.00000) a2baba(a,b,c,d) h2aaaa(d,e,f,g) d1aa(b,f) d2baba(a,e,c,g) 
   198   (  -1.00000) a2baba(a,b,c,d) h2aaaa(d,e,f,g) d1aa(b,g) d2baba(a,e,c,f) 
   199   (  -1.00000) a2baba(a,b,c,d) h2aaaa(d,e,f,g) d1aa(e,f) d2baba(a,b,c,g) 
   200   (   1.00000) a2baba(a,b,c,d) h2aaaa(d,e,f,g) d1aa(e,g) d2baba(a,b,c,f) 
   201   (   1.00000) a2baba(a,b,c,d) h2aaaa(d,e,f,g) d1bb(a,c) d2aaaa(b,e,f,g) 
   202   (  -4.00000) a2baba(a,b,c,d) h2aaaa(d,e,f,g) d1aa(b,f) d1aa(e,g) d1bb(a,c) 
   203   (   4.00000) a2baba(a,b,c,d) h2aaaa(d,e,f,g) d1aa(b,g) d1aa(e,f) d1bb(a,c) 
   204   (  -1.00000) a2baba(a,b,c,d) h2aaaa(d,e,f,g) d2aaaa(b,e,f,g) cre(c) des(a) 
   205   (  -1.00000) a2baba(a,b,c,d) h2aaaa(d,e,f,g) d2baba(a,b,c,f) cre(g) des(e) 
   206   (   1.00000) a2baba(a,b,c,d) h2aaaa(d,e,f,g) d2baba(a,b,c,g) cre(f) des(e) 
   207   (   1.00000) a2baba(a,b,c,d) h2aaaa(d,e,f,g) d2baba(a,e,c,f) cre(g) des(b) 
   208   (  -1.00000) a2baba(a,b,c,d) h2aaaa(d,e,f,g) d2baba(a,e,c,g) cre(f) des(b) 
   209   (   2.00000) a2baba(a,b,c,d) h2aaaa(d,e,f,g) d1aa(b,f) d1aa(e,g) cre(c) des(a) 
   210   (  -2.00000) a2baba(a,b,c,d) h2aaaa(d,e,f,g) d1aa(b,g) d1aa(e,f) cre(c) des(a) 
   211   (   2.00000) a2baba(a,b,c,d) h2aaaa(d,e,f,g) d1aa(b,f) d1bb(a,c) cre(g) des(e) 
   212   (  -2.00000) a2baba(a,b,c,d) h2aaaa(d,e,f,g) d1aa(b,g) d1bb(a,c) cre(f) des(e) 
   213   (  -2.00000) a2baba(a,b,c,d) h2aaaa(d,e,f,g) d1aa(e,f) d1bb(a,c) cre(g) des(b) 
   214   (   2.00000) a2baba(a,b,c,d) h2aaaa(d,e,f,g) d1aa(e,g) d1bb(a,c) cre(f) des(b) 
   215   (   1.00000) a2baba(a,b,c,d) h2aaaa(d,e,f,g) d1aa(b,f) cre(c) cre(g) des(a) des(e) 
   216   (  -1.00000) a2baba(a,b,c,d) h2aaaa(d,e,f,g) d1aa(b,g) cre(c) cre(f) des(a) des(e) 
   217   (  -1.00000) a2baba(a,b,c,d) h2aaaa(d,e,f,g) d1aa(e,f) cre(c) cre(g) des(a) des(b) 
   218   (  -1.00000) a2baba(a,b,c,d) h2aaaa(d,e,f,g) d1aa(e,g) cre(c) cre(f) des(b) des(a) 
   219   (  -1.00000) a2baba(a,b,c,d) h2aaaa(d,e,f,g) d1bb(a,c) cre(f) cre(g) des(e) des(b) 
   220   (  -2.00000) a2baba(a,b,c,d) h2baba(a,e,f,g) d1aa(b,d) d2baba(c,e,f,g) 
   221   (   2.00000) a2baba(a,b,c,d) h2baba(a,e,f,g) d1aa(b,e) d2baba(c,d,f,g) 
   222   (   2.00000) a2baba(a,b,c,d) h2baba(a,e,f,g) d1aa(d,g) d2baba(c,e,f,b) 
   223   (  -2.00000) a2baba(a,b,c,d) h2baba(a,e,f,g) d1aa(e,g) d2baba(c,d,f,b) 
   224   (  -2.00000) a2baba(a,b,c,d) h2baba(a,e,f,g) d1bb(c,f) d2aaaa(b,g,d,e) 
   225   (   8.00000) a2baba(a,b,c,d) h2baba(a,e,f,g) d1aa(b,d) d1aa(e,g) d1bb(c,f) 
   226   (  -8.00000) a2baba(a,b,c,d) h2baba(a,e,f,g) d1aa(b,e) d1aa(d,g) d1bb(c,f) 
   227   (   2.00000) a2baba(a,b,c,d) h2baba(a,e,f,g) d2aaaa(b,g,d,e) cre(c) des(f) 
   228   (   2.00000) a2baba(a,b,c,d) h2baba(a,e,f,g) d2baba(c,d,f,b) cre(e) des(g) 
   229   (  -2.00000) a2baba(a,b,c,d) h2baba(a,e,f,g) d2baba(c,d,f,g) cre(e) des(b) 
   230   (  -2.00000) a2baba(a,b,c,d) h2baba(a,e,f,g) d2baba(c,e,f,b) cre(d) des(g) 
   231   (   2.00000) a2baba(a,b,c,d) h2baba(a,e,f,g) d2baba(c,e,f,g) cre(d) des(b) 
   232   (  -4.00000) a2baba(a,b,c,d) h2baba(a,e,f,g) d1aa(b,d) d1aa(e,g) cre(c) des(f) 
   233   (   4.00000) a2baba(a,b,c,d) h2baba(a,e,f,g) d1aa(b,e) d1aa(d,g) cre(c) des(f) 
   234   (  -4.00000) a2baba(a,b,c,d) h2baba(a,e,f,g) d1aa(b,d) d1bb(c,f) cre(e) des(g) 
   235   (   4.00000) a2baba(a,b,c,d) h2baba(a,e,f,g) d1aa(b,e) d1bb(c,f) cre(d) des(g) 
   236   (   4.00000) a2baba(a,b,c,d) h2baba(a,e,f,g) d1aa(d,g) d1bb(c,f) cre(e) des(b) 
   237   (  -4.00000) a2baba(a,b,c,d) h2baba(a,e,f,g) d1aa(e,g) d1bb(c,f) cre(d) des(b) 
   238   (  -2.00000) a2baba(a,b,c,d) h2baba(a,e,f,g) d1aa(b,d) cre(c) cre(e) des(f) des(g) 
   239   (   2.00000) a2baba(a,b,c,d) h2baba(a,e,f,g) d1aa(b,e) cre(c) cre(d) des(f) des(g) 
   240   (  -2.00000) a2baba(a,b,c,d) h2baba(a,e,f,g) d1aa(d,g) cre(c) cre(e) des(b) des(f) 
   241   (  -2.00000) a2baba(a,b,c,d) h2baba(a,e,f,g) d1aa(e,g) cre(c) cre(d) des(f) des(b) 
   242   (  -2.00000) a2baba(a,b,c,d) h2baba(a,e,f,g) d1bb(c,f) cre(d) cre(e) des(b) des(g) 
   243   (   2.00000) a2baba(a,b,c,d) h2baba(c,e,f,g) d1aa(b,d) d2baba(a,e,f,g) 
   244   (  -2.00000) a2baba(a,b,c,d) h2baba(c,e,f,g) d1aa(b,g) d2baba(a,e,f,d) 
   245   (  -2.00000) a2baba(a,b,c,d) h2baba(c,e,f,g) d1aa(d,e) d2baba(a,b,f,g) 
   246   (   2.00000) a2baba(a,b,c,d) h2baba(c,e,f,g) d1aa(e,g) d2baba(a,b,f,d) 
   247   (   2.00000) a2baba(a,b,c,d) h2baba(c,e,f,g) d1bb(a,f) d2aaaa(b,e,d,g) 
   248   (  -8.00000) a2baba(a,b,c,d) h2baba(c,e,f,g) d1aa(b,d) d1aa(e,g) d1bb(a,f) 
   249   (   8.00000) a2baba(a,b,c,d) h2baba(c,e,f,g) d1aa(b,g) d1aa(d,e) d1bb(a,f) 
   250   (  -2.00000) a2baba(a,b,c,d) h2baba(c,e,f,g) d2aaaa(b,e,d,g) cre(f) des(a) 
   251   (  -2.00000) a2baba(a,b,c,d) h2baba(c,e,f,g) d2baba(a,b,f,d) cre(g) des(e) 
   252   (   2.00000) a2baba(a,b,c,d) h2baba(c,e,f,g) d2baba(a,b,f,g) cre(d) des(e) 
   253   (   2.00000) a2baba(a,b,c,d) h2baba(c,e,f,g) d2baba(a,e,f,d) cre(g) des(b) 
   254   (  -2.00000) a2baba(a,b,c,d) h2baba(c,e,f,g) d2baba(a,e,f,g) cre(d) des(b) 
   255   (   4.00000) a2baba(a,b,c,d) h2baba(c,e,f,g) d1aa(b,d) d1aa(e,g) cre(f) des(a) 
   256   (  -4.00000) a2baba(a,b,c,d) h2baba(c,e,f,g) d1aa(b,g) d1aa(d,e) cre(f) des(a) 
   257   (   4.00000) a2baba(a,b,c,d) h2baba(c,e,f,g) d1aa(b,d) d1bb(a,f) cre(g) des(e) 
   258   (  -4.00000) a2baba(a,b,c,d) h2baba(c,e,f,g) d1aa(b,g) d1bb(a,f) cre(d) des(e) 
   259   (  -4.00000) a2baba(a,b,c,d) h2baba(c,e,f,g) d1aa(d,e) d1bb(a,f) cre(g) des(b) 
   260   (   4.00000) a2baba(a,b,c,d) h2baba(c,e,f,g) d1aa(e,g) d1bb(a,f) cre(d) des(b) 
   261   (   2.00000) a2baba(a,b,c,d) h2baba(c,e,f,g) d1aa(b,d) cre(f) cre(g) des(a) des(e) 
   262   (   2.00000) a2baba(a,b,c,d) h2baba(c,e,f,g) d1aa(b,g) cre(d) cre(f) des(a) des(e) 
   263   (  -2.00000) a2baba(a,b,c,d) h2baba(c,e,f,g) d1aa(d,e) cre(f) cre(g) des(a) des(b) 
   264   (   2.00000) a2baba(a,b,c,d) h2baba(c,e,f,g) d1aa(e,g) cre(d) cre(f) des(b) des(a) 
   265   (   2.00000) a2baba(a,b,c,d) h2baba(c,e,f,g) d1bb(a,f) cre(d) cre(g) des(b) des(e) 
   266   (  -2.00000) a2baba(a,b,c,d) h2baba(e,b,f,g) d1aa(d,g) d2bbbb(a,f,c,e) 
   267   (  -2.00000) a2baba(a,b,c,d) h2baba(e,b,f,g) d1bb(a,c) d2baba(e,d,f,g) 
   268   (   2.00000) a2baba(a,b,c,d) h2baba(e,b,f,g) d1bb(a,e) d2baba(c,d,f,g) 
   269   (   2.00000) a2baba(a,b,c,d) h2baba(e,b,f,g) d1bb(c,f) d2baba(a,g,e,d) 
   270   (  -2.00000) a2baba(a,b,c,d) h2baba(e,b,f,g) d1bb(e,f) d2baba(a,g,c,d) 
   271   (   8.00000) a2baba(a,b,c,d) h2baba(e,b,f,g) d1aa(d,g) d1bb(a,c) d1bb(e,f) 
   272   (  -8.00000) a2baba(a,b,c,d) h2baba(e,b,f,g) d1aa(d,g) d1bb(a,e) d1bb(c,f) 
   273   (   2.00000) a2baba(a,b,c,d) h2baba(e,b,f,g) d2baba(a,g,c,d) cre(e) des(f) 
   274   (  -2.00000) a2baba(a,b,c,d) h2baba(e,b,f,g) d2baba(a,g,e,d) cre(c) des(f) 
   275   (  -2.00000) a2baba(a,b,c,d) h2baba(e,b,f,g) d2baba(c,d,f,g) cre(e) des(a) 
   276   (   2.00000) a2baba(a,b,c,d) h2baba(e,b,f,g) d2baba(e,d,f,g) cre(c) des(a) 
   277   (   2.00000) a2baba(a,b,c,d) h2baba(e,b,f,g) d2bbbb(a,f,c,e) cre(d) des(g) 
   278   (  -4.00000) a2baba(a,b,c,d) h2baba(e,b,f,g) d1aa(d,g) d1bb(a,c) cre(e) des(f) 
   279   (   4.00000) a2baba(a,b,c,d) h2baba(e,b,f,g) d1aa(d,g) d1bb(a,e) cre(c) des(f) 
   280   (   4.00000) a2baba(a,b,c,d) h2baba(e,b,f,g) d1aa(d,g) d1bb(c,f) cre(e) des(a) 
   281   (  -4.00000) a2baba(a,b,c,d) h2baba(e,b,f,g) d1aa(d,g) d1bb(e,f) cre(c) des(a) 
   282   (  -4.00000) a2baba(a,b,c,d) h2baba(e,b,f,g) d1bb(a,c) d1bb(e,f) cre(d) des(g) 
   283   (   4.00000) a2baba(a,b,c,d) h2baba(e,b,f,g) d1bb(a,e) d1bb(c,f) cre(d) des(g) 
   284   (  -2.00000) a2baba(a,b,c,d) h2baba(e,b,f,g) d1aa(d,g) cre(c) cre(e) des(a) des(f) 
   285   (  -2.00000) a2baba(a,b,c,d) h2baba(e,b,f,g) d1bb(a,c) cre(d) cre(e) des(g) des(f) 
   286   (   2.00000) a2baba(a,b,c,d) h2baba(e,b,f,g) d1bb(a,e) cre(c) cre(d) des(f) des(g) 
   287   (  -2.00000) a2baba(a,b,c,d) h2baba(e,b,f,g) d1bb(c,f) cre(d) cre(e) des(a) des(g) 
   288   (  -2.00000) a2baba(a,b,c,d) h2baba(e,b,f,g) d1bb(e,f) cre(c) cre(d) des(a) des(g) 
   289   (   2.00000) a2baba(a,b,c,d) h2baba(e,d,f,g) d1aa(b,g) d2bbbb(a,e,c,f) 
   290   (   2.00000) a2baba(a,b,c,d) h2baba(e,d,f,g) d1bb(a,c) d2baba(e,b,f,g) 
   291   (  -2.00000) a2baba(a,b,c,d) h2baba(e,d,f,g) d1bb(a,f) d2baba(c,g,e,b) 
   292   (  -2.00000) a2baba(a,b,c,d) h2baba(e,d,f,g) d1bb(c,e) d2baba(a,b,f,g) 
   293   (   2.00000) a2baba(a,b,c,d) h2baba(e,d,f,g) d1bb(e,f) d2baba(a,b,c,g) 
   294   (  -8.00000) a2baba(a,b,c,d) h2baba(e,d,f,g) d1aa(b,g) d1bb(a,c) d1bb(e,f) 
   295   (   8.00000) a2baba(a,b,c,d) h2baba(e,d,f,g) d1aa(b,g) d1bb(a,f) d1bb(c,e) 
   296   (  -2.00000) a2baba(a,b,c,d) h2baba(e,d,f,g) d2baba(a,b,c,g) cre(f) des(e) 
   297   (   2.00000) a2baba(a,b,c,d) h2baba(e,d,f,g) d2baba(a,b,f,g) cre(c) des(e) 
   298   (   2.00000) a2baba(a,b,c,d) h2baba(e,d,f,g) d2baba(c,g,e,b) cre(f) des(a) 
   299   (  -2.00000) a2baba(a,b,c,d) h2baba(e,d,f,g) d2baba(e,b,f,g) cre(c) des(a) 
   300   (  -2.00000) a2baba(a,b,c,d) h2baba(e,d,f,g) d2bbbb(a,e,c,f) cre(g) des(b) 
   301   (   4.00000) a2baba(a,b,c,d) h2baba(e,d,f,g) d1aa(b,g) d1bb(a,c) cre(f) des(e) 
   302   (  -4.00000) a2baba(a,b,c,d) h2baba(e,d,f,g) d1aa(b,g) d1bb(a,f) cre(c) des(e) 
   303   (  -4.00000) a2baba(a,b,c,d) h2baba(e,d,f,g) d1aa(b,g) d1bb(c,e) cre(f) des(a) 
   304   (   4.00000) a2baba(a,b,c,d) h2baba(e,d,f,g) d1aa(b,g) d1bb(e,f) cre(c) des(a) 
   305   (   4.00000) a2baba(a,b,c,d) h2baba(e,d,f,g) d1bb(a,c) d1bb(e,f) cre(g) des(b) 
   306   (  -4.00000) a2baba(a,b,c,d) h2baba(e,d,f,g) d1bb(a,f) d1bb(c,e) cre(g) des(b) 
   307   (   2.00000) a2baba(a,b,c,d) h2baba(e,d,f,g) d1aa(b,g) cre(c) cre(f) des(a) des(e) 
   308   (   2.00000) a2baba(a,b,c,d) h2baba(e,d,f,g) d1bb(a,c) cre(f) cre(g) des(e) des(b) 
   309   (   2.00000) a2baba(a,b,c,d) h2baba(e,d,f,g) d1bb(a,f) cre(c) cre(g) des(b) des(e) 
   310   (  -2.00000) a2baba(a,b,c,d) h2baba(e,d,f,g) d1bb(c,e) cre(f) cre(g) des(a) des(b) 
   311   (   2.00000) a2baba(a,b,c,d) h2baba(e,d,f,g) d1bb(e,f) cre(c) cre(g) des(a) des(b) 
   312   (  -1.00000) a2baba(a,b,c,d) h2bbbb(a,e,f,g) d1aa(b,d) d2bbbb(c,e,f,g) 
   313   (  -1.00000) a2baba(a,b,c,d) h2bbbb(a,e,f,g) d1bb(c,f) d2baba(e,d,g,b) 
   314   (   1.00000) a2baba(a,b,c,d) h2bbbb(a,e,f,g) d1bb(c,g) d2baba(e,d,f,b) 
   315   (   1.00000) a2baba(a,b,c,d) h2bbbb(a,e,f,g) d1bb(e,f) d2baba(c,d,g,b) 
   316   (  -1.00000) a2baba(a,b,c,d) h2bbbb(a,e,f,g) d1bb(e,g) d2baba(c,d,f,b) 
   317   (   4.00000) a2baba(a,b,c,d) h2bbbb(a,e,f,g) d1aa(b,d) d1bb(c,f) d1bb(e,g) 
   318   (  -4.00000) a2baba(a,b,c,d) h2bbbb(a,e,f,g) d1aa(b,d) d1bb(c,g) d1bb(e,f) 
   319   (   1.00000) a2baba(a,b,c,d) h2bbbb(a,e,f,g) d2baba(c,d,f,b) cre(e) des(g) 
   320   (  -1.00000) a2baba(a,b,c,d) h2bbbb(a,e,f,g) d2baba(c,d,g,b) cre(e) des(f) 
   321   (  -1.00000) a2baba(a,b,c,d) h2bbbb(a,e,f,g) d2baba(e,d,f,b) cre(c) des(g) 
   322   (   1.00000) a2baba(a,b,c,d) h2bbbb(a,e,f,g) d2baba(e,d,g,b) cre(c) des(f) 
   323   (   1.00000) a2baba(a,b,c,d) h2bbbb(a,e,f,g) d2bbbb(c,e,f,g) cre(d) des(b) 
   324   (  -2.00000) a2baba(a,b,c,d) h2bbbb(a,e,f,g) d1aa(b,d) d1bb(c,f) cre(e) des(g) 
   325   (   2.00000) a2baba(a,b,c,d) h2bbbb(a,e,f,g) d1aa(b,d) d1bb(c,g) cre(e) des(f) 
   326   (   2.00000) a2baba(a,b,c,d) h2bbbb(a,e,f,g) d1aa(b,d) d1bb(e,f) cre(c) des(g) 
   327   (  -2.00000) a2baba(a,b,c,d) h2bbbb(a,e,f,g) d1aa(b,d) d1bb(e,g) cre(c) des(f) 
   328   (  -2.00000) a2baba(a,b,c,d) h2bbbb(a,e,f,g) d1bb(c,f) d1bb(e,g) cre(d) des(b) 
   329   (   2.00000) a2baba(a,b,c,d) h2bbbb(a,e,f,g) d1bb(c,g) d1bb(e,f) cre(d) des(b) 
   330   (  -1.00000) a2baba(a,b,c,d) h2bbbb(a,e,f,g) d1aa(b,d) cre(c) cre(e) des(f) des(g) 
   331   (  -1.00000) a2baba(a,b,c,d) h2bbbb(a,e,f,g) d1bb(c,f) cre(d) cre(e) des(b) des(g) 
   332   (   1.00000) a2baba(a,b,c,d) h2bbbb(a,e,f,g) d1bb(c,g) cre(d) cre(e) des(b) des(f) 
   333   (  -1.00000) a2baba(a,b,c,d) h2bbbb(a,e,f,g) d1bb(e,f) cre(c) cre(d) des(b) des(g) 
   334   (  -1.00000) a2baba(a,b,c,d) h2bbbb(a,e,f,g) d1bb(e,g) cre(c) cre(d) des(f) des(b) 
   335   (   1.00000) a2baba(a,b,c,d) h2bbbb(c,e,f,g) d1aa(b,d) d2bbbb(a,e,f,g) 
   336   (   1.00000) a2baba(a,b,c,d) h2bbbb(c,e,f,g) d1bb(a,f) d2baba(e,b,g,d) 
   337   (  -1.00000) a2baba(a,b,c,d) h2bbbb(c,e,f,g) d1bb(a,g) d2baba(e,b,f,d) 
   338   (  -1.00000) a2baba(a,b,c,d) h2bbbb(c,e,f,g) d1bb(e,f) d2baba(a,b,g,d) 
   339   (   1.00000) a2baba(a,b,c,d) h2bbbb(c,e,f,g) d1bb(e,g) d2baba(a,b,f,d) 
   340   (  -4.00000) a2baba(a,b,c,d) h2bbbb(c,e,f,g) d1aa(b,d) d1bb(a,f) d1bb(e,g) 
   341   (   4.00000) a2baba(a,b,c,d) h2bbbb(c,e,f,g) d1aa(b,d) d1bb(a,g) d1bb(e,f) 
   342   (  -1.00000) a2baba(a,b,c,d) h2bbbb(c,e,f,g) d2baba(a,b,f,d) cre(g) des(e) 
   343   (   1.00000) a2baba(a,b,c,d) h2bbbb(c,e,f,g) d2baba(a,b,g,d) cre(f) des(e) 
   344   (   1.00000) a2baba(a,b,c,d) h2bbbb(c,e,f,g) d2baba(e,b,f,d) cre(g) des(a) 
   345   (  -1.00000) a2baba(a,b,c,d) h2bbbb(c,e,f,g) d2baba(e,b,g,d) cre(f) des(a) 
   346   (  -1.00000) a2baba(a,b,c,d) h2bbbb(c,e,f,g) d2bbbb(a,e,f,g) cre(d) des(b) 
   347   (   2.00000) a2baba(a,b,c,d) h2bbbb(c,e,f,g) d1aa(b,d) d1bb(a,f) cre(g) des(e) 
   348   (  -2.00000) a2baba(a,b,c,d) h2bbbb(c,e,f,g) d1aa(b,d) d1bb(a,g) cre(f) des(e) 
   349   (  -2.00000) a2baba(a,b,c,d) h2bbbb(c,e,f,g) d1aa(b,d) d1bb(e,f) cre(g) des(a) 
   350   (   2.00000) a2baba(a,b,c,d) h2bbbb(c,e,f,g) d1aa(b,d) d1bb(e,g) cre(f) des(a) 
   351   (   2.00000) a2baba(a,b,c,d) h2bbbb(c,e,f,g) d1bb(a,f) d1bb(e,g) cre(d) des(b) 
   352   (  -2.00000) a2baba(a,b,c,d) h2bbbb(c,e,f,g) d1bb(a,g) d1bb(e,f) cre(d) des(b) 
   353   (   1.00000) a2baba(a,b,c,d) h2bbbb(c,e,f,g) d1aa(b,d) cre(f) cre(g) des(a) des(e) 
   354   (   1.00000) a2baba(a,b,c,d) h2bbbb(c,e,f,g) d1bb(a,f) cre(d) cre(g) des(b) des(e) 
   355   (  -1.00000) a2baba(a,b,c,d) h2bbbb(c,e,f,g) d1bb(a,g) cre(d) cre(f) des(b) des(e) 
   356   (   1.00000) a2baba(a,b,c,d) h2bbbb(c,e,f,g) d1bb(e,f) cre(d) cre(g) des(a) des(b) 
   357   (   1.00000) a2baba(a,b,c,d) h2bbbb(c,e,f,g) d1bb(e,g) cre(d) cre(f) des(b) des(a) 
   358   (   1.00000) a2bbbb(a,b,c,d) h2baba(a,e,f,g) d1aa(e,g) d2bbbb(b,f,c,d) 
   359   (   1.00000) a2bbbb(a,b,c,d) h2baba(a,e,f,g) d1bb(b,c) d2baba(d,e,f,g) 
   360   (  -1.00000) a2bbbb(a,b,c,d) h2baba(a,e,f,g) d1bb(b,d) d2baba(c,e,f,g) 
   361   (  -1.00000) a2bbbb(a,b,c,d) h2baba(a,e,f,g) d1bb(c,f) d2baba(b,g,d,e) 
   362   (   1.00000) a2bbbb(a,b,c,d) h2baba(a,e,f,g) d1bb(d,f) d2baba(b,g,c,e) 
   363   (  -4.00000) a2bbbb(a,b,c,d) h2baba(a,e,f,g) d1aa(e,g) d1bb(b,c) d1bb(d,f) 
   364   (   4.00000) a2bbbb(a,b,c,d) h2baba(a,e,f,g) d1aa(e,g) d1bb(b,d) d1bb(c,f) 
   365   (  -1.00000) a2bbbb(a,b,c,d) h2baba(a,e,f,g) d2baba(b,g,c,e) cre(d) des(f) 
   366   (   1.00000) a2bbbb(a,b,c,d) h2baba(a,e,f,g) d2baba(b,g,d,e) cre(c) des(f) 
   367   (   1.00000) a2bbbb(a,b,c,d) h2baba(a,e,f,g) d2baba(c,e,f,g) cre(d) des(b) 
   368   (  -1.00000) a2bbbb(a,b,c,d) h2baba(a,e,f,g) d2baba(d,e,f,g) cre(c) des(b) 
   369   (  -1.00000) a2bbbb(a,b,c,d) h2baba(a,e,f,g) d2bbbb(b,f,c,d) cre(e) des(g) 
   370   (   2.00000) a2bbbb(a,b,c,d) h2baba(a,e,f,g) d1aa(e,g) d1bb(b,c) cre(d) des(f) 
   371   (  -2.00000) a2bbbb(a,b,c,d) h2baba(a,e,f,g) d1aa(e,g) d1bb(b,d) cre(c) des(f) 
   372   (  -2.00000) a2bbbb(a,b,c,d) h2baba(a,e,f,g) d1aa(e,g) d1bb(c,f) cre(d) des(b) 
   373   (   2.00000) a2bbbb(a,b,c,d) h2baba(a,e,f,g) d1aa(e,g) d1bb(d,f) cre(c) des(b) 
   374   (   2.00000) a2bbbb(a,b,c,d) h2baba(a,e,f,g) d1bb(b,c) d1bb(d,f) cre(e) des(g) 
   375   (  -2.00000) a2bbbb(a,b,c,d) h2baba(a,e,f,g) d1bb(b,d) d1bb(c,f) cre(e) des(g) 
   376   (  -1.00000) a2bbbb(a,b,c,d) h2baba(a,e,f,g) d1aa(e,g) cre(c) cre(d) des(f) des(b) 
   377   (  -1.00000) a2bbbb(a,b,c,d) h2baba(a,e,f,g) d1bb(b,c) cre(d) cre(e) des(g) des(f) 
   378   (  -1.00000) a2bbbb(a,b,c,d) h2baba(a,e,f,g) d1bb(b,d) cre(c) cre(e) des(f) des(g) 
   379   (  -1.00000) a2bbbb(a,b,c,d) h2baba(a,e,f,g) d1bb(c,f) cre(d) cre(e) des(b) des(g) 
   380   (   1.00000) a2bbbb(a,b,c,d) h2baba(a,e,f,g) d1bb(d,f) cre(c) cre(e) des(b) des(g) 
   381   (  -1.00000) a2bbbb(a,b,c,d) h2baba(c,e,f,g) d1aa(e,g) d2bbbb(a,b,d,f) 
   382   (  -1.00000) a2bbbb(a,b,c,d) h2baba(c,e,f,g) d1bb(a,d) d2baba(b,e,f,g) 
   383   (   1.00000) a2bbbb(a,b,c,d) h2baba(c,e,f,g) d1bb(a,f) d2baba(b,e,d,g) 
   384   (   1.00000) a2bbbb(a,b,c,d) h2baba(c,e,f,g) d1bb(b,d) d2baba(a,e,f,g) 
   385   (  -1.00000) a2bbbb(a,b,c,d) h2baba(c,e,f,g) d1bb(b,f) d2baba(a,e,d,g) 
   386   (   4.00000) a2bbbb(a,b,c,d) h2baba(c,e,f,g) d1aa(e,g) d1bb(a,d) d1bb(b,f) 
   387   (  -4.00000) a2bbbb(a,b,c,d) h2baba(c,e,f,g) d1aa(e,g) d1bb(a,f) d1bb(b,d) 
   388   (   1.00000) a2bbbb(a,b,c,d) h2baba(c,e,f,g) d2baba(a,e,d,g) cre(f) des(b) 
   389   (  -1.00000) a2bbbb(a,b,c,d) h2baba(c,e,f,g) d2baba(a,e,f,g) cre(d) des(b) 
   390   (  -1.00000) a2bbbb(a,b,c,d) h2baba(c,e,f,g) d2baba(b,e,d,g) cre(f) des(a) 
   391   (   1.00000) a2bbbb(a,b,c,d) h2baba(c,e,f,g) d2baba(b,e,f,g) cre(d) des(a) 
   392   (   1.00000) a2bbbb(a,b,c,d) h2baba(c,e,f,g) d2bbbb(a,b,d,f) cre(g) des(e) 
   393   (  -2.00000) a2bbbb(a,b,c,d) h2baba(c,e,f,g) d1aa(e,g) d1bb(a,d) cre(f) des(b) 
   394   (   2.00000) a2bbbb(a,b,c,d) h2baba(c,e,f,g) d1aa(e,g) d1bb(a,f) cre(d) des(b) 
   395   (   2.00000) a2bbbb(a,b,c,d) h2baba(c,e,f,g) d1aa(e,g) d1bb(b,d) cre(f) des(a) 
   396   (  -2.00000) a2bbbb(a,b,c,d) h2baba(c,e,f,g) d1aa(e,g) d1bb(b,f) cre(d) des(a) 
   397   (  -2.00000) a2bbbb(a,b,c,d) h2baba(c,e,f,g) d1bb(a,d) d1bb(b,f) cre(g) des(e) 
   398   (   2.00000) a2bbbb(a,b,c,d) h2baba(c,e,f,g) d1bb(a,f) d1bb(b,d) cre(g) des(e) 
   399   (   1.00000) a2bbbb(a,b,c,d) h2baba(c,e,f,g) d1aa(e,g) cre(d) cre(f) des(b) des(a) 
   400   (   1.00000) a2bbbb(a,b,c,d) h2baba(c,e,f,g) d1bb(a,d) cre(f) cre(g) des(e) des(b) 
   401   (   1.00000) a2bbbb(a,b,c,d) h2baba(c,e,f,g) d1bb(a,f) cre(d) cre(g) des(b) des(e) 
   402   (   1.00000) a2bbbb(a,b,c,d) h2baba(c,e,f,g) d1bb(b,d) cre(f) cre(g) des(a) des(e) 
   403   (  -1.00000) a2bbbb(a,b,c,d) h2baba(c,e,f,g) d1bb(b,f) cre(d) cre(g) des(a) des(e) 
   404   (   0.50000) a2bbbb(a,b,c,d) h2bbbb(a,e,f,g) d1bb(b,c) d2bbbb(d,e,f,g) 
   405   (  -0.50000) a2bbbb(a,b,c,d) h2bbbb(a,e,f,g) d1bb(b,d) d2bbbb(c,e,f,g) 
   406   (   0.50000) a2bbbb(a,b,c,d) h2bbbb(a,e,f,g) d1bb(b,e) d2bbbb(c,d,f,g) 
   407   (  -0.50000) a2bbbb(a,b,c,d) h2bbbb(a,e,f,g) d1bb(c,f) d2bbbb(b,g,d,e) 
   408   (   0.50000) a2bbbb(a,b,c,d) h2bbbb(a,e,f,g) d1bb(c,g) d2bbbb(b,f,d,e) 
   409   (   0.50000) a2bbbb(a,b,c,d) h2bbbb(a,e,f,g) d1bb(d,f) d2bbbb(b,g,c,e) 
   410   (  -0.50000) a2bbbb(a,b,c,d) h2bbbb(a,e,f,g) d1bb(d,g) d2bbbb(b,f,c,e) 
   411   (  -0.50000) a2bbbb(a,b,c,d) h2bbbb(a,e,f,g) d1bb(e,f) d2bbbb(b,g,c,d) 
   412   (   0.50000) a2bbbb(a,b,c,d) h2bbbb(a,e,f,g) d1bb(e,g) d2bbbb(b,f,c,d) 
   413   (  -2.00000) a2bbbb(a,b,c,d) h2bbbb(a,e,f,g) d1bb(b,c) d1bb(d,f) d1bb(e,g) 
   414   (   2.00000) a2bbbb(a,b,c,d) h2bbbb(a,e,f,g) d1bb(b,c) d1bb(d,g) d1bb(e,f) 
   415   (   2.00000) a2bbbb(a,b,c,d) h2bbbb(a,e,f,g) d1bb(b,d) d1bb(c,f) d1bb(e,g) 
   416   (  -2.00000) a2bbbb(a,b,c,d) h2bbbb(a,e,f,g) d1bb(b,d) d1bb(c,g) d1bb(e,f) 
   417   (  -2.00000) a2bbbb(a,b,c,d) h2bbbb(a,e,f,g) d1bb(b,e) d1bb(c,f) d1bb(d,g) 
   418   (   2.00000) a2bbbb(a,b,c,d) h2bbbb(a,e,f,g) d1bb(b,e) d1bb(c,g) d1bb(d,f) 
   419   (  -0.50000) a2bbbb(a,b,c,d) h2bbbb(a,e,f,g) d2bbbb(b,f,c,d) cre(e) des(g) 
   420   (   0.50000) a2bbbb(a,b,c,d) h2bbbb(a,e,f,g) d2bbbb(b,f,c,e) cre(d) des(g) 
   421   (  -0.50000) a2bbbb(a,b,c,d) h2bbbb(a,e,f,g) d2bbbb(b,f,d,e) cre(c) des(g) 
   422   (   0.50000) a2bbbb(a,b,c,d) h2bbbb(a,e,f,g) d2bbbb(b,g,c,d) cre(e) des(f) 
   423   (  -0.50000) a2bbbb(a,b,c,d) h2bbbb(a,e,f,g) d2bbbb(b,g,c,e) cre(d) des(f) 
   424   (   0.50000) a2bbbb(a,b,c,d) h2bbbb(a,e,f,g) d2bbbb(b,g,d,e) cre(c) des(f) 
   425   (  -0.50000) a2bbbb(a,b,c,d) h2bbbb(a,e,f,g) d2bbbb(c,d,f,g) cre(e) des(b) 
   426   (   0.50000) a2bbbb(a,b,c,d) h2bbbb(a,e,f,g) d2bbbb(c,e,f,g) cre(d) des(b) 
   427   (  -0.50000) a2bbbb(a,b,c,d) h2bbbb(a,e,f,g) d2bbbb(d,e,f,g) cre(c) des(b) 
   428   (   1.00000) a2bbbb(a,b,c,d) h2bbbb(a,e,f,g) d1bb(b,c) d1bb(d,f) cre(e) des(g) 
   429   (  -1.00000) a2bbbb(a,b,c,d) h2bbbb(a,e,f,g) d1bb(b,c) d1bb(d,g) cre(e) des(f) 
   430   (  -1.00000) a2bbbb(a,b,c,d) h2bbbb(a,e,f,g) d1bb(b,c) d1bb(e,f) cre(d) des(g) 
   431   (   1.00000) a2bbbb(a,b,c,d) h2bbbb(a,e,f,g) d1bb(b,c) d1bb(e,g) cre(d) des(f) 
   432   (  -1.00000) a2bbbb(a,b,c,d) h2bbbb(a,e,f,g) d1bb(b,d) d1bb(c,f) cre(e) des(g) 
   433   (   1.00000) a2bbbb(a,b,c,d) h2bbbb(a,e,f,g) d1bb(b,d) d1bb(c,g) cre(e) des(f) 
   434   (   1.00000) a2bbbb(a,b,c,d) h2bbbb(a,e,f,g) d1bb(b,d) d1bb(e,f) cre(c) des(g) 
   435   (  -1.00000) a2bbbb(a,b,c,d) h2bbbb(a,e,f,g) d1bb(b,d) d1bb(e,g) cre(c) des(f) 
   436   (   1.00000) a2bbbb(a,b,c,d) h2bbbb(a,e,f,g) d1bb(b,e) d1bb(c,f) cre(d) des(g) 
   437   (  -1.00000) a2bbbb(a,b,c,d) h2bbbb(a,e,f,g) d1bb(b,e) d1bb(c,g) cre(d) des(f) 
   438   (  -1.00000) a2bbbb(a,b,c,d) h2bbbb(a,e,f,g) d1bb(b,e) d1bb(d,f) cre(c) des(g) 
   439   (   1.00000) a2bbbb(a,b,c,d) h2bbbb(a,e,f,g) d1bb(b,e) d1bb(d,g) cre(c) des(f) 
   440   (   1.00000) a2bbbb(a,b,c,d) h2bbbb(a,e,f,g) d1bb(c,f) d1bb(d,g) cre(e) des(b) 
   441   (  -1.00000) a2bbbb(a,b,c,d) h2bbbb(a,e,f,g) d1bb(c,f) d1bb(e,g) cre(d) des(b) 
   442   (  -1.00000) a2bbbb(a,b,c,d) h2bbbb(a,e,f,g) d1bb(c,g) d1bb(d,f) cre(e) des(b) 
   443   (   1.00000) a2bbbb(a,b,c,d) h2bbbb(a,e,f,g) d1bb(c,g) d1bb(e,f) cre(d) des(b) 
   444   (   1.00000) a2bbbb(a,b,c,d) h2bbbb(a,e,f,g) d1bb(d,f) d1bb(e,g) cre(c) des(b) 
   445   (  -1.00000) a2bbbb(a,b,c,d) h2bbbb(a,e,f,g) d1bb(d,g) d1bb(e,f) cre(c) des(b) 
   446   (  -0.50000) a2bbbb(a,b,c,d) h2bbbb(a,e,f,g) d1bb(b,c) cre(d) cre(e) des(g) des(f) 
   447   (  -0.50000) a2bbbb(a,b,c,d) h2bbbb(a,e,f,g) d1bb(b,d) cre(c) cre(e) des(f) des(g) 
   448   (   0.50000) a2bbbb(a,b,c,d) h2bbbb(a,e,f,g) d1bb(b,e) cre(c) cre(d) des(f) des(g) 
   449   (  -0.50000) a2bbbb(a,b,c,d) h2bbbb(a,e,f,g) d1bb(c,f) cre(d) cre(e) des(b) des(g) 
   450   (   0.50000) a2bbbb(a,b,c,d) h2bbbb(a,e,f,g) d1bb(c,g) cre(d) cre(e) des(b) des(f) 
   451   (   0.50000) a2bbbb(a,b,c,d) h2bbbb(a,e,f,g) d1bb(d,f) cre(c) cre(e) des(b) des(g) 
   452   (  -0.50000) a2bbbb(a,b,c,d) h2bbbb(a,e,f,g) d1bb(d,g) cre(c) cre(e) des(b) des(f) 
   453   (  -0.50000) a2bbbb(a,b,c,d) h2bbbb(a,e,f,g) d1bb(e,f) cre(c) cre(d) des(b) des(g) 
   454   (  -0.50000) a2bbbb(a,b,c,d) h2bbbb(a,e,f,g) d1bb(e,g) cre(c) cre(d) des(f) des(b) 
   455   (  -0.50000) a2bbbb(a,b,c,d) h2bbbb(c,e,f,g) d1bb(a,d) d2bbbb(b,e,f,g) 
   456   (   0.50000) a2bbbb(a,b,c,d) h2bbbb(c,e,f,g) d1bb(a,f) d2bbbb(b,e,d,g) 
   457   (  -0.50000) a2bbbb(a,b,c,d) h2bbbb(c,e,f,g) d1bb(a,g) d2bbbb(b,e,d,f) 
   458   (   0.50000) a2bbbb(a,b,c,d) h2bbbb(c,e,f,g) d1bb(b,d) d2bbbb(a,e,f,g) 
   459   (  -0.50000) a2bbbb(a,b,c,d) h2bbbb(c,e,f,g) d1bb(b,f) d2bbbb(a,e,d,g) 
   460   (   0.50000) a2bbbb(a,b,c,d) h2bbbb(c,e,f,g) d1bb(b,g) d2bbbb(a,e,d,f) 
   461   (  -0.50000) a2bbbb(a,b,c,d) h2bbbb(c,e,f,g) d1bb(d,e) d2bbbb(a,b,f,g) 
   462   (   0.50000) a2bbbb(a,b,c,d) h2bbbb(c,e,f,g) d1bb(e,f) d2bbbb(a,b,d,g) 
   463   (  -0.50000) a2bbbb(a,b,c,d) h2bbbb(c,e,f,g) d1bb(e,g) d2bbbb(a,b,d,f) 
   464   (   2.00000) a2bbbb(a,b,c,d) h2bbbb(c,e,f,g) d1bb(a,d) d1bb(b,f) d1bb(e,g) 
   465   (  -2.00000) a2bbbb(a,b,c,d) h2bbbb(c,e,f,g) d1bb(a,d) d1bb(b,g) d1bb(e,f) 
   466   (  -2.00000) a2bbbb(a,b,c,d) h2bbbb(c,e,f,g) d1bb(a,f) d1bb(b,d) d1bb(e,g) 
   467   (   2.00000) a2bbbb(a,b,c,d) h2bbbb(c,e,f,g) d1bb(a,f) d1bb(b,g) d1bb(d,e) 
   468   (   2.00000) a2bbbb(a,b,c,d) h2bbbb(c,e,f,g) d1bb(a,g) d1bb(b,d) d1bb(e,f) 
   469   (  -2.00000) a2bbbb(a,b,c,d) h2bbbb(c,e,f,g) d1bb(a,g) d1bb(b,f) d1bb(d,e) 
   470   (   0.50000) a2bbbb(a,b,c,d) h2bbbb(c,e,f,g) d2bbbb(a,b,d,f) cre(g) des(e) 
   471   (  -0.50000) a2bbbb(a,b,c,d) h2bbbb(c,e,f,g) d2bbbb(a,b,d,g) cre(f) des(e) 
   472   (   0.50000) a2bbbb(a,b,c,d) h2bbbb(c,e,f,g) d2bbbb(a,b,f,g) cre(d) des(e) 
   473   (  -0.50000) a2bbbb(a,b,c,d) h2bbbb(c,e,f,g) d2bbbb(a,e,d,f) cre(g) des(b) 
   474   (   0.50000) a2bbbb(a,b,c,d) h2bbbb(c,e,f,g) d2bbbb(a,e,d,g) cre(f) des(b) 
   475   (  -0.50000) a2bbbb(a,b,c,d) h2bbbb(c,e,f,g) d2bbbb(a,e,f,g) cre(d) des(b) 
   476   (   0.50000) a2bbbb(a,b,c,d) h2bbbb(c,e,f,g) d2bbbb(b,e,d,f) cre(g) des(a) 
   477   (  -0.50000) a2bbbb(a,b,c,d) h2bbbb(c,e,f,g) d2bbbb(b,e,d,g) cre(f) des(a) 
   478   (   0.50000) a2bbbb(a,b,c,d) h2bbbb(c,e,f,g) d2bbbb(b,e,f,g) cre(d) des(a) 
   479   (  -1.00000) a2bbbb(a,b,c,d) h2bbbb(c,e,f,g) d1bb(a,d) d1bb(b,f) cre(g) des(e) 
   480   (   1.00000) a2bbbb(a,b,c,d) h2bbbb(c,e,f,g) d1bb(a,d) d1bb(b,g) cre(f) des(e) 
   481   (   1.00000) a2bbbb(a,b,c,d) h2bbbb(c,e,f,g) d1bb(a,d) d1bb(e,f) cre(g) des(b) 
   482   (  -1.00000) a2bbbb(a,b,c,d) h2bbbb(c,e,f,g) d1bb(a,d) d1bb(e,g) cre(f) des(b) 
   483   (   1.00000) a2bbbb(a,b,c,d) h2bbbb(c,e,f,g) d1bb(a,f) d1bb(b,d) cre(g) des(e) 
   484   (  -1.00000) a2bbbb(a,b,c,d) h2bbbb(c,e,f,g) d1bb(a,f) d1bb(b,g) cre(d) des(e) 
   485   (  -1.00000) a2bbbb(a,b,c,d) h2bbbb(c,e,f,g) d1bb(a,f) d1bb(d,e) cre(g) des(b) 
   486   (   1.00000) a2bbbb(a,b,c,d) h2bbbb(c,e,f,g) d1bb(a,f) d1bb(e,g) cre(d) des(b) 
   487   (  -1.00000) a2bbbb(a,b,c,d) h2bbbb(c,e,f,g) d1bb(a,g) d1bb(b,d) cre(f) des(e) 
   488   (   1.00000) a2bbbb(a,b,c,d) h2bbbb(c,e,f,g) d1bb(a,g) d1bb(b,f) cre(d) des(e) 
   489   (   1.00000) a2bbbb(a,b,c,d) h2bbbb(c,e,f,g) d1bb(a,g) d1bb(d,e) cre(f) des(b) 
   490   (  -1.00000) a2bbbb(a,b,c,d) h2bbbb(c,e,f,g) d1bb(a,g) d1bb(e,f) cre(d) des(b) 
   491   (  -1.00000) a2bbbb(a,b,c,d) h2bbbb(c,e,f,g) d1bb(b,d) d1bb(e,f) cre(g) des(a) 
   492   (   1.00000) a2bbbb(a,b,c,d) h2bbbb(c,e,f,g) d1bb(b,d) d1bb(e,g) cre(f) des(a) 
   493   (   1.00000) a2bbbb(a,b,c,d) h2bbbb(c,e,f,g) d1bb(b,f) d1bb(d,e) cre(g) des(a) 
   494   (  -1.00000) a2bbbb(a,b,c,d) h2bbbb(c,e,f,g) d1bb(b,f) d1bb(e,g) cre(d) des(a) 
   495   (  -1.00000) a2bbbb(a,b,c,d) h2bbbb(c,e,f,g) d1bb(b,g) d1bb(d,e) cre(f) des(a) 
   496   (   1.00000) a2bbbb(a,b,c,d) h2bbbb(c,e,f,g) d1bb(b,g) d1bb(e,f) cre(d) des(a) 
   497   (   0.50000) a2bbbb(a,b,c,d) h2bbbb(c,e,f,g) d1bb(a,d) cre(f) cre(g) des(e) des(b) 
   498   (   0.50000) a2bbbb(a,b,c,d) h2bbbb(c,e,f,g) d1bb(a,f) cre(d) cre(g) des(b) des(e) 
   499   (  -0.50000) a2bbbb(a,b,c,d) h2bbbb(c,e,f,g) d1bb(a,g) cre(d) cre(f) des(b) des(e) 
   500   (   0.50000) a2bbbb(a,b,c,d) h2bbbb(c,e,f,g) d1bb(b,d) cre(f) cre(g) des(a) des(e) 
   501   (  -0.50000) a2bbbb(a,b,c,d) h2bbbb(c,e,f,g) d1bb(b,f) cre(d) cre(g) des(a) des(e) 
   502   (   0.50000) a2bbbb(a,b,c,d) h2bbbb(c,e,f,g) d1bb(b,g) cre(d) cre(f) des(a) des(e) 
   503   (  -0.50000) a2bbbb(a,b,c,d) h2bbbb(c,e,f,g) d1bb(d,e) cre(f) cre(g) des(a) des(b) 
   504   (   0.50000) a2bbbb(a,b,c,d) h2bbbb(c,e,f,g) d1bb(e,f) cre(d) cre(g) des(a) des(b) 
   505   (   0.50000) a2bbbb(a,b,c,d) h2bbbb(c,e,f,g) d1bb(e,g) cre(d) cre(f) des(b) des(a) 
Finished combining terms in 127.316 seconds

term combination complete at 139.589

target tensor conversion complete at 139.606

result (298 terms):
 (   1.00000) a2aaaa(a,b,c,d) d1aa(a,c) d2aaaa(b,e,f,g) h2aaaa(d,e,f,g) r0() 
 (  -1.00000) a2aaaa(a,b,c,d) d1aa(a,c) d2aaaa(d,e,f,g) h2aaaa(b,e,f,g) r0() 
 (  -2.00000) a2aaaa(a,b,c,d) d1aa(a,e) d2aaaa(b,f,c,g) h2aaaa(d,f,e,g) r0() 
 (  -0.50000) a2aaaa(a,b,c,d) d1aa(a,e) d2aaaa(c,d,f,g) h2aaaa(b,e,f,g) r0() 
 (   0.50000) a2aaaa(a,b,c,d) d1aa(c,e) d2aaaa(a,b,f,g) h2aaaa(d,e,f,g) r0() 
 (   2.00000) a2aaaa(a,b,c,d) d1aa(c,e) d2aaaa(a,f,d,g) h2aaaa(b,g,e,f) r0() 
 (  -1.00000) a2aaaa(a,b,c,d) d1aa(e,f) d2aaaa(a,b,c,g) h2aaaa(d,e,f,g) r0() 
 (   1.00000) a2aaaa(a,b,c,d) d1aa(e,f) d2aaaa(a,g,c,d) h2aaaa(b,e,f,g) r0() 
 (   2.00000) a2aaaa(a,b,c,d) d1aa(a,c) d2baba(e,b,f,g) h2baba(e,d,f,g) r0() 
 (  -2.00000) a2aaaa(a,b,c,d) d1aa(a,c) d2baba(e,d,f,g) h2baba(e,b,f,g) r0() 
 (  -2.00000) a2aaaa(a,b,c,d) d1aa(a,e) d2baba(f,b,g,c) h2baba(f,d,g,e) r0() 
 (   2.00000) a2aaaa(a,b,c,d) d1aa(c,e) d2baba(f,a,g,d) h2baba(f,e,g,b) r0() 
 (   1.00000) a2aaaa(a,b,c,d) d1bb(e,f) d2aaaa(a,b,c,g) h2baba(e,d,f,g) r0() 
 (  -1.00000) a2aaaa(a,b,c,d) d1bb(e,f) d2aaaa(a,g,c,d) h2baba(e,b,f,g) r0() 
 (   2.00000) a2baba(a,b,c,d) d1aa(b,e) d2baba(a,f,c,g) h2aaaa(d,f,e,g) r0() 
 (  -2.00000) a2baba(a,b,c,d) d1aa(d,e) d2baba(a,f,c,g) h2aaaa(b,g,e,f) r0() 
 (  -2.00000) a2baba(a,b,c,d) d1aa(e,f) d2baba(a,b,c,g) h2aaaa(d,e,f,g) r0() 
 (   2.00000) a2baba(a,b,c,d) d1aa(e,f) d2baba(a,g,c,d) h2aaaa(b,e,f,g) r0() 
 (   2.00000) a2baba(a,b,c,d) d1aa(b,d) d2baba(a,e,f,g) h2baba(c,e,f,g) r0() 
 (  -2.00000) a2baba(a,b,c,d) d1aa(b,d) d2baba(c,e,f,g) h2baba(a,e,f,g) r0() 
 (  -2.00000) a2baba(a,b,c,d) d1aa(b,e) d2baba(a,f,g,d) h2baba(c,f,g,e) r0() 
 (   2.00000) a2baba(a,b,c,d) d1aa(b,e) d2baba(c,d,f,g) h2baba(a,e,f,g) r0() 
 (  -2.00000) a2baba(a,b,c,d) d1aa(d,e) d2baba(a,b,f,g) h2baba(c,e,f,g) r0() 
 (   2.00000) a2baba(a,b,c,d) d1aa(d,e) d2baba(c,f,g,b) h2baba(a,f,g,e) r0() 
 (   2.00000) a2baba(a,b,c,d) d1aa(e,f) d2baba(a,b,g,d) h2baba(c,e,g,f) r0() 
 (  -2.00000) a2baba(a,b,c,d) d1aa(e,f) d2baba(c,d,g,b) h2baba(a,e,g,f) r0() 
 (   2.00000) a2baba(a,b,c,d) d1aa(b,e) d2bbbb(a,f,c,g) h2baba(f,d,g,e) r0() 
 (  -2.00000) a2baba(a,b,c,d) d1aa(d,e) d2bbbb(a,f,c,g) h2baba(f,e,g,b) r0() 
 (   1.00000) a2baba(a,b,c,d) d1aa(b,d) d2bbbb(a,e,f,g) h2bbbb(c,e,f,g) r0() 
 (  -1.00000) a2baba(a,b,c,d) d1aa(b,d) d2bbbb(c,e,f,g) h2bbbb(a,e,f,g) r0() 
 (   1.00000) a2baba(a,b,c,d) d1bb(a,c) d2aaaa(b,e,f,g) h2aaaa(d,e,f,g) r0() 
 (  -1.00000) a2baba(a,b,c,d) d1bb(a,c) d2aaaa(d,e,f,g) h2aaaa(b,e,f,g) r0() 
 (   2.00000) a2baba(a,b,c,d) d1bb(a,e) d2aaaa(b,f,d,g) h2baba(c,f,e,g) r0() 
 (  -2.00000) a2baba(a,b,c,d) d1bb(c,e) d2aaaa(b,f,d,g) h2baba(a,g,e,f) r0() 
 (   2.00000) a2baba(a,b,c,d) d1bb(a,c) d2baba(e,b,f,g) h2baba(e,d,f,g) r0() 
 (  -2.00000) a2baba(a,b,c,d) d1bb(a,c) d2baba(e,d,f,g) h2baba(e,b,f,g) r0() 
 (   2.00000) a2baba(a,b,c,d) d1bb(a,e) d2baba(c,d,f,g) h2baba(e,b,f,g) r0() 
 (  -2.00000) a2baba(a,b,c,d) d1bb(a,e) d2baba(c,f,g,b) h2baba(e,f,g,d) r0() 
 (  -2.00000) a2baba(a,b,c,d) d1bb(c,e) d2baba(a,b,f,g) h2baba(e,d,f,g) r0() 
 (   2.00000) a2baba(a,b,c,d) d1bb(c,e) d2baba(a,f,g,d) h2baba(e,f,g,b) r0() 
 (   2.00000) a2baba(a,b,c,d) d1bb(e,f) d2baba(a,b,c,g) h2baba(e,d,f,g) r0() 
 (  -2.00000) a2baba(a,b,c,d) d1bb(e,f) d2baba(a,g,c,d) h2baba(e,b,f,g) r0() 
 (   2.00000) a2baba(a,b,c,d) d1bb(a,e) d2baba(f,b,g,d) h2bbbb(c,f,e,g) r0() 
 (  -2.00000) a2baba(a,b,c,d) d1bb(c,e) d2baba(f,b,g,d) h2bbbb(a,g,e,f) r0() 
 (  -2.00000) a2baba(a,b,c,d) d1bb(e,f) d2baba(a,b,g,d) h2bbbb(c,e,f,g) r0() 
 (   2.00000) a2baba(a,b,c,d) d1bb(e,f) d2baba(c,d,g,b) h2bbbb(a,e,f,g) r0() 
 (   1.00000) a2bbbb(a,b,c,d) d1aa(e,f) d2bbbb(a,b,c,g) h2baba(d,e,g,f) r0() 
 (  -1.00000) a2bbbb(a,b,c,d) d1aa(e,f) d2bbbb(a,g,c,d) h2baba(b,e,g,f) r0() 
 (   2.00000) a2bbbb(a,b,c,d) d1bb(a,c) d2baba(b,e,f,g) h2baba(d,e,f,g) r0() 
 (  -2.00000) a2bbbb(a,b,c,d) d1bb(a,c) d2baba(d,e,f,g) h2baba(b,e,f,g) r0() 
 (  -2.00000) a2bbbb(a,b,c,d) d1bb(a,e) d2baba(b,f,c,g) h2baba(d,f,e,g) r0() 
 (   2.00000) a2bbbb(a,b,c,d) d1bb(c,e) d2baba(a,f,d,g) h2baba(b,g,e,f) r0() 
 (   1.00000) a2bbbb(a,b,c,d) d1bb(a,c) d2bbbb(b,e,f,g) h2bbbb(d,e,f,g) r0() 
 (  -1.00000) a2bbbb(a,b,c,d) d1bb(a,c) d2bbbb(d,e,f,g) h2bbbb(b,e,f,g) r0() 
 (  -2.00000) a2bbbb(a,b,c,d) d1bb(a,e) d2bbbb(b,f,c,g) h2bbbb(d,f,e,g) r0() 
 (  -0.50000) a2bbbb(a,b,c,d) d1bb(a,e) d2bbbb(c,d,f,g) h2bbbb(b,e,f,g) r0() 
 (   0.50000) a2bbbb(a,b,c,d) d1bb(c,e) d2bbbb(a,b,f,g) h2bbbb(d,e,f,g) r0() 
 (   2.00000) a2bbbb(a,b,c,d) d1bb(c,e) d2bbbb(a,f,d,g) h2bbbb(b,g,e,f) r0() 
 (  -1.00000) a2bbbb(a,b,c,d) d1bb(e,f) d2bbbb(a,b,c,g) h2bbbb(d,e,f,g) r0() 
 (   1.00000) a2bbbb(a,b,c,d) d1bb(e,f) d2bbbb(a,g,c,d) h2bbbb(b,e,f,g) r0() 
 (  -8.00000) a2aaaa(a,b,c,d) d1bb(e,f) h2baba(e,a,f,g) d1aa(b,c) d1aa(d,g) r0() 
 (   8.00000) a2aaaa(a,b,c,d) d1bb(e,f) h2baba(e,c,f,g) d1aa(a,d) d1aa(b,g) r0() 
 (  -8.00000) a2aaaa(a,b,c,d) h2aaaa(a,e,f,g) d1aa(b,c) d1aa(d,f) d1aa(e,g) r0() 
 (  -4.00000) a2aaaa(a,b,c,d) h2aaaa(a,e,f,g) d1aa(b,e) d1aa(c,f) d1aa(d,g) r0() 
 (   8.00000) a2aaaa(a,b,c,d) h2aaaa(c,e,f,g) d1aa(a,d) d1aa(b,f) d1aa(e,g) r0() 
 (   4.00000) a2aaaa(a,b,c,d) h2aaaa(c,e,f,g) d1aa(a,f) d1aa(b,g) d1aa(d,e) r0() 
 (  -8.00000) a2baba(a,b,c,d) d1aa(b,e) h2baba(f,d,g,e) d1bb(a,c) d1bb(f,g) r0() 
 (   8.00000) a2baba(a,b,c,d) d1aa(b,e) h2baba(f,d,g,e) d1bb(a,g) d1bb(c,f) r0() 
 (   8.00000) a2baba(a,b,c,d) d1aa(d,e) h2baba(f,b,g,e) d1bb(a,c) d1bb(f,g) r0() 
 (  -8.00000) a2baba(a,b,c,d) d1aa(d,e) h2baba(f,b,g,e) d1bb(a,f) d1bb(c,g) r0() 
 (   8.00000) a2baba(a,b,c,d) d1aa(b,d) h2bbbb(a,e,f,g) d1bb(c,f) d1bb(e,g) r0() 
 (  -8.00000) a2baba(a,b,c,d) d1aa(b,d) h2bbbb(c,e,f,g) d1bb(a,f) d1bb(e,g) r0() 
 (   8.00000) a2baba(a,b,c,d) d1bb(a,c) h2aaaa(b,e,f,g) d1aa(d,f) d1aa(e,g) r0() 
 (  -8.00000) a2baba(a,b,c,d) d1bb(a,c) h2aaaa(d,e,f,g) d1aa(b,f) d1aa(e,g) r0() 
 (  -8.00000) a2baba(a,b,c,d) d1bb(a,e) h2baba(c,f,e,g) d1aa(b,d) d1aa(f,g) r0() 
 (   8.00000) a2baba(a,b,c,d) d1bb(a,e) h2baba(c,f,e,g) d1aa(b,g) d1aa(d,f) r0() 
 (   8.00000) a2baba(a,b,c,d) d1bb(c,e) h2baba(a,f,e,g) d1aa(b,d) d1aa(f,g) r0() 
 (  -8.00000) a2baba(a,b,c,d) d1bb(c,e) h2baba(a,f,e,g) d1aa(b,f) d1aa(d,g) r0() 
 (  -8.00000) a2bbbb(a,b,c,d) d1aa(e,f) h2baba(a,e,g,f) d1bb(b,c) d1bb(d,g) r0() 
 (   8.00000) a2bbbb(a,b,c,d) d1aa(e,f) h2baba(c,e,g,f) d1bb(a,d) d1bb(b,g) r0() 
 (  -8.00000) a2bbbb(a,b,c,d) h2bbbb(a,e,f,g) d1bb(b,c) d1bb(d,f) d1bb(e,g) r0() 
 (  -4.00000) a2bbbb(a,b,c,d) h2bbbb(a,e,f,g) d1bb(b,e) d1bb(c,f) d1bb(d,g) r0() 
 (   8.00000) a2bbbb(a,b,c,d) h2bbbb(c,e,f,g) d1bb(a,d) d1bb(b,f) d1bb(e,g) r0() 
 (   4.00000) a2bbbb(a,b,c,d) h2bbbb(c,e,f,g) d1bb(a,f) d1bb(b,g) d1bb(d,e) r0() 
 (   2.00000) a1aa(a,b) h1aa(a,c) r1aa(c,b) 
 (  -2.00000) a1aa(a,b) h1aa(b,c) r1aa(c,a) 
 (   2.00000) a1bb(a,b) h1bb(a,c) r1bb(c,b) 
 (  -2.00000) a1bb(a,b) h1bb(b,c) r1bb(c,a) 
 (  -1.00000) a2aaaa(a,b,c,d) d2aaaa(a,b,c,e) h2aaaa(d,f,e,g) r1aa(g,f) 
 (   0.50000) a2aaaa(a,b,c,d) d2aaaa(a,b,e,f) h2aaaa(c,g,e,f) r1aa(d,g) 
 (   1.00000) a2aaaa(a,b,c,d) d2aaaa(a,e,c,d) h2aaaa(b,f,e,g) r1aa(f,g) 
 (  -2.00000) a2aaaa(a,b,c,d) d2aaaa(a,e,c,f) h2aaaa(b,f,e,g) r1aa(d,g) 
 (   2.00000) a2aaaa(a,b,c,d) d2aaaa(a,e,c,f) h2aaaa(d,e,f,g) r1aa(g,b) 
 (  -1.00000) a2aaaa(a,b,c,d) d2aaaa(a,e,f,g) h2aaaa(c,e,f,g) r1aa(d,b) 
 (  -0.50000) a2aaaa(a,b,c,d) d2aaaa(c,d,e,f) h2aaaa(a,g,e,f) r1aa(g,b) 
 (   1.00000) a2aaaa(a,b,c,d) d2aaaa(c,e,f,g) h2aaaa(a,e,f,g) r1aa(d,b) 
 (  -1.00000) a2aaaa(a,b,c,d) d2aaaa(a,b,c,e) h2baba(f,d,g,e) r1bb(g,f) 
 (   1.00000) a2aaaa(a,b,c,d) d2aaaa(a,e,c,d) h2baba(f,b,g,e) r1bb(f,g) 
 (  -2.00000) a2aaaa(a,b,c,d) d2baba(e,a,f,c) h2baba(e,d,f,g) r1aa(g,b) 
 (   2.00000) a2aaaa(a,b,c,d) d2baba(e,a,f,c) h2baba(e,g,f,b) r1aa(d,g) 
 (  -2.00000) a2aaaa(a,b,c,d) d2baba(e,a,f,g) h2baba(e,c,f,g) r1aa(d,b) 
 (   2.00000) a2aaaa(a,b,c,d) d2baba(e,c,f,g) h2baba(e,a,f,g) r1aa(d,b) 
 (  -1.00000) a2baba(a,b,c,d) d2aaaa(b,e,f,g) h2aaaa(d,e,f,g) r1bb(c,a) 
 (   1.00000) a2baba(a,b,c,d) d2aaaa(d,e,f,g) h2aaaa(b,e,f,g) r1bb(c,a) 
 (   2.00000) a2baba(a,b,c,d) d2aaaa(b,e,d,f) h2baba(a,f,g,e) r1bb(c,g) 
 (  -2.00000) a2baba(a,b,c,d) d2aaaa(b,e,d,f) h2baba(c,e,g,f) r1bb(g,a) 
 (  -2.00000) a2baba(a,b,c,d) d2baba(a,b,c,e) h2aaaa(d,f,e,g) r1aa(g,f) 
 (   2.00000) a2baba(a,b,c,d) d2baba(a,e,c,d) h2aaaa(b,f,e,g) r1aa(f,g) 
 (  -2.00000) a2baba(a,b,c,d) d2baba(a,e,c,f) h2aaaa(b,f,e,g) r1aa(d,g) 
 (   2.00000) a2baba(a,b,c,d) d2baba(a,e,c,f) h2aaaa(d,e,f,g) r1aa(g,b) 
 (  -2.00000) a2baba(a,b,c,d) d2baba(a,b,c,e) h2baba(f,d,g,e) r1bb(g,f) 
 (  -2.00000) a2baba(a,b,c,d) d2baba(a,b,e,d) h2baba(c,f,e,g) r1aa(g,f) 
 (   2.00000) a2baba(a,b,c,d) d2baba(a,b,e,f) h2baba(c,g,e,f) r1aa(d,g) 
 (   2.00000) a2baba(a,b,c,d) d2baba(a,b,e,f) h2baba(e,f,g,d) r1bb(c,g) 
 (   2.00000) a2baba(a,b,c,d) d2baba(a,e,c,d) h2baba(f,b,g,e) r1bb(f,g) 
 (   2.00000) a2baba(a,b,c,d) d2baba(a,e,f,d) h2baba(c,e,f,g) r1aa(g,b) 
 (  -2.00000) a2baba(a,b,c,d) d2baba(a,e,f,d) h2baba(f,b,g,e) r1bb(c,g) 
 (  -2.00000) a2baba(a,b,c,d) d2baba(a,e,f,g) h2baba(c,e,f,g) r1aa(d,b) 
 (   2.00000) a2baba(a,b,c,d) d2baba(c,d,e,b) h2baba(a,f,e,g) r1aa(f,g) 
 (  -2.00000) a2baba(a,b,c,d) d2baba(c,d,e,f) h2baba(a,g,e,f) r1aa(g,b) 
 (  -2.00000) a2baba(a,b,c,d) d2baba(c,d,e,f) h2baba(e,f,g,b) r1bb(g,a) 
 (  -2.00000) a2baba(a,b,c,d) d2baba(c,e,f,b) h2baba(a,e,f,g) r1aa(d,g) 
 (   2.00000) a2baba(a,b,c,d) d2baba(c,e,f,b) h2baba(f,d,g,e) r1bb(g,a) 
 (   2.00000) a2baba(a,b,c,d) d2baba(c,e,f,g) h2baba(a,e,f,g) r1aa(d,b) 
 (  -2.00000) a2baba(a,b,c,d) d2baba(e,b,f,g) h2baba(e,d,f,g) r1bb(c,a) 
 (   2.00000) a2baba(a,b,c,d) d2baba(e,d,f,g) h2baba(e,b,f,g) r1bb(c,a) 
 (  -2.00000) a2baba(a,b,c,d) d2baba(a,b,e,d) h2bbbb(c,f,e,g) r1bb(g,f) 
 (   2.00000) a2baba(a,b,c,d) d2baba(c,d,e,b) h2bbbb(a,f,e,g) r1bb(f,g) 
 (  -2.00000) a2baba(a,b,c,d) d2baba(e,b,f,d) h2bbbb(a,f,e,g) r1bb(c,g) 
 (   2.00000) a2baba(a,b,c,d) d2baba(e,b,f,d) h2bbbb(c,e,f,g) r1bb(g,a) 
 (  -2.00000) a2baba(a,b,c,d) d2bbbb(a,e,c,f) h2baba(e,d,f,g) r1aa(g,b) 
 (   2.00000) a2baba(a,b,c,d) d2bbbb(a,e,c,f) h2baba(e,g,f,b) r1aa(d,g) 
 (  -1.00000) a2baba(a,b,c,d) d2bbbb(a,e,f,g) h2bbbb(c,e,f,g) r1aa(d,b) 
 (   1.00000) a2baba(a,b,c,d) d2bbbb(c,e,f,g) h2bbbb(a,e,f,g) r1aa(d,b) 
 (   2.00000) a2bbbb(a,b,c,d) d2baba(a,e,c,f) h2baba(b,f,g,e) r1bb(d,g) 
 (  -2.00000) a2bbbb(a,b,c,d) d2baba(a,e,c,f) h2baba(d,e,g,f) r1bb(g,b) 
 (  -2.00000) a2bbbb(a,b,c,d) d2baba(a,e,f,g) h2baba(c,e,f,g) r1bb(d,b) 
 (   2.00000) a2bbbb(a,b,c,d) d2baba(c,e,f,g) h2baba(a,e,f,g) r1bb(d,b) 
 (  -1.00000) a2bbbb(a,b,c,d) d2bbbb(a,b,c,e) h2baba(d,f,e,g) r1aa(g,f) 
 (   1.00000) a2bbbb(a,b,c,d) d2bbbb(a,e,c,d) h2baba(b,f,e,g) r1aa(f,g) 
 (  -1.00000) a2bbbb(a,b,c,d) d2bbbb(a,b,c,e) h2bbbb(d,f,e,g) r1bb(g,f) 
 (   0.50000) a2bbbb(a,b,c,d) d2bbbb(a,b,e,f) h2bbbb(c,g,e,f) r1bb(d,g) 
 (   1.00000) a2bbbb(a,b,c,d) d2bbbb(a,e,c,d) h2bbbb(b,f,e,g) r1bb(f,g) 
 (  -2.00000) a2bbbb(a,b,c,d) d2bbbb(a,e,c,f) h2bbbb(b,f,e,g) r1bb(d,g) 
 (   2.00000) a2bbbb(a,b,c,d) d2bbbb(a,e,c,f) h2bbbb(d,e,f,g) r1bb(g,b) 
 (  -1.00000) a2bbbb(a,b,c,d) d2bbbb(a,e,f,g) h2bbbb(c,e,f,g) r1bb(d,b) 
 (  -0.50000) a2bbbb(a,b,c,d) d2bbbb(c,d,e,f) h2bbbb(a,g,e,f) r1bb(g,b) 
 (   1.00000) a2bbbb(a,b,c,d) d2bbbb(c,e,f,g) h2bbbb(a,e,f,g) r1bb(d,b) 
 (  -4.00000) a2aaaa(a,b,c,d) d1aa(a,c) d1bb(e,f) h2baba(e,b,f,g) r1aa(d,g) 
 (   4.00000) a2aaaa(a,b,c,d) d1aa(a,c) d1bb(e,f) h2baba(e,d,f,g) r1aa(g,b) 
 (   4.00000) a2aaaa(a,b,c,d) d1aa(a,e) d1bb(f,g) h2baba(f,c,g,e) r1aa(d,b) 
 (  -4.00000) a2aaaa(a,b,c,d) d1aa(c,e) d1bb(f,g) h2baba(f,a,g,e) r1aa(d,b) 
 (   4.00000) a2aaaa(a,b,c,d) h2aaaa(a,e,f,g) d1aa(b,c) d1aa(d,f) r1aa(e,g) 
 (  -4.00000) a2aaaa(a,b,c,d) h2aaaa(a,e,f,g) d1aa(b,c) d1aa(e,f) r1aa(d,g) 
 (   4.00000) a2aaaa(a,b,c,d) h2aaaa(a,e,f,g) d1aa(b,e) d1aa(c,f) r1aa(d,g) 
 (   2.00000) a2aaaa(a,b,c,d) h2aaaa(a,e,f,g) d1aa(c,f) d1aa(d,g) r1aa(e,b) 
 (  -4.00000) a2aaaa(a,b,c,d) h2aaaa(a,e,f,g) d1aa(c,f) d1aa(e,g) r1aa(d,b) 
 (  -4.00000) a2aaaa(a,b,c,d) h2aaaa(c,e,f,g) d1aa(a,d) d1aa(b,f) r1aa(g,e) 
 (   4.00000) a2aaaa(a,b,c,d) h2aaaa(c,e,f,g) d1aa(a,d) d1aa(e,f) r1aa(g,b) 
 (  -2.00000) a2aaaa(a,b,c,d) h2aaaa(c,e,f,g) d1aa(a,f) d1aa(b,g) r1aa(d,e) 
 (  -4.00000) a2aaaa(a,b,c,d) h2aaaa(c,e,f,g) d1aa(a,f) d1aa(d,e) r1aa(g,b) 
 (   4.00000) a2aaaa(a,b,c,d) h2aaaa(c,e,f,g) d1aa(a,f) d1aa(e,g) r1aa(d,b) 
 (   4.00000) a2aaaa(a,b,c,d) h2baba(e,a,f,g) d1aa(b,c) d1aa(d,g) r1bb(e,f) 
 (  -4.00000) a2aaaa(a,b,c,d) h2baba(e,c,f,g) d1aa(a,d) d1aa(b,g) r1bb(f,e) 
 (   4.00000) a2baba(a,b,c,d) d1aa(b,e) d1bb(a,c) h2aaaa(d,f,e,g) r1aa(g,f) 
 (  -4.00000) a2baba(a,b,c,d) d1aa(d,e) d1bb(a,c) h2aaaa(b,f,e,g) r1aa(f,g) 
 (   4.00000) a2baba(a,b,c,d) d1aa(e,f) d1bb(a,c) h2aaaa(b,e,f,g) r1aa(d,g) 
 (  -4.00000) a2baba(a,b,c,d) d1aa(e,f) d1bb(a,c) h2aaaa(d,e,f,g) r1aa(g,b) 
 (   4.00000) a2baba(a,b,c,d) d1aa(b,d) d1bb(a,e) h2baba(c,f,e,g) r1aa(g,f) 
 (  -4.00000) a2baba(a,b,c,d) d1aa(b,d) d1bb(c,e) h2baba(a,f,e,g) r1aa(f,g) 
 (   4.00000) a2baba(a,b,c,d) d1aa(b,e) d1bb(a,c) h2baba(f,d,g,e) r1bb(g,f) 
 (  -4.00000) a2baba(a,b,c,d) d1aa(b,e) d1bb(a,f) h2baba(c,g,f,e) r1aa(d,g) 
 (  -4.00000) a2baba(a,b,c,d) d1aa(b,e) d1bb(a,f) h2baba(f,e,g,d) r1bb(c,g) 
 (   4.00000) a2baba(a,b,c,d) d1aa(b,e) d1bb(c,f) h2baba(a,e,f,g) r1aa(d,g) 
 (  -4.00000) a2baba(a,b,c,d) d1aa(b,e) d1bb(c,f) h2baba(f,d,g,e) r1bb(g,a) 
 (   4.00000) a2baba(a,b,c,d) d1aa(b,e) d1bb(f,g) h2baba(f,d,g,e) r1bb(c,a) 
 (  -4.00000) a2baba(a,b,c,d) d1aa(d,e) d1bb(a,c) h2baba(f,b,g,e) r1bb(f,g) 
 (  -4.00000) a2baba(a,b,c,d) d1aa(d,e) d1bb(a,f) h2baba(c,e,f,g) r1aa(g,b) 
 (   4.00000) a2baba(a,b,c,d) d1aa(d,e) d1bb(a,f) h2baba(f,b,g,e) r1bb(c,g) 
 (   4.00000) a2baba(a,b,c,d) d1aa(d,e) d1bb(c,f) h2baba(a,g,f,e) r1aa(g,b) 
 (   4.00000) a2baba(a,b,c,d) d1aa(d,e) d1bb(c,f) h2baba(f,e,g,b) r1bb(g,a) 
 (  -4.00000) a2baba(a,b,c,d) d1aa(d,e) d1bb(f,g) h2baba(f,b,g,e) r1bb(c,a) 
 (   4.00000) a2baba(a,b,c,d) d1aa(e,f) d1bb(a,g) h2baba(c,e,g,f) r1aa(d,b) 
 (  -4.00000) a2baba(a,b,c,d) d1aa(e,f) d1bb(c,g) h2baba(a,e,g,f) r1aa(d,b) 
 (   4.00000) a2baba(a,b,c,d) d1aa(b,d) d1bb(a,e) h2bbbb(c,f,e,g) r1bb(g,f) 
 (  -4.00000) a2baba(a,b,c,d) d1aa(b,d) d1bb(c,e) h2bbbb(a,f,e,g) r1bb(f,g) 
 (   4.00000) a2baba(a,b,c,d) d1aa(b,d) d1bb(e,f) h2bbbb(a,e,f,g) r1bb(c,g) 
 (  -4.00000) a2baba(a,b,c,d) d1aa(b,d) d1bb(e,f) h2bbbb(c,e,f,g) r1bb(g,a) 
 (  -4.00000) a2baba(a,b,c,d) h2aaaa(b,e,f,g) d1aa(d,f) d1aa(e,g) r1bb(c,a) 
 (   4.00000) a2baba(a,b,c,d) h2aaaa(d,e,f,g) d1aa(b,f) d1aa(e,g) r1bb(c,a) 
 (  -4.00000) a2baba(a,b,c,d) h2baba(a,e,f,g) d1aa(b,d) d1aa(e,g) r1bb(c,f) 
 (   4.00000) a2baba(a,b,c,d) h2baba(a,e,f,g) d1aa(b,e) d1aa(d,g) r1bb(c,f) 
 (   4.00000) a2baba(a,b,c,d) h2baba(c,e,f,g) d1aa(b,d) d1aa(e,g) r1bb(f,a) 
 (  -4.00000) a2baba(a,b,c,d) h2baba(c,e,f,g) d1aa(b,g) d1aa(d,e) r1bb(f,a) 
 (  -4.00000) a2baba(a,b,c,d) h2baba(e,b,f,g) d1bb(a,c) d1bb(e,f) r1aa(d,g) 
 (   4.00000) a2baba(a,b,c,d) h2baba(e,b,f,g) d1bb(a,e) d1bb(c,f) r1aa(d,g) 
 (   4.00000) a2baba(a,b,c,d) h2baba(e,d,f,g) d1bb(a,c) d1bb(e,f) r1aa(g,b) 
 (  -4.00000) a2baba(a,b,c,d) h2baba(e,d,f,g) d1bb(a,f) d1bb(c,e) r1aa(g,b) 
 (  -4.00000) a2baba(a,b,c,d) h2bbbb(a,e,f,g) d1bb(c,f) d1bb(e,g) r1aa(d,b) 
 (   4.00000) a2baba(a,b,c,d) h2bbbb(c,e,f,g) d1bb(a,f) d1bb(e,g) r1aa(d,b) 
 (  -4.00000) a2bbbb(a,b,c,d) d1aa(e,f) d1bb(a,c) h2baba(b,e,g,f) r1bb(d,g) 
 (   4.00000) a2bbbb(a,b,c,d) d1aa(e,f) d1bb(a,c) h2baba(d,e,g,f) r1bb(g,b) 
 (   4.00000) a2bbbb(a,b,c,d) d1aa(e,f) d1bb(a,g) h2baba(c,e,g,f) r1bb(d,b) 
 (  -4.00000) a2bbbb(a,b,c,d) d1aa(e,f) d1bb(c,g) h2baba(a,e,g,f) r1bb(d,b) 
 (   4.00000) a2bbbb(a,b,c,d) h2baba(a,e,f,g) d1bb(b,c) d1bb(d,f) r1aa(e,g) 
 (  -4.00000) a2bbbb(a,b,c,d) h2baba(c,e,f,g) d1bb(a,d) d1bb(b,f) r1aa(g,e) 
 (   4.00000) a2bbbb(a,b,c,d) h2bbbb(a,e,f,g) d1bb(b,c) d1bb(d,f) r1bb(e,g) 
 (  -4.00000) a2bbbb(a,b,c,d) h2bbbb(a,e,f,g) d1bb(b,c) d1bb(e,f) r1bb(d,g) 
 (   4.00000) a2bbbb(a,b,c,d) h2bbbb(a,e,f,g) d1bb(b,e) d1bb(c,f) r1bb(d,g) 
 (   2.00000) a2bbbb(a,b,c,d) h2bbbb(a,e,f,g) d1bb(c,f) d1bb(d,g) r1bb(e,b) 
 (  -4.00000) a2bbbb(a,b,c,d) h2bbbb(a,e,f,g) d1bb(c,f) d1bb(e,g) r1bb(d,b) 
 (  -4.00000) a2bbbb(a,b,c,d) h2bbbb(c,e,f,g) d1bb(a,d) d1bb(b,f) r1bb(g,e) 
 (   4.00000) a2bbbb(a,b,c,d) h2bbbb(c,e,f,g) d1bb(a,d) d1bb(e,f) r1bb(g,b) 
 (  -2.00000) a2bbbb(a,b,c,d) h2bbbb(c,e,f,g) d1bb(a,f) d1bb(b,g) r1bb(d,e) 
 (  -4.00000) a2bbbb(a,b,c,d) h2bbbb(c,e,f,g) d1bb(a,f) d1bb(d,e) r1bb(g,b) 
 (   4.00000) a2bbbb(a,b,c,d) h2bbbb(c,e,f,g) d1bb(a,f) d1bb(e,g) r1bb(d,b) 
 (  -1.00000) a1aa(a,b) h2aaaa(a,c,d,e) r2aaaa(d,e,c,b) 
 (   1.00000) a1aa(a,b) h2aaaa(b,c,d,e) r2aaaa(d,e,c,a) 
 (   2.00000) a1aa(a,b) h2baba(c,a,d,e) r2baba(d,e,c,b) 
 (  -2.00000) a1aa(a,b) h2baba(c,b,d,e) r2baba(d,e,c,a) 
 (   2.00000) a1bb(a,b) h2baba(a,c,d,e) r2baba(d,e,b,c) 
 (  -2.00000) a1bb(a,b) h2baba(b,c,d,e) r2baba(d,e,a,c) 
 (  -1.00000) a1bb(a,b) h2bbbb(a,c,d,e) r2bbbb(d,e,c,b) 
 (   1.00000) a1bb(a,b) h2bbbb(b,c,d,e) r2bbbb(d,e,c,a) 
 (   1.00000) a2aaaa(a,b,c,d) h1aa(a,e) r2aaaa(c,d,e,b) 
 (  -1.00000) a2aaaa(a,b,c,d) h1aa(c,e) r2aaaa(d,e,b,a) 
 (  -0.25000) a2aaaa(a,b,c,d) h2aaaa(a,b,e,f) r2aaaa(e,f,d,c) 
 (   0.25000) a2aaaa(a,b,c,d) h2aaaa(c,d,e,f) r2aaaa(e,f,b,a) 
 (   2.00000) a2baba(a,b,c,d) h1aa(b,e) r2baba(c,d,a,e) 
 (  -2.00000) a2baba(a,b,c,d) h1aa(d,e) r2baba(c,e,a,b) 
 (   2.00000) a2baba(a,b,c,d) h1bb(a,e) r2baba(c,d,e,b) 
 (  -2.00000) a2baba(a,b,c,d) h1bb(c,e) r2baba(e,d,a,b) 
 (   2.00000) a2baba(a,b,c,d) h2baba(a,b,e,f) r2baba(e,f,c,d) 
 (  -2.00000) a2baba(a,b,c,d) h2baba(c,d,e,f) r2baba(e,f,a,b) 
 (   1.00000) a2bbbb(a,b,c,d) h1bb(a,e) r2bbbb(c,d,e,b) 
 (  -1.00000) a2bbbb(a,b,c,d) h1bb(c,e) r2bbbb(d,e,b,a) 
 (  -0.25000) a2bbbb(a,b,c,d) h2bbbb(a,b,e,f) r2bbbb(e,f,d,c) 
 (   0.25000) a2bbbb(a,b,c,d) h2bbbb(c,d,e,f) r2bbbb(e,f,b,a) 
 (  -1.00000) a2aaaa(a,b,c,d) d1aa(a,c) h2aaaa(b,e,f,g) r2aaaa(d,e,g,f) 
 (   1.00000) a2aaaa(a,b,c,d) d1aa(a,c) h2aaaa(d,e,f,g) r2aaaa(f,g,e,b) 
 (  -0.50000) a2aaaa(a,b,c,d) d1aa(a,e) h2aaaa(b,e,f,g) r2aaaa(c,d,g,f) 
 (   2.00000) a2aaaa(a,b,c,d) d1aa(a,e) h2aaaa(c,f,e,g) r2aaaa(d,g,f,b) 
 (  -2.00000) a2aaaa(a,b,c,d) d1aa(c,e) h2aaaa(a,f,e,g) r2aaaa(d,f,g,b) 
 (   0.50000) a2aaaa(a,b,c,d) d1aa(c,e) h2aaaa(d,e,f,g) r2aaaa(f,g,b,a) 
 (  -1.00000) a2aaaa(a,b,c,d) d1aa(e,f) h2aaaa(a,e,f,g) r2aaaa(c,d,g,b) 
 (   1.00000) a2aaaa(a,b,c,d) d1aa(e,f) h2aaaa(c,e,f,g) r2aaaa(d,g,b,a) 
 (   2.00000) a2aaaa(a,b,c,d) d1aa(a,c) h2baba(e,b,f,g) r2baba(e,d,f,g) 
 (  -2.00000) a2aaaa(a,b,c,d) d1aa(a,c) h2baba(e,d,f,g) r2baba(f,g,e,b) 
 (  -2.00000) a2aaaa(a,b,c,d) d1aa(a,e) h2baba(f,c,g,e) r2baba(g,d,f,b) 
 (   2.00000) a2aaaa(a,b,c,d) d1aa(c,e) h2baba(f,a,g,e) r2baba(f,d,g,b) 
 (   1.00000) a2aaaa(a,b,c,d) d1bb(e,f) h2baba(e,a,f,g) r2aaaa(c,d,g,b) 
 (  -1.00000) a2aaaa(a,b,c,d) d1bb(e,f) h2baba(e,c,f,g) r2aaaa(d,g,b,a) 
 (  -2.00000) a2baba(a,b,c,d) d1aa(b,e) h2aaaa(d,f,e,g) r2baba(c,g,a,f) 
 (   2.00000) a2baba(a,b,c,d) d1aa(d,e) h2aaaa(b,f,e,g) r2baba(c,f,a,g) 
 (  -2.00000) a2baba(a,b,c,d) d1aa(e,f) h2aaaa(b,e,f,g) r2baba(c,d,a,g) 
 (   2.00000) a2baba(a,b,c,d) d1aa(e,f) h2aaaa(d,e,f,g) r2baba(c,g,a,b) 
 (   2.00000) a2baba(a,b,c,d) d1aa(b,d) h2baba(a,e,f,g) r2baba(c,e,f,g) 
 (  -2.00000) a2baba(a,b,c,d) d1aa(b,d) h2baba(c,e,f,g) r2baba(f,g,a,e) 
 (  -2.00000) a2baba(a,b,c,d) d1aa(b,e) h2baba(a,e,f,g) r2baba(c,d,f,g) 
 (   2.00000) a2baba(a,b,c,d) d1aa(b,e) h2baba(c,f,g,e) r2baba(g,d,a,f) 
 (   2.00000) a2baba(a,b,c,d) d1aa(b,e) h2baba(f,d,g,e) r2bbbb(c,g,f,a) 
 (  -2.00000) a2baba(a,b,c,d) d1aa(d,e) h2baba(a,f,g,e) r2baba(c,f,g,b) 
 (   2.00000) a2baba(a,b,c,d) d1aa(d,e) h2baba(c,e,f,g) r2baba(f,g,a,b) 
 (  -2.00000) a2baba(a,b,c,d) d1aa(d,e) h2baba(f,b,g,e) r2bbbb(c,f,g,a) 
 (   2.00000) a2baba(a,b,c,d) d1aa(e,f) h2baba(a,e,g,f) r2baba(c,d,g,b) 
 (  -2.00000) a2baba(a,b,c,d) d1aa(e,f) h2baba(c,e,g,f) r2baba(g,d,a,b) 
 (  -1.00000) a2baba(a,b,c,d) d1aa(b,d) h2bbbb(a,e,f,g) r2bbbb(c,e,g,f) 
 (   1.00000) a2baba(a,b,c,d) d1aa(b,d) h2bbbb(c,e,f,g) r2bbbb(f,g,e,a) 
 (  -1.00000) a2baba(a,b,c,d) d1bb(a,c) h2aaaa(b,e,f,g) r2aaaa(d,e,g,f) 
 (   1.00000) a2baba(a,b,c,d) d1bb(a,c) h2aaaa(d,e,f,g) r2aaaa(f,g,e,b) 
 (   2.00000) a2baba(a,b,c,d) d1bb(a,c) h2baba(e,b,f,g) r2baba(e,d,f,g) 
 (  -2.00000) a2baba(a,b,c,d) d1bb(a,c) h2baba(e,d,f,g) r2baba(f,g,e,b) 
 (   2.00000) a2baba(a,b,c,d) d1bb(a,e) h2baba(c,f,e,g) r2aaaa(d,g,f,b) 
 (  -2.00000) a2baba(a,b,c,d) d1bb(a,e) h2baba(e,b,f,g) r2baba(c,d,f,g) 
 (   2.00000) a2baba(a,b,c,d) d1bb(a,e) h2baba(e,f,g,d) r2baba(c,f,g,b) 
 (  -2.00000) a2baba(a,b,c,d) d1bb(c,e) h2baba(a,f,e,g) r2aaaa(d,f,g,b) 
 (   2.00000) a2baba(a,b,c,d) d1bb(c,e) h2baba(e,d,f,g) r2baba(f,g,a,b) 
 (  -2.00000) a2baba(a,b,c,d) d1bb(c,e) h2baba(e,f,g,b) r2baba(g,d,a,f) 
 (   2.00000) a2baba(a,b,c,d) d1bb(e,f) h2baba(e,b,f,g) r2baba(c,d,a,g) 
 (  -2.00000) a2baba(a,b,c,d) d1bb(e,f) h2baba(e,d,f,g) r2baba(c,g,a,b) 
 (  -2.00000) a2baba(a,b,c,d) d1bb(a,e) h2bbbb(c,f,e,g) r2baba(g,d,f,b) 
 (   2.00000) a2baba(a,b,c,d) d1bb(c,e) h2bbbb(a,f,e,g) r2baba(f,d,g,b) 
 (  -2.00000) a2baba(a,b,c,d) d1bb(e,f) h2bbbb(a,e,f,g) r2baba(c,d,g,b) 
 (   2.00000) a2baba(a,b,c,d) d1bb(e,f) h2bbbb(c,e,f,g) r2baba(g,d,a,b) 
 (   1.00000) a2bbbb(a,b,c,d) d1aa(e,f) h2baba(a,e,g,f) r2bbbb(c,d,g,b) 
 (  -1.00000) a2bbbb(a,b,c,d) d1aa(e,f) h2baba(c,e,g,f) r2bbbb(d,g,b,a) 
 (   2.00000) a2bbbb(a,b,c,d) d1bb(a,c) h2baba(b,e,f,g) r2baba(d,e,f,g) 
 (  -2.00000) a2bbbb(a,b,c,d) d1bb(a,c) h2baba(d,e,f,g) r2baba(f,g,b,e) 
 (  -2.00000) a2bbbb(a,b,c,d) d1bb(a,e) h2baba(c,f,e,g) r2baba(d,g,b,f) 
 (   2.00000) a2bbbb(a,b,c,d) d1bb(c,e) h2baba(a,f,e,g) r2baba(d,f,b,g) 
 (  -1.00000) a2bbbb(a,b,c,d) d1bb(a,c) h2bbbb(b,e,f,g) r2bbbb(d,e,g,f) 
 (   1.00000) a2bbbb(a,b,c,d) d1bb(a,c) h2bbbb(d,e,f,g) r2bbbb(f,g,e,b) 
 (  -0.50000) a2bbbb(a,b,c,d) d1bb(a,e) h2bbbb(b,e,f,g) r2bbbb(c,d,g,f) 
 (   2.00000) a2bbbb(a,b,c,d) d1bb(a,e) h2bbbb(c,f,e,g) r2bbbb(d,g,f,b) 
 (  -2.00000) a2bbbb(a,b,c,d) d1bb(c,e) h2bbbb(a,f,e,g) r2bbbb(d,f,g,b) 
 (   0.50000) a2bbbb(a,b,c,d) d1bb(c,e) h2bbbb(d,e,f,g) r2bbbb(f,g,b,a) 
 (  -1.00000) a2bbbb(a,b,c,d) d1bb(e,f) h2bbbb(a,e,f,g) r2bbbb(c,d,g,b) 
 (   1.00000) a2bbbb(a,b,c,d) d1bb(e,f) h2bbbb(c,e,f,g) r2bbbb(d,g,b,a) 

