
Combining like terms:
Converting 248 terms to canonical form...
     0   (  -1.00000) h1aa(p0,p1) r1aa(p8,p9) cre(p0) cre(p8) des(p1) des(p9) 
     1   (   1.00000) h1aa(p0,p8) r1aa(p8,p9) cre(p0) des(p9) 
     2   (   1.00000) r1aa(p8,p9) h1aa(p0,p1) cre(p0) cre(p8) des(p1) des(p9) 
     3   (  -1.00000) r1aa(p8,p0) h1aa(p0,p1) cre(p8) des(p1) 
     4   (   1.00000) h1aa(p0,p1) r1aa(p8,p9) cre(p0) cre(p9) des(p1) des(p8) 
     5   (  -1.00000) h1aa(p0,p9) r1aa(p8,p9) cre(p0) des(p8) 
     6   (  -1.00000) r1aa(p8,p9) h1aa(p0,p1) cre(p0) cre(p9) des(p1) des(p8) 
     7   (   1.00000) r1aa(p0,p9) h1aa(p0,p1) cre(p9) des(p1) 
     8   (  -1.00000) h1aa(p0,p1) r1bb(q8,q9) cre(p0) cre(q8) des(p1) des(q9) 
     9   (   1.00000) r1bb(q8,q9) h1aa(p0,p1) cre(p0) cre(q8) des(p1) des(q9) 
    10   (   1.00000) h1aa(p0,p1) r1bb(q8,q9) cre(p0) cre(q9) des(p1) des(q8) 
    11   (  -1.00000) r1bb(q8,q9) h1aa(p0,p1) cre(p0) cre(q9) des(p1) des(q8) 
    12   (  -1.00000) h1aa(p0,p1) r2aaaa(p10,p11,p12,p13) cre(p0) cre(p10) cre(p11) des(p1) des(p12) des(p13) 
    13   (  -1.00000) h1aa(p0,p10) r2aaaa(p10,p11,p12,p13) cre(p0) cre(p11) des(p12) des(p13) 
    14   (   1.00000) h1aa(p0,p11) r2aaaa(p10,p11,p12,p13) cre(p0) cre(p10) des(p12) des(p13) 
    15   (   1.00000) r2aaaa(p10,p11,p12,p13) h1aa(p0,p1) cre(p0) cre(p10) cre(p11) des(p1) des(p12) des(p13) 
    16   (  -1.00000) r2aaaa(p10,p11,p12,p0) h1aa(p0,p1) cre(p10) cre(p11) des(p1) des(p12) 
    17   (   1.00000) r2aaaa(p10,p11,p0,p13) h1aa(p0,p1) cre(p10) cre(p11) des(p1) des(p13) 
    18   (   1.00000) h1aa(p0,p1) r2aaaa(p10,p11,p12,p13) cre(p0) cre(p12) cre(p13) des(p1) des(p10) des(p11) 
    19   (   1.00000) h1aa(p0,p12) r2aaaa(p10,p11,p12,p13) cre(p0) cre(p13) des(p10) des(p11) 
    20   (  -1.00000) h1aa(p0,p13) r2aaaa(p10,p11,p12,p13) cre(p0) cre(p12) des(p10) des(p11) 
    21   (  -1.00000) r2aaaa(p10,p11,p12,p13) h1aa(p0,p1) cre(p0) cre(p12) cre(p13) des(p1) des(p10) des(p11) 
    22   (   1.00000) r2aaaa(p10,p0,p12,p13) h1aa(p0,p1) cre(p12) cre(p13) des(p1) des(p10) 
    23   (  -1.00000) r2aaaa(p0,p11,p12,p13) h1aa(p0,p1) cre(p12) cre(p13) des(p1) des(p11) 
    24   (  -1.00000) h1aa(p0,p1) r2bbbb(q10,q11,q12,q13) cre(p0) cre(q10) cre(q11) des(p1) des(q12) des(q13) 
    25   (   1.00000) r2bbbb(q10,q11,q12,q13) h1aa(p0,p1) cre(p0) cre(q10) cre(q11) des(p1) des(q12) des(q13) 
    26   (   1.00000) h1aa(p0,p1) r2bbbb(q10,q11,q12,q13) cre(p0) cre(q12) cre(q13) des(p1) des(q10) des(q11) 
    27   (  -1.00000) r2bbbb(q10,q11,q12,q13) h1aa(p0,p1) cre(p0) cre(q12) cre(q13) des(p1) des(q10) des(q11) 
    28   (  -1.00000) h1aa(p0,p1) r2baba(q14,p14,q15,p15) cre(p0) cre(p14) cre(q14) des(p1) des(p15) des(q15) 
    29   (  -1.00000) h1aa(p0,p14) r2baba(q14,p14,q15,p15) cre(p0) cre(q14) des(p15) des(q15) 
    30   (   1.00000) r2baba(q14,p14,q15,p15) h1aa(p0,p1) cre(p0) cre(p14) cre(q14) des(p1) des(p15) des(q15) 
    31   (   1.00000) r2baba(q14,p14,q15,p0) h1aa(p0,p1) cre(p14) cre(q14) des(p1) des(q15) 
    32   (   1.00000) h1aa(p0,p1) r2baba(q14,p14,q15,p15) cre(p0) cre(p15) cre(q15) des(p1) des(p14) des(q14) 
    33   (   1.00000) h1aa(p0,p15) r2baba(q14,p14,q15,p15) cre(p0) cre(q15) des(p14) des(q14) 
    34   (  -1.00000) r2baba(q14,p14,q15,p15) h1aa(p0,p1) cre(p0) cre(p15) cre(q15) des(p1) des(p14) des(q14) 
    35   (  -1.00000) r2baba(q14,p0,q15,p15) h1aa(p0,p1) cre(p15) cre(q15) des(p1) des(q14) 
    36   (  -1.00000) h1bb(q0,q1) r1aa(p8,p9) cre(p8) cre(q0) des(p9) des(q1) 
    37   (   1.00000) r1aa(p8,p9) h1bb(q0,q1) cre(p8) cre(q0) des(p9) des(q1) 
    38   (   1.00000) h1bb(q0,q1) r1aa(p8,p9) cre(p9) cre(q0) des(p8) des(q1) 
    39   (  -1.00000) r1aa(p8,p9) h1bb(q0,q1) cre(p9) cre(q0) des(p8) des(q1) 
    40   (  -1.00000) h1bb(q0,q1) r1bb(q8,q9) cre(q0) cre(q8) des(q1) des(q9) 
    41   (   1.00000) h1bb(q0,q8) r1bb(q8,q9) cre(q0) des(q9) 
    42   (   1.00000) r1bb(q8,q9) h1bb(q0,q1) cre(q0) cre(q8) des(q1) des(q9) 
    43   (  -1.00000) r1bb(q8,q0) h1bb(q0,q1) cre(q8) des(q1) 
    44   (   1.00000) h1bb(q0,q1) r1bb(q8,q9) cre(q0) cre(q9) des(q1) des(q8) 
    45   (  -1.00000) h1bb(q0,q9) r1bb(q8,q9) cre(q0) des(q8) 
    46   (  -1.00000) r1bb(q8,q9) h1bb(q0,q1) cre(q0) cre(q9) des(q1) des(q8) 
    47   (   1.00000) r1bb(q0,q9) h1bb(q0,q1) cre(q9) des(q1) 
    48   (  -1.00000) h1bb(q0,q1) r2aaaa(p10,p11,p12,p13) cre(p10) cre(p11) cre(q0) des(p12) des(p13) des(q1) 
    49   (   1.00000) r2aaaa(p10,p11,p12,p13) h1bb(q0,q1) cre(p10) cre(p11) cre(q0) des(p12) des(p13) des(q1) 
    50   (   1.00000) h1bb(q0,q1) r2aaaa(p10,p11,p12,p13) cre(p12) cre(p13) cre(q0) des(p10) des(p11) des(q1) 
    51   (  -1.00000) r2aaaa(p10,p11,p12,p13) h1bb(q0,q1) cre(p12) cre(p13) cre(q0) des(p10) des(p11) des(q1) 
    52   (  -1.00000) h1bb(q0,q1) r2bbbb(q10,q11,q12,q13) cre(q0) cre(q10) cre(q11) des(q1) des(q12) des(q13) 
    53   (  -1.00000) h1bb(q0,q10) r2bbbb(q10,q11,q12,q13) cre(q0) cre(q11) des(q12) des(q13) 
    54   (   1.00000) h1bb(q0,q11) r2bbbb(q10,q11,q12,q13) cre(q0) cre(q10) des(q12) des(q13) 
    55   (   1.00000) r2bbbb(q10,q11,q12,q13) h1bb(q0,q1) cre(q0) cre(q10) cre(q11) des(q1) des(q12) des(q13) 
    56   (  -1.00000) r2bbbb(q10,q11,q12,q0) h1bb(q0,q1) cre(q10) cre(q11) des(q1) des(q12) 
    57   (   1.00000) r2bbbb(q10,q11,q0,q13) h1bb(q0,q1) cre(q10) cre(q11) des(q1) des(q13) 
    58   (   1.00000) h1bb(q0,q1) r2bbbb(q10,q11,q12,q13) cre(q0) cre(q12) cre(q13) des(q1) des(q10) des(q11) 
    59   (   1.00000) h1bb(q0,q12) r2bbbb(q10,q11,q12,q13) cre(q0) cre(q13) des(q10) des(q11) 
    60   (  -1.00000) h1bb(q0,q13) r2bbbb(q10,q11,q12,q13) cre(q0) cre(q12) des(q10) des(q11) 
    61   (  -1.00000) r2bbbb(q10,q11,q12,q13) h1bb(q0,q1) cre(q0) cre(q12) cre(q13) des(q1) des(q10) des(q11) 
    62   (   1.00000) r2bbbb(q10,q0,q12,q13) h1bb(q0,q1) cre(q12) cre(q13) des(q1) des(q10) 
    63   (  -1.00000) r2bbbb(q0,q11,q12,q13) h1bb(q0,q1) cre(q12) cre(q13) des(q1) des(q11) 
    64   (  -1.00000) h1bb(q0,q1) r2baba(q14,p14,q15,p15) cre(p14) cre(q0) cre(q14) des(p15) des(q1) des(q15) 
    65   (  -1.00000) h1bb(q0,q14) r2baba(q14,p14,q15,p15) cre(p14) cre(q0) des(p15) des(q15) 
    66   (   1.00000) r2baba(q14,p14,q15,p15) h1bb(q0,q1) cre(p14) cre(q0) cre(q14) des(p15) des(q1) des(q15) 
    67   (   1.00000) r2baba(q14,p14,q0,p15) h1bb(q0,q1) cre(p14) cre(q14) des(p15) des(q1) 
    68   (   1.00000) h1bb(q0,q1) r2baba(q14,p14,q15,p15) cre(p15) cre(q0) cre(q15) des(p14) des(q1) des(q14) 
    69   (   1.00000) h1bb(q0,q15) r2baba(q14,p14,q15,p15) cre(p15) cre(q0) des(p14) des(q14) 
    70   (  -1.00000) r2baba(q14,p14,q15,p15) h1bb(q0,q1) cre(p15) cre(q0) cre(q15) des(p14) des(q1) des(q14) 
    71   (  -1.00000) r2baba(q0,p14,q15,p15) h1bb(q0,q1) cre(p15) cre(q15) des(p14) des(q1) 
    72   (  -0.25000) h2aaaa(p2,p3,p4,p5) r1aa(p8,p9) cre(p2) cre(p3) cre(p8) des(p4) des(p5) des(p9) 
    73   (  -0.25000) h2aaaa(p2,p3,p4,p8) r1aa(p8,p9) cre(p2) cre(p3) des(p4) des(p9) 
    74   (   0.25000) h2aaaa(p2,p3,p8,p5) r1aa(p8,p9) cre(p2) cre(p3) des(p5) des(p9) 
    75   (   0.25000) r1aa(p8,p9) h2aaaa(p2,p3,p4,p5) cre(p2) cre(p3) cre(p8) des(p4) des(p5) des(p9) 
    76   (  -0.25000) r1aa(p8,p2) h2aaaa(p2,p3,p4,p5) cre(p3) cre(p8) des(p4) des(p5) 
    77   (   0.25000) r1aa(p8,p3) h2aaaa(p2,p3,p4,p5) cre(p2) cre(p8) des(p4) des(p5) 
    78   (   0.25000) h2aaaa(p2,p3,p4,p5) r1aa(p8,p9) cre(p2) cre(p3) cre(p9) des(p4) des(p5) des(p8) 
    79   (   0.25000) h2aaaa(p2,p3,p4,p9) r1aa(p8,p9) cre(p2) cre(p3) des(p4) des(p8) 
    80   (  -0.25000) h2aaaa(p2,p3,p9,p5) r1aa(p8,p9) cre(p2) cre(p3) des(p5) des(p8) 
    81   (  -0.25000) r1aa(p8,p9) h2aaaa(p2,p3,p4,p5) cre(p2) cre(p3) cre(p9) des(p4) des(p5) des(p8) 
    82   (   0.25000) r1aa(p2,p9) h2aaaa(p2,p3,p4,p5) cre(p3) cre(p9) des(p4) des(p5) 
    83   (  -0.25000) r1aa(p3,p9) h2aaaa(p2,p3,p4,p5) cre(p2) cre(p9) des(p4) des(p5) 
    84   (  -0.25000) h2aaaa(p2,p3,p4,p5) r1bb(q8,q9) cre(p2) cre(p3) cre(q8) des(p4) des(p5) des(q9) 
    85   (   0.25000) r1bb(q8,q9) h2aaaa(p2,p3,p4,p5) cre(p2) cre(p3) cre(q8) des(p4) des(p5) des(q9) 
    86   (   0.25000) h2aaaa(p2,p3,p4,p5) r1bb(q8,q9) cre(p2) cre(p3) cre(q9) des(p4) des(p5) des(q8) 
    87   (  -0.25000) r1bb(q8,q9) h2aaaa(p2,p3,p4,p5) cre(p2) cre(p3) cre(q9) des(p4) des(p5) des(q8) 
    88   (   0.25000) h2aaaa(p2,p3,p4,p5) r2aaaa(p10,p11,p12,p13) cre(p10) cre(p11) cre(p2) cre(p3) des(p12) des(p13) des(p4) des(p5) 
    89   (  -0.25000) h2aaaa(p2,p3,p4,p10) r2aaaa(p10,p11,p12,p13) cre(p11) cre(p2) cre(p3) des(p12) des(p13) des(p4) 
    90   (   0.25000) h2aaaa(p2,p3,p4,p11) r2aaaa(p10,p11,p12,p13) cre(p10) cre(p2) cre(p3) des(p12) des(p13) des(p4) 
    91   (   0.25000) h2aaaa(p2,p3,p10,p5) r2aaaa(p10,p11,p12,p13) cre(p11) cre(p2) cre(p3) des(p12) des(p13) des(p5) 
    92   (  -0.25000) h2aaaa(p2,p3,p11,p5) r2aaaa(p10,p11,p12,p13) cre(p10) cre(p2) cre(p3) des(p12) des(p13) des(p5) 
    93   (   0.25000) h2aaaa(p2,p3,p11,p10) r2aaaa(p10,p11,p12,p13) cre(p2) cre(p3) des(p12) des(p13) 
    94   (  -0.25000) h2aaaa(p2,p3,p10,p11) r2aaaa(p10,p11,p12,p13) cre(p2) cre(p3) des(p12) des(p13) 
    95   (  -0.25000) r2aaaa(p10,p11,p12,p13) h2aaaa(p2,p3,p4,p5) cre(p10) cre(p11) cre(p2) cre(p3) des(p12) des(p13) des(p4) des(p5) 
    96   (   0.25000) r2aaaa(p10,p11,p12,p2) h2aaaa(p2,p3,p4,p5) cre(p10) cre(p11) cre(p3) des(p12) des(p4) des(p5) 
    97   (  -0.25000) r2aaaa(p10,p11,p12,p3) h2aaaa(p2,p3,p4,p5) cre(p10) cre(p11) cre(p2) des(p12) des(p4) des(p5) 
    98   (  -0.25000) r2aaaa(p10,p11,p2,p13) h2aaaa(p2,p3,p4,p5) cre(p10) cre(p11) cre(p3) des(p13) des(p4) des(p5) 
    99   (   0.25000) r2aaaa(p10,p11,p3,p13) h2aaaa(p2,p3,p4,p5) cre(p10) cre(p11) cre(p2) des(p13) des(p4) des(p5) 
   100   (  -0.25000) r2aaaa(p10,p11,p3,p2) h2aaaa(p2,p3,p4,p5) cre(p10) cre(p11) des(p4) des(p5) 
   101   (   0.25000) r2aaaa(p10,p11,p2,p3) h2aaaa(p2,p3,p4,p5) cre(p10) cre(p11) des(p4) des(p5) 
   102   (  -0.25000) h2aaaa(p2,p3,p4,p5) r2aaaa(p10,p11,p12,p13) cre(p12) cre(p13) cre(p2) cre(p3) des(p10) des(p11) des(p4) des(p5) 
   103   (   0.25000) h2aaaa(p2,p3,p4,p12) r2aaaa(p10,p11,p12,p13) cre(p13) cre(p2) cre(p3) des(p10) des(p11) des(p4) 
   104   (  -0.25000) h2aaaa(p2,p3,p4,p13) r2aaaa(p10,p11,p12,p13) cre(p12) cre(p2) cre(p3) des(p10) des(p11) des(p4) 
   105   (  -0.25000) h2aaaa(p2,p3,p12,p5) r2aaaa(p10,p11,p12,p13) cre(p13) cre(p2) cre(p3) des(p10) des(p11) des(p5) 
   106   (   0.25000) h2aaaa(p2,p3,p13,p5) r2aaaa(p10,p11,p12,p13) cre(p12) cre(p2) cre(p3) des(p10) des(p11) des(p5) 
   107   (  -0.25000) h2aaaa(p2,p3,p13,p12) r2aaaa(p10,p11,p12,p13) cre(p2) cre(p3) des(p10) des(p11) 
   108   (   0.25000) h2aaaa(p2,p3,p12,p13) r2aaaa(p10,p11,p12,p13) cre(p2) cre(p3) des(p10) des(p11) 
   109   (   0.25000) r2aaaa(p10,p11,p12,p13) h2aaaa(p2,p3,p4,p5) cre(p12) cre(p13) cre(p2) cre(p3) des(p10) des(p11) des(p4) des(p5) 
   110   (  -0.25000) r2aaaa(p10,p2,p12,p13) h2aaaa(p2,p3,p4,p5) cre(p12) cre(p13) cre(p3) des(p10) des(p4) des(p5) 
   111   (   0.25000) r2aaaa(p10,p3,p12,p13) h2aaaa(p2,p3,p4,p5) cre(p12) cre(p13) cre(p2) des(p10) des(p4) des(p5) 
   112   (   0.25000) r2aaaa(p2,p11,p12,p13) h2aaaa(p2,p3,p4,p5) cre(p12) cre(p13) cre(p3) des(p11) des(p4) des(p5) 
   113   (  -0.25000) r2aaaa(p3,p11,p12,p13) h2aaaa(p2,p3,p4,p5) cre(p12) cre(p13) cre(p2) des(p11) des(p4) des(p5) 
   114   (   0.25000) r2aaaa(p3,p2,p12,p13) h2aaaa(p2,p3,p4,p5) cre(p12) cre(p13) des(p4) des(p5) 
   115   (  -0.25000) r2aaaa(p2,p3,p12,p13) h2aaaa(p2,p3,p4,p5) cre(p12) cre(p13) des(p4) des(p5) 
   116   (   0.25000) h2aaaa(p2,p3,p4,p5) r2bbbb(q10,q11,q12,q13) cre(p2) cre(p3) cre(q10) cre(q11) des(p4) des(p5) des(q12) des(q13) 
   117   (  -0.25000) r2bbbb(q10,q11,q12,q13) h2aaaa(p2,p3,p4,p5) cre(p2) cre(p3) cre(q10) cre(q11) des(p4) des(p5) des(q12) des(q13) 
   118   (  -0.25000) h2aaaa(p2,p3,p4,p5) r2bbbb(q10,q11,q12,q13) cre(p2) cre(p3) cre(q12) cre(q13) des(p4) des(p5) des(q10) des(q11) 
   119   (   0.25000) r2bbbb(q10,q11,q12,q13) h2aaaa(p2,p3,p4,p5) cre(p2) cre(p3) cre(q12) cre(q13) des(p4) des(p5) des(q10) des(q11) 
   120   (   0.25000) h2aaaa(p2,p3,p4,p5) r2baba(q14,p14,q15,p15) cre(p14) cre(p2) cre(p3) cre(q14) des(p15) des(p4) des(p5) des(q15) 
   121   (   0.25000) h2aaaa(p2,p3,p4,p14) r2baba(q14,p14,q15,p15) cre(p2) cre(p3) cre(q14) des(p15) des(p4) des(q15) 
   122   (  -0.25000) h2aaaa(p2,p3,p14,p5) r2baba(q14,p14,q15,p15) cre(p2) cre(p3) cre(q14) des(p15) des(p5) des(q15) 
   123   (  -0.25000) r2baba(q14,p14,q15,p15) h2aaaa(p2,p3,p4,p5) cre(p14) cre(p2) cre(p3) cre(q14) des(p15) des(p4) des(p5) des(q15) 
   124   (   0.25000) r2baba(q14,p14,q15,p2) h2aaaa(p2,p3,p4,p5) cre(p14) cre(p3) cre(q14) des(p4) des(p5) des(q15) 
   125   (  -0.25000) r2baba(q14,p14,q15,p3) h2aaaa(p2,p3,p4,p5) cre(p14) cre(p2) cre(q14) des(p4) des(p5) des(q15) 
   126   (  -0.25000) h2aaaa(p2,p3,p4,p5) r2baba(q14,p14,q15,p15) cre(p15) cre(p2) cre(p3) cre(q15) des(p14) des(p4) des(p5) des(q14) 
   127   (  -0.25000) h2aaaa(p2,p3,p4,p15) r2baba(q14,p14,q15,p15) cre(p2) cre(p3) cre(q15) des(p14) des(p4) des(q14) 
   128   (   0.25000) h2aaaa(p2,p3,p15,p5) r2baba(q14,p14,q15,p15) cre(p2) cre(p3) cre(q15) des(p14) des(p5) des(q14) 
   129   (   0.25000) r2baba(q14,p14,q15,p15) h2aaaa(p2,p3,p4,p5) cre(p15) cre(p2) cre(p3) cre(q15) des(p14) des(p4) des(p5) des(q14) 
   130   (  -0.25000) r2baba(q14,p2,q15,p15) h2aaaa(p2,p3,p4,p5) cre(p15) cre(p3) cre(q15) des(p4) des(p5) des(q14) 
   131   (   0.25000) r2baba(q14,p3,q15,p15) h2aaaa(p2,p3,p4,p5) cre(p15) cre(p2) cre(q15) des(p4) des(p5) des(q14) 
   132   (  -0.25000) h2bbbb(q2,q3,q4,q5) r1aa(p8,p9) cre(p8) cre(q2) cre(q3) des(p9) des(q4) des(q5) 
   133   (   0.25000) r1aa(p8,p9) h2bbbb(q2,q3,q4,q5) cre(p8) cre(q2) cre(q3) des(p9) des(q4) des(q5) 
   134   (   0.25000) h2bbbb(q2,q3,q4,q5) r1aa(p8,p9) cre(p9) cre(q2) cre(q3) des(p8) des(q4) des(q5) 
   135   (  -0.25000) r1aa(p8,p9) h2bbbb(q2,q3,q4,q5) cre(p9) cre(q2) cre(q3) des(p8) des(q4) des(q5) 
   136   (  -0.25000) h2bbbb(q2,q3,q4,q5) r1bb(q8,q9) cre(q2) cre(q3) cre(q8) des(q4) des(q5) des(q9) 
   137   (  -0.25000) h2bbbb(q2,q3,q4,q8) r1bb(q8,q9) cre(q2) cre(q3) des(q4) des(q9) 
   138   (   0.25000) h2bbbb(q2,q3,q8,q5) r1bb(q8,q9) cre(q2) cre(q3) des(q5) des(q9) 
   139   (   0.25000) r1bb(q8,q9) h2bbbb(q2,q3,q4,q5) cre(q2) cre(q3) cre(q8) des(q4) des(q5) des(q9) 
   140   (  -0.25000) r1bb(q8,q2) h2bbbb(q2,q3,q4,q5) cre(q3) cre(q8) des(q4) des(q5) 
   141   (   0.25000) r1bb(q8,q3) h2bbbb(q2,q3,q4,q5) cre(q2) cre(q8) des(q4) des(q5) 
   142   (   0.25000) h2bbbb(q2,q3,q4,q5) r1bb(q8,q9) cre(q2) cre(q3) cre(q9) des(q4) des(q5) des(q8) 
   143   (   0.25000) h2bbbb(q2,q3,q4,q9) r1bb(q8,q9) cre(q2) cre(q3) des(q4) des(q8) 
   144   (  -0.25000) h2bbbb(q2,q3,q9,q5) r1bb(q8,q9) cre(q2) cre(q3) des(q5) des(q8) 
   145   (  -0.25000) r1bb(q8,q9) h2bbbb(q2,q3,q4,q5) cre(q2) cre(q3) cre(q9) des(q4) des(q5) des(q8) 
   146   (   0.25000) r1bb(q2,q9) h2bbbb(q2,q3,q4,q5) cre(q3) cre(q9) des(q4) des(q5) 
   147   (  -0.25000) r1bb(q3,q9) h2bbbb(q2,q3,q4,q5) cre(q2) cre(q9) des(q4) des(q5) 
   148   (   0.25000) h2bbbb(q2,q3,q4,q5) r2aaaa(p10,p11,p12,p13) cre(p10) cre(p11) cre(q2) cre(q3) des(p12) des(p13) des(q4) des(q5) 
   149   (  -0.25000) r2aaaa(p10,p11,p12,p13) h2bbbb(q2,q3,q4,q5) cre(p10) cre(p11) cre(q2) cre(q3) des(p12) des(p13) des(q4) des(q5) 
   150   (  -0.25000) h2bbbb(q2,q3,q4,q5) r2aaaa(p10,p11,p12,p13) cre(p12) cre(p13) cre(q2) cre(q3) des(p10) des(p11) des(q4) des(q5) 
   151   (   0.25000) r2aaaa(p10,p11,p12,p13) h2bbbb(q2,q3,q4,q5) cre(p12) cre(p13) cre(q2) cre(q3) des(p10) des(p11) des(q4) des(q5) 
   152   (   0.25000) h2bbbb(q2,q3,q4,q5) r2bbbb(q10,q11,q12,q13) cre(q10) cre(q11) cre(q2) cre(q3) des(q12) des(q13) des(q4) des(q5) 
   153   (  -0.25000) h2bbbb(q2,q3,q4,q10) r2bbbb(q10,q11,q12,q13) cre(q11) cre(q2) cre(q3) des(q12) des(q13) des(q4) 
   154   (   0.25000) h2bbbb(q2,q3,q4,q11) r2bbbb(q10,q11,q12,q13) cre(q10) cre(q2) cre(q3) des(q12) des(q13) des(q4) 
   155   (   0.25000) h2bbbb(q2,q3,q10,q5) r2bbbb(q10,q11,q12,q13) cre(q11) cre(q2) cre(q3) des(q12) des(q13) des(q5) 
   156   (  -0.25000) h2bbbb(q2,q3,q11,q5) r2bbbb(q10,q11,q12,q13) cre(q10) cre(q2) cre(q3) des(q12) des(q13) des(q5) 
   157   (   0.25000) h2bbbb(q2,q3,q11,q10) r2bbbb(q10,q11,q12,q13) cre(q2) cre(q3) des(q12) des(q13) 
   158   (  -0.25000) h2bbbb(q2,q3,q10,q11) r2bbbb(q10,q11,q12,q13) cre(q2) cre(q3) des(q12) des(q13) 
   159   (  -0.25000) r2bbbb(q10,q11,q12,q13) h2bbbb(q2,q3,q4,q5) cre(q10) cre(q11) cre(q2) cre(q3) des(q12) des(q13) des(q4) des(q5) 
   160   (   0.25000) r2bbbb(q10,q11,q12,q2) h2bbbb(q2,q3,q4,q5) cre(q10) cre(q11) cre(q3) des(q12) des(q4) des(q5) 
   161   (  -0.25000) r2bbbb(q10,q11,q12,q3) h2bbbb(q2,q3,q4,q5) cre(q10) cre(q11) cre(q2) des(q12) des(q4) des(q5) 
   162   (  -0.25000) r2bbbb(q10,q11,q2,q13) h2bbbb(q2,q3,q4,q5) cre(q10) cre(q11) cre(q3) des(q13) des(q4) des(q5) 
   163   (   0.25000) r2bbbb(q10,q11,q3,q13) h2bbbb(q2,q3,q4,q5) cre(q10) cre(q11) cre(q2) des(q13) des(q4) des(q5) 
   164   (  -0.25000) r2bbbb(q10,q11,q3,q2) h2bbbb(q2,q3,q4,q5) cre(q10) cre(q11) des(q4) des(q5) 
   165   (   0.25000) r2bbbb(q10,q11,q2,q3) h2bbbb(q2,q3,q4,q5) cre(q10) cre(q11) des(q4) des(q5) 
   166   (  -0.25000) h2bbbb(q2,q3,q4,q5) r2bbbb(q10,q11,q12,q13) cre(q12) cre(q13) cre(q2) cre(q3) des(q10) des(q11) des(q4) des(q5) 
   167   (   0.25000) h2bbbb(q2,q3,q4,q12) r2bbbb(q10,q11,q12,q13) cre(q13) cre(q2) cre(q3) des(q10) des(q11) des(q4) 
   168   (  -0.25000) h2bbbb(q2,q3,q4,q13) r2bbbb(q10,q11,q12,q13) cre(q12) cre(q2) cre(q3) des(q10) des(q11) des(q4) 
   169   (  -0.25000) h2bbbb(q2,q3,q12,q5) r2bbbb(q10,q11,q12,q13) cre(q13) cre(q2) cre(q3) des(q10) des(q11) des(q5) 
   170   (   0.25000) h2bbbb(q2,q3,q13,q5) r2bbbb(q10,q11,q12,q13) cre(q12) cre(q2) cre(q3) des(q10) des(q11) des(q5) 
   171   (  -0.25000) h2bbbb(q2,q3,q13,q12) r2bbbb(q10,q11,q12,q13) cre(q2) cre(q3) des(q10) des(q11) 
   172   (   0.25000) h2bbbb(q2,q3,q12,q13) r2bbbb(q10,q11,q12,q13) cre(q2) cre(q3) des(q10) des(q11) 
   173   (   0.25000) r2bbbb(q10,q11,q12,q13) h2bbbb(q2,q3,q4,q5) cre(q12) cre(q13) cre(q2) cre(q3) des(q10) des(q11) des(q4) des(q5) 
   174   (  -0.25000) r2bbbb(q10,q2,q12,q13) h2bbbb(q2,q3,q4,q5) cre(q12) cre(q13) cre(q3) des(q10) des(q4) des(q5) 
   175   (   0.25000) r2bbbb(q10,q3,q12,q13) h2bbbb(q2,q3,q4,q5) cre(q12) cre(q13) cre(q2) des(q10) des(q4) des(q5) 
   176   (   0.25000) r2bbbb(q2,q11,q12,q13) h2bbbb(q2,q3,q4,q5) cre(q12) cre(q13) cre(q3) des(q11) des(q4) des(q5) 
   177   (  -0.25000) r2bbbb(q3,q11,q12,q13) h2bbbb(q2,q3,q4,q5) cre(q12) cre(q13) cre(q2) des(q11) des(q4) des(q5) 
   178   (   0.25000) r2bbbb(q3,q2,q12,q13) h2bbbb(q2,q3,q4,q5) cre(q12) cre(q13) des(q4) des(q5) 
   179   (  -0.25000) r2bbbb(q2,q3,q12,q13) h2bbbb(q2,q3,q4,q5) cre(q12) cre(q13) des(q4) des(q5) 
   180   (   0.25000) h2bbbb(q2,q3,q4,q5) r2baba(q14,p14,q15,p15) cre(p14) cre(q14) cre(q2) cre(q3) des(p15) des(q15) des(q4) des(q5) 
   181   (   0.25000) h2bbbb(q2,q3,q4,q14) r2baba(q14,p14,q15,p15) cre(p14) cre(q2) cre(q3) des(p15) des(q15) des(q4) 
   182   (  -0.25000) h2bbbb(q2,q3,q14,q5) r2baba(q14,p14,q15,p15) cre(p14) cre(q2) cre(q3) des(p15) des(q15) des(q5) 
   183   (  -0.25000) r2baba(q14,p14,q15,p15) h2bbbb(q2,q3,q4,q5) cre(p14) cre(q14) cre(q2) cre(q3) des(p15) des(q15) des(q4) des(q5) 
   184   (   0.25000) r2baba(q14,p14,q2,p15) h2bbbb(q2,q3,q4,q5) cre(p14) cre(q14) cre(q3) des(p15) des(q4) des(q5) 
   185   (  -0.25000) r2baba(q14,p14,q3,p15) h2bbbb(q2,q3,q4,q5) cre(p14) cre(q14) cre(q2) des(p15) des(q4) des(q5) 
   186   (  -0.25000) h2bbbb(q2,q3,q4,q5) r2baba(q14,p14,q15,p15) cre(p15) cre(q15) cre(q2) cre(q3) des(p14) des(q14) des(q4) des(q5) 
   187   (  -0.25000) h2bbbb(q2,q3,q4,q15) r2baba(q14,p14,q15,p15) cre(p15) cre(q2) cre(q3) des(p14) des(q14) des(q4) 
   188   (   0.25000) h2bbbb(q2,q3,q15,q5) r2baba(q14,p14,q15,p15) cre(p15) cre(q2) cre(q3) des(p14) des(q14) des(q5) 
   189   (   0.25000) r2baba(q14,p14,q15,p15) h2bbbb(q2,q3,q4,q5) cre(p15) cre(q15) cre(q2) cre(q3) des(p14) des(q14) des(q4) des(q5) 
   190   (  -0.25000) r2baba(q2,p14,q15,p15) h2bbbb(q2,q3,q4,q5) cre(p15) cre(q15) cre(q3) des(p14) des(q4) des(q5) 
   191   (   0.25000) r2baba(q3,p14,q15,p15) h2bbbb(q2,q3,q4,q5) cre(p15) cre(q15) cre(q2) des(p14) des(q4) des(q5) 
   192   (  -1.00000) h2baba(q6,p6,q7,p7) r1aa(p8,p9) cre(p6) cre(p8) cre(q6) des(p7) des(p9) des(q7) 
   193   (  -1.00000) h2baba(q6,p6,q7,p8) r1aa(p8,p9) cre(p6) cre(q6) des(p9) des(q7) 
   194   (   1.00000) r1aa(p8,p9) h2baba(q6,p6,q7,p7) cre(p6) cre(p8) cre(q6) des(p7) des(p9) des(q7) 
   195   (   1.00000) r1aa(p8,p6) h2baba(q6,p6,q7,p7) cre(p8) cre(q6) des(p7) des(q7) 
   196   (   1.00000) h2baba(q6,p6,q7,p7) r1aa(p8,p9) cre(p6) cre(p9) cre(q6) des(p7) des(p8) des(q7) 
   197   (   1.00000) h2baba(q6,p6,q7,p9) r1aa(p8,p9) cre(p6) cre(q6) des(p8) des(q7) 
   198   (  -1.00000) r1aa(p8,p9) h2baba(q6,p6,q7,p7) cre(p6) cre(p9) cre(q6) des(p7) des(p8) des(q7) 
   199   (  -1.00000) r1aa(p6,p9) h2baba(q6,p6,q7,p7) cre(p9) cre(q6) des(p7) des(q7) 
   200   (  -1.00000) h2baba(q6,p6,q7,p7) r1bb(q8,q9) cre(p6) cre(q6) cre(q8) des(p7) des(q7) des(q9) 
   201   (  -1.00000) h2baba(q6,p6,q8,p7) r1bb(q8,q9) cre(p6) cre(q6) des(p7) des(q9) 
   202   (   1.00000) r1bb(q8,q9) h2baba(q6,p6,q7,p7) cre(p6) cre(q6) cre(q8) des(p7) des(q7) des(q9) 
   203   (   1.00000) r1bb(q8,q6) h2baba(q6,p6,q7,p7) cre(p6) cre(q8) des(p7) des(q7) 
   204   (   1.00000) h2baba(q6,p6,q7,p7) r1bb(q8,q9) cre(p6) cre(q6) cre(q9) des(p7) des(q7) des(q8) 
   205   (   1.00000) h2baba(q6,p6,q9,p7) r1bb(q8,q9) cre(p6) cre(q6) des(p7) des(q8) 
   206   (  -1.00000) r1bb(q8,q9) h2baba(q6,p6,q7,p7) cre(p6) cre(q6) cre(q9) des(p7) des(q7) des(q8) 
   207   (  -1.00000) r1bb(q6,q9) h2baba(q6,p6,q7,p7) cre(p6) cre(q9) des(p7) des(q7) 
   208   (   1.00000) h2baba(q6,p6,q7,p7) r2aaaa(p10,p11,p12,p13) cre(p10) cre(p11) cre(p6) cre(q6) des(p12) des(p13) des(p7) des(q7) 
   209   (   1.00000) h2baba(q6,p6,q7,p10) r2aaaa(p10,p11,p12,p13) cre(p11) cre(p6) cre(q6) des(p12) des(p13) des(q7) 
   210   (  -1.00000) h2baba(q6,p6,q7,p11) r2aaaa(p10,p11,p12,p13) cre(p10) cre(p6) cre(q6) des(p12) des(p13) des(q7) 
   211   (  -1.00000) r2aaaa(p10,p11,p12,p13) h2baba(q6,p6,q7,p7) cre(p10) cre(p11) cre(p6) cre(q6) des(p12) des(p13) des(p7) des(q7) 
   212   (   1.00000) r2aaaa(p10,p11,p12,p6) h2baba(q6,p6,q7,p7) cre(p10) cre(p11) cre(q6) des(p12) des(p7) des(q7) 
   213   (  -1.00000) r2aaaa(p10,p11,p6,p13) h2baba(q6,p6,q7,p7) cre(p10) cre(p11) cre(q6) des(p13) des(p7) des(q7) 
   214   (  -1.00000) h2baba(q6,p6,q7,p7) r2aaaa(p10,p11,p12,p13) cre(p12) cre(p13) cre(p6) cre(q6) des(p10) des(p11) des(p7) des(q7) 
   215   (  -1.00000) h2baba(q6,p6,q7,p12) r2aaaa(p10,p11,p12,p13) cre(p13) cre(p6) cre(q6) des(p10) des(p11) des(q7) 
   216   (   1.00000) h2baba(q6,p6,q7,p13) r2aaaa(p10,p11,p12,p13) cre(p12) cre(p6) cre(q6) des(p10) des(p11) des(q7) 
   217   (   1.00000) r2aaaa(p10,p11,p12,p13) h2baba(q6,p6,q7,p7) cre(p12) cre(p13) cre(p6) cre(q6) des(p10) des(p11) des(p7) des(q7) 
   218   (  -1.00000) r2aaaa(p10,p6,p12,p13) h2baba(q6,p6,q7,p7) cre(p12) cre(p13) cre(q6) des(p10) des(p7) des(q7) 
   219   (   1.00000) r2aaaa(p6,p11,p12,p13) h2baba(q6,p6,q7,p7) cre(p12) cre(p13) cre(q6) des(p11) des(p7) des(q7) 
   220   (   1.00000) h2baba(q6,p6,q7,p7) r2bbbb(q10,q11,q12,q13) cre(p6) cre(q10) cre(q11) cre(q6) des(p7) des(q12) des(q13) des(q7) 
   221   (   1.00000) h2baba(q6,p6,q10,p7) r2bbbb(q10,q11,q12,q13) cre(p6) cre(q11) cre(q6) des(p7) des(q12) des(q13) 
   222   (  -1.00000) h2baba(q6,p6,q11,p7) r2bbbb(q10,q11,q12,q13) cre(p6) cre(q10) cre(q6) des(p7) des(q12) des(q13) 
   223   (  -1.00000) r2bbbb(q10,q11,q12,q13) h2baba(q6,p6,q7,p7) cre(p6) cre(q10) cre(q11) cre(q6) des(p7) des(q12) des(q13) des(q7) 
   224   (   1.00000) r2bbbb(q10,q11,q12,q6) h2baba(q6,p6,q7,p7) cre(p6) cre(q10) cre(q11) des(p7) des(q12) des(q7) 
   225   (  -1.00000) r2bbbb(q10,q11,q6,q13) h2baba(q6,p6,q7,p7) cre(p6) cre(q10) cre(q11) des(p7) des(q13) des(q7) 
   226   (  -1.00000) h2baba(q6,p6,q7,p7) r2bbbb(q10,q11,q12,q13) cre(p6) cre(q12) cre(q13) cre(q6) des(p7) des(q10) des(q11) des(q7) 
   227   (  -1.00000) h2baba(q6,p6,q12,p7) r2bbbb(q10,q11,q12,q13) cre(p6) cre(q13) cre(q6) des(p7) des(q10) des(q11) 
   228   (   1.00000) h2baba(q6,p6,q13,p7) r2bbbb(q10,q11,q12,q13) cre(p6) cre(q12) cre(q6) des(p7) des(q10) des(q11) 
   229   (   1.00000) r2bbbb(q10,q11,q12,q13) h2baba(q6,p6,q7,p7) cre(p6) cre(q12) cre(q13) cre(q6) des(p7) des(q10) des(q11) des(q7) 
   230   (  -1.00000) r2bbbb(q10,q6,q12,q13) h2baba(q6,p6,q7,p7) cre(p6) cre(q12) cre(q13) des(p7) des(q10) des(q7) 
   231   (   1.00000) r2bbbb(q6,q11,q12,q13) h2baba(q6,p6,q7,p7) cre(p6) cre(q12) cre(q13) des(p7) des(q11) des(q7) 
   232   (   1.00000) h2baba(q6,p6,q7,p7) r2baba(q14,p14,q15,p15) cre(p14) cre(p6) cre(q14) cre(q6) des(p15) des(p7) des(q15) des(q7) 
   233   (  -1.00000) h2baba(q6,p6,q7,p14) r2baba(q14,p14,q15,p15) cre(p6) cre(q14) cre(q6) des(p15) des(q15) des(q7) 
   234   (  -1.00000) h2baba(q6,p6,q14,p7) r2baba(q14,p14,q15,p15) cre(p14) cre(p6) cre(q6) des(p15) des(p7) des(q15) 
   235   (  -1.00000) h2baba(q6,p6,q14,p14) r2baba(q14,p14,q15,p15) cre(p6) cre(q6) des(p15) des(q15) 
   236   (  -1.00000) r2baba(q14,p14,q15,p15) h2baba(q6,p6,q7,p7) cre(p14) cre(p6) cre(q14) cre(q6) des(p15) des(p7) des(q15) des(q7) 
   237   (   1.00000) r2baba(q14,p14,q15,p6) h2baba(q6,p6,q7,p7) cre(p14) cre(q14) cre(q6) des(p7) des(q15) des(q7) 
   238   (   1.00000) r2baba(q14,p14,q6,p15) h2baba(q6,p6,q7,p7) cre(p14) cre(p6) cre(q14) des(p15) des(p7) des(q7) 
   239   (   1.00000) r2baba(q14,p14,q6,p6) h2baba(q6,p6,q7,p7) cre(p14) cre(q14) des(p7) des(q7) 
   240   (  -1.00000) h2baba(q6,p6,q7,p7) r2baba(q14,p14,q15,p15) cre(p15) cre(p6) cre(q15) cre(q6) des(p14) des(p7) des(q14) des(q7) 
   241   (   1.00000) h2baba(q6,p6,q7,p15) r2baba(q14,p14,q15,p15) cre(p6) cre(q15) cre(q6) des(p14) des(q14) des(q7) 
   242   (   1.00000) h2baba(q6,p6,q15,p7) r2baba(q14,p14,q15,p15) cre(p15) cre(p6) cre(q6) des(p14) des(p7) des(q14) 
   243   (   1.00000) h2baba(q6,p6,q15,p15) r2baba(q14,p14,q15,p15) cre(p6) cre(q6) des(p14) des(q14) 
   244   (   1.00000) r2baba(q14,p14,q15,p15) h2baba(q6,p6,q7,p7) cre(p15) cre(p6) cre(q15) cre(q6) des(p14) des(p7) des(q14) des(q7) 
   245   (  -1.00000) r2baba(q14,p6,q15,p15) h2baba(q6,p6,q7,p7) cre(p15) cre(q15) cre(q6) des(p7) des(q14) des(q7) 
   246   (  -1.00000) r2baba(q6,p14,q15,p15) h2baba(q6,p6,q7,p7) cre(p15) cre(p6) cre(q15) des(p14) des(p7) des(q7) 
   247   (  -1.00000) r2baba(q6,p6,q15,p15) h2baba(q6,p6,q7,p7) cre(p15) cre(q15) des(p7) des(q7) 
Finished combining terms in 8.289 seconds

commutator complete at 8.720


Checking for transpose equivalencies and combining...
0  (   1.00000) h1aa(a,b) r1aa(a,c) cre(b) des(c) 
1  (   2.00000) h1aa(a,b) r1aa(a,c) cre(c) des(b) 
2  (  -1.00000) h1aa(a,b) r1aa(c,a) cre(b) des(c) 
3  (  -2.00000) h1aa(a,b) r1aa(c,a) cre(c) des(b) 
4  (   1.00000) h1bb(a,b) r1bb(a,c) cre(b) des(c) 
5  (   2.00000) h1bb(a,b) r1bb(a,c) cre(c) des(b) 
6  (  -1.00000) h1bb(a,b) r1bb(c,a) cre(b) des(c) 
7  (  -2.00000) h1bb(a,b) r1bb(c,a) cre(c) des(b) 
8  (  -2.00000) h1aa(a,b) r2aaaa(a,c,d,e) cre(b) cre(c) des(d) des(e) 
9  (  -4.00000) h1aa(a,b) r2aaaa(a,c,d,e) cre(d) cre(e) des(b) des(c) 
10  (   2.00000) h1aa(a,b) r2aaaa(c,d,a,e) cre(b) cre(e) des(c) des(d) 
11  (   4.00000) h1aa(a,b) r2aaaa(c,d,a,e) cre(c) cre(d) des(b) des(e) 
12  (   1.00000) h1aa(a,b) r2baba(c,a,d,e) cre(b) cre(c) des(d) des(e) 
13  (   2.00000) h1aa(a,b) r2baba(c,a,d,e) cre(d) cre(e) des(b) des(c) 
14  (  -1.00000) h1aa(a,b) r2baba(c,d,e,a) cre(b) cre(e) des(c) des(d) 
15  (  -2.00000) h1aa(a,b) r2baba(c,d,e,a) cre(c) cre(d) des(b) des(e) 
16  (  -1.00000) h1bb(a,b) r2baba(a,c,d,e) cre(b) cre(c) des(d) des(e) 
17  (  -2.00000) h1bb(a,b) r2baba(a,c,d,e) cre(d) cre(e) des(b) des(c) 
18  (   1.00000) h1bb(a,b) r2baba(c,d,a,e) cre(b) cre(e) des(c) des(d) 
19  (   2.00000) h1bb(a,b) r2baba(c,d,a,e) cre(c) cre(d) des(b) des(e) 
20  (  -2.00000) h1bb(a,b) r2bbbb(a,c,d,e) cre(b) cre(c) des(d) des(e) 
21  (  -4.00000) h1bb(a,b) r2bbbb(a,c,d,e) cre(d) cre(e) des(b) des(c) 
22  (   2.00000) h1bb(a,b) r2bbbb(c,d,a,e) cre(b) cre(e) des(c) des(d) 
23  (   4.00000) h1bb(a,b) r2bbbb(c,d,a,e) cre(c) cre(d) des(b) des(e) 
24  (   0.50000) h2aaaa(a,b,c,d) r1aa(a,e) cre(b) cre(e) des(c) des(d) 
25  (   1.00000) h2aaaa(a,b,c,d) r1aa(a,e) cre(c) cre(d) des(b) des(e) 
26  (  -0.50000) h2aaaa(a,b,c,d) r1aa(e,a) cre(b) cre(e) des(c) des(d) 
27  (  -1.00000) h2aaaa(a,b,c,d) r1aa(e,a) cre(c) cre(d) des(b) des(e) 
28  (  -0.50000) h2aaaa(a,b,c,d) r2aaaa(a,b,e,f) cre(c) cre(d) des(e) des(f) 
29  (  -1.00000) h2aaaa(a,b,c,d) r2aaaa(a,b,e,f) cre(e) cre(f) des(c) des(d) 
30  (   0.50000) h2aaaa(a,b,c,d) r2aaaa(e,f,a,b) cre(c) cre(d) des(e) des(f) 
31  (   1.00000) h2aaaa(a,b,c,d) r2aaaa(e,f,a,b) cre(e) cre(f) des(c) des(d) 
32  (  -1.00000) h2baba(a,b,c,d) r1aa(b,e) cre(a) cre(e) des(c) des(d) 
33  (  -2.00000) h2baba(a,b,c,d) r1aa(b,e) cre(c) cre(d) des(a) des(e) 
34  (   1.00000) h2baba(a,b,c,d) r1aa(e,b) cre(a) cre(e) des(c) des(d) 
35  (   2.00000) h2baba(a,b,c,d) r1aa(e,b) cre(c) cre(d) des(a) des(e) 
36  (   1.00000) h2baba(a,b,c,d) r1bb(a,e) cre(b) cre(e) des(c) des(d) 
37  (   2.00000) h2baba(a,b,c,d) r1bb(a,e) cre(c) cre(d) des(b) des(e) 
38  (  -1.00000) h2baba(a,b,c,d) r1bb(e,a) cre(b) cre(e) des(c) des(d) 
39  (  -2.00000) h2baba(a,b,c,d) r1bb(e,a) cre(c) cre(d) des(b) des(e) 
40  (  -1.00000) h2baba(a,b,c,d) r2baba(a,b,e,f) cre(c) cre(d) des(e) des(f) 
41  (  -2.00000) h2baba(a,b,c,d) r2baba(a,b,e,f) cre(e) cre(f) des(c) des(d) 
42  (   1.00000) h2baba(a,b,c,d) r2baba(e,f,a,b) cre(c) cre(d) des(e) des(f) 
43  (   2.00000) h2baba(a,b,c,d) r2baba(e,f,a,b) cre(e) cre(f) des(c) des(d) 
44  (   0.50000) h2bbbb(a,b,c,d) r1bb(a,e) cre(b) cre(e) des(c) des(d) 
45  (   1.00000) h2bbbb(a,b,c,d) r1bb(a,e) cre(c) cre(d) des(b) des(e) 
46  (  -0.50000) h2bbbb(a,b,c,d) r1bb(e,a) cre(b) cre(e) des(c) des(d) 
47  (  -1.00000) h2bbbb(a,b,c,d) r1bb(e,a) cre(c) cre(d) des(b) des(e) 
48  (  -0.50000) h2bbbb(a,b,c,d) r2bbbb(a,b,e,f) cre(c) cre(d) des(e) des(f) 
49  (  -1.00000) h2bbbb(a,b,c,d) r2bbbb(a,b,e,f) cre(e) cre(f) des(c) des(d) 
50  (   0.50000) h2bbbb(a,b,c,d) r2bbbb(e,f,a,b) cre(c) cre(d) des(e) des(f) 
51  (   1.00000) h2bbbb(a,b,c,d) r2bbbb(e,f,a,b) cre(e) cre(f) des(c) des(d) 
52  (   1.00000) h2aaaa(a,b,c,d) r2aaaa(a,e,f,g) cre(b) cre(f) cre(g) des(c) des(d) des(e) 
53  (   2.00000) h2aaaa(a,b,c,d) r2aaaa(a,e,f,g) cre(c) cre(d) cre(e) des(b) des(f) des(g) 
54  (  -1.00000) h2aaaa(a,b,c,d) r2aaaa(e,f,a,g) cre(b) cre(e) cre(f) des(c) des(d) des(g) 
55  (  -2.00000) h2aaaa(a,b,c,d) r2aaaa(e,f,a,g) cre(c) cre(d) cre(g) des(b) des(e) des(f) 
56  (  -0.50000) h2aaaa(a,b,c,d) r2baba(e,a,f,g) cre(b) cre(f) cre(g) des(c) des(d) des(e) 
57  (  -1.00000) h2aaaa(a,b,c,d) r2baba(e,a,f,g) cre(c) cre(d) cre(e) des(b) des(f) des(g) 
58  (   0.50000) h2aaaa(a,b,c,d) r2baba(e,f,g,a) cre(b) cre(e) cre(f) des(c) des(d) des(g) 
59  (   1.00000) h2aaaa(a,b,c,d) r2baba(e,f,g,a) cre(c) cre(d) cre(g) des(b) des(e) des(f) 
60  (  -2.00000) h2baba(a,b,c,d) r2aaaa(b,e,f,g) cre(a) cre(f) cre(g) des(c) des(d) des(e) 
61  (  -4.00000) h2baba(a,b,c,d) r2aaaa(b,e,f,g) cre(c) cre(d) cre(e) des(a) des(f) des(g) 
62  (   2.00000) h2baba(a,b,c,d) r2aaaa(e,f,b,g) cre(a) cre(e) cre(f) des(c) des(d) des(g) 
63  (   4.00000) h2baba(a,b,c,d) r2aaaa(e,f,b,g) cre(c) cre(d) cre(g) des(a) des(e) des(f) 
64  (   1.00000) h2baba(a,b,c,d) r2baba(a,e,f,g) cre(b) cre(f) cre(g) des(c) des(d) des(e) 
65  (   2.00000) h2baba(a,b,c,d) r2baba(a,e,f,g) cre(c) cre(d) cre(e) des(b) des(f) des(g) 
66  (   1.00000) h2baba(a,b,c,d) r2baba(e,b,f,g) cre(a) cre(f) cre(g) des(c) des(d) des(e) 
67  (   2.00000) h2baba(a,b,c,d) r2baba(e,b,f,g) cre(c) cre(d) cre(e) des(a) des(f) des(g) 
68  (  -1.00000) h2baba(a,b,c,d) r2baba(e,f,a,g) cre(b) cre(e) cre(f) des(c) des(d) des(g) 
69  (  -2.00000) h2baba(a,b,c,d) r2baba(e,f,a,g) cre(c) cre(d) cre(g) des(b) des(e) des(f) 
70  (  -1.00000) h2baba(a,b,c,d) r2baba(e,f,g,b) cre(a) cre(e) cre(f) des(c) des(d) des(g) 
71  (  -2.00000) h2baba(a,b,c,d) r2baba(e,f,g,b) cre(c) cre(d) cre(g) des(a) des(e) des(f) 
72  (   2.00000) h2baba(a,b,c,d) r2bbbb(a,e,f,g) cre(b) cre(f) cre(g) des(c) des(d) des(e) 
73  (   4.00000) h2baba(a,b,c,d) r2bbbb(a,e,f,g) cre(c) cre(d) cre(e) des(b) des(f) des(g) 
74  (  -2.00000) h2baba(a,b,c,d) r2bbbb(e,f,a,g) cre(b) cre(e) cre(f) des(c) des(d) des(g) 
75  (  -4.00000) h2baba(a,b,c,d) r2bbbb(e,f,a,g) cre(c) cre(d) cre(g) des(b) des(e) des(f) 
76  (   0.50000) h2bbbb(a,b,c,d) r2baba(a,e,f,g) cre(b) cre(f) cre(g) des(c) des(d) des(e) 
77  (   1.00000) h2bbbb(a,b,c,d) r2baba(a,e,f,g) cre(c) cre(d) cre(e) des(b) des(f) des(g) 
78  (  -0.50000) h2bbbb(a,b,c,d) r2baba(e,f,a,g) cre(b) cre(e) cre(f) des(c) des(d) des(g) 
79  (  -1.00000) h2bbbb(a,b,c,d) r2baba(e,f,a,g) cre(c) cre(d) cre(g) des(b) des(e) des(f) 
80  (   1.00000) h2bbbb(a,b,c,d) r2bbbb(a,e,f,g) cre(b) cre(f) cre(g) des(c) des(d) des(e) 
81  (   2.00000) h2bbbb(a,b,c,d) r2bbbb(a,e,f,g) cre(c) cre(d) cre(e) des(b) des(f) des(g) 
82  (  -1.00000) h2bbbb(a,b,c,d) r2bbbb(e,f,a,g) cre(b) cre(e) cre(f) des(c) des(d) des(g) 
83  (  -2.00000) h2bbbb(a,b,c,d) r2bbbb(e,f,a,g) cre(c) cre(d) cre(g) des(b) des(e) des(f) 
Transpose combination complete in 1.729 seconds


transpose combination complete at 10.449

density matrix conversion complete at 10.459


Combining like terms:
Converting 42 terms to canonical form...
     0   (   2.00000) h1aa(a,b) r1aa(a,c) d1aa(c,b) 
     1   (  -2.00000) h1aa(a,b) r1aa(c,a) d1aa(c,b) 
     2   (   2.00000) h1bb(a,b) r1bb(a,c) d1bb(c,b) 
     3   (  -2.00000) h1bb(a,b) r1bb(c,a) d1bb(c,b) 
     4   (  -4.00000) h1aa(a,b) r2aaaa(a,c,d,e) d2aaaa(d,e,c,b) 
     5   (   4.00000) h1aa(a,b) r2aaaa(c,d,a,e) d2aaaa(c,d,e,b) 
     6   (   2.00000) h1aa(a,b) r2baba(c,a,d,e) d2baba(d,e,c,b) 
     7   (  -2.00000) h1aa(a,b) r2baba(c,d,e,a) d2baba(c,d,e,b) 
     8   (   2.00000) h1bb(a,b) r2baba(a,c,d,e) d2baba(d,e,b,c) 
     9   (  -2.00000) h1bb(a,b) r2baba(c,d,a,e) d2baba(c,d,b,e) 
    10   (  -4.00000) h1bb(a,b) r2bbbb(a,c,d,e) d2bbbb(d,e,c,b) 
    11   (   4.00000) h1bb(a,b) r2bbbb(c,d,a,e) d2bbbb(c,d,e,b) 
    12   (   1.00000) h2aaaa(a,b,c,d) r1aa(a,e) d2aaaa(c,d,e,b) 
    13   (  -1.00000) h2aaaa(a,b,c,d) r1aa(e,a) d2aaaa(c,d,e,b) 
    14   (  -1.00000) h2aaaa(a,b,c,d) r2aaaa(a,b,e,f) d2aaaa(e,f,d,c) 
    15   (   1.00000) h2aaaa(a,b,c,d) r2aaaa(e,f,a,b) d2aaaa(e,f,d,c) 
    16   (   2.00000) h2baba(a,b,c,d) r1aa(b,e) d2baba(c,d,a,e) 
    17   (  -2.00000) h2baba(a,b,c,d) r1aa(e,b) d2baba(c,d,a,e) 
    18   (   2.00000) h2baba(a,b,c,d) r1bb(a,e) d2baba(c,d,e,b) 
    19   (  -2.00000) h2baba(a,b,c,d) r1bb(e,a) d2baba(c,d,e,b) 
    20   (   2.00000) h2baba(a,b,c,d) r2baba(a,b,e,f) d2baba(e,f,c,d) 
    21   (  -2.00000) h2baba(a,b,c,d) r2baba(e,f,a,b) d2baba(e,f,c,d) 
    22   (   1.00000) h2bbbb(a,b,c,d) r1bb(a,e) d2bbbb(c,d,e,b) 
    23   (  -1.00000) h2bbbb(a,b,c,d) r1bb(e,a) d2bbbb(c,d,e,b) 
    24   (  -1.00000) h2bbbb(a,b,c,d) r2bbbb(a,b,e,f) d2bbbb(e,f,d,c) 
    25   (   1.00000) h2bbbb(a,b,c,d) r2bbbb(e,f,a,b) d2bbbb(e,f,d,c) 
    26   (   2.00000) h2aaaa(a,b,c,d) r2aaaa(a,e,f,g) d3aaaaaa(c,d,e,g,f,b) 
    27   (  -2.00000) h2aaaa(a,b,c,d) r2aaaa(e,f,a,g) d3aaaaaa(c,d,g,f,e,b) 
    28   (  -1.00000) h2aaaa(a,b,c,d) r2baba(e,a,f,g) d3baabaa(e,d,c,f,g,b) 
    29   (   1.00000) h2aaaa(a,b,c,d) r2baba(e,f,g,a) d3baabaa(g,d,c,e,f,b) 
    30   (   4.00000) h2baba(a,b,c,d) r2aaaa(b,e,f,g) d3baabaa(c,d,e,a,f,g) 
    31   (  -4.00000) h2baba(a,b,c,d) r2aaaa(e,f,b,g) d3baabaa(c,d,g,a,e,f) 
    32   (  -2.00000) h2baba(a,b,c,d) r2baba(a,e,f,g) d3baabaa(c,d,e,f,g,b) 
    33   (  -2.00000) h2baba(a,b,c,d) r2baba(e,b,f,g) d3abbabb(d,c,e,g,f,a) 
    34   (   2.00000) h2baba(a,b,c,d) r2baba(e,f,a,g) d3baabaa(c,d,g,e,f,b) 
    35   (   2.00000) h2baba(a,b,c,d) r2baba(e,f,g,b) d3abbabb(d,c,g,f,e,a) 
    36   (   4.00000) h2baba(a,b,c,d) r2bbbb(a,e,f,g) d3abbabb(d,c,e,b,f,g) 
    37   (  -4.00000) h2baba(a,b,c,d) r2bbbb(e,f,a,g) d3abbabb(d,c,g,b,e,f) 
    38   (  -1.00000) h2bbbb(a,b,c,d) r2baba(a,e,f,g) d3abbabb(e,d,c,g,f,b) 
    39   (   1.00000) h2bbbb(a,b,c,d) r2baba(e,f,a,g) d3abbabb(g,d,c,f,e,b) 
    40   (   2.00000) h2bbbb(a,b,c,d) r2bbbb(a,e,f,g) d3bbbbbb(c,d,e,g,f,b) 
    41   (  -2.00000) h2bbbb(a,b,c,d) r2bbbb(e,f,a,g) d3bbbbbb(c,d,g,f,e,b) 
Finished combining terms in 235.556 seconds

term combination complete at 246.015

result (42 terms):
 (  -2.00000) d1aa(a,b) h1aa(a,c) r1aa(b,c) 
 (   2.00000) d1aa(a,b) h1aa(a,c) r1aa(c,b) 
 (  -2.00000) d1bb(a,b) h1bb(a,c) r1bb(b,c) 
 (   2.00000) d1bb(a,b) h1bb(a,c) r1bb(c,b) 
 (  -4.00000) d2aaaa(a,b,c,d) h1aa(a,e) r2aaaa(b,e,c,d) 
 (   4.00000) d2aaaa(a,b,c,d) h1aa(a,e) r2aaaa(c,d,b,e) 
 (  -1.00000) d2aaaa(a,b,c,d) h2aaaa(a,b,c,e) r1aa(d,e) 
 (   1.00000) d2aaaa(a,b,c,d) h2aaaa(a,b,c,e) r1aa(e,d) 
 (  -1.00000) d2aaaa(a,b,c,d) h2aaaa(a,b,e,f) r2aaaa(c,d,e,f) 
 (   1.00000) d2aaaa(a,b,c,d) h2aaaa(a,b,e,f) r2aaaa(e,f,c,d) 
 (   2.00000) d2baba(a,b,c,d) h1aa(b,e) r2baba(a,e,c,d) 
 (  -2.00000) d2baba(a,b,c,d) h1aa(b,e) r2baba(c,d,a,e) 
 (  -2.00000) d2baba(a,b,c,d) h1bb(a,e) r2baba(c,d,e,b) 
 (   2.00000) d2baba(a,b,c,d) h1bb(a,e) r2baba(e,b,c,d) 
 (  -2.00000) d2baba(a,b,c,d) h2baba(a,b,c,e) r1aa(d,e) 
 (   2.00000) d2baba(a,b,c,d) h2baba(a,b,c,e) r1aa(e,d) 
 (  -2.00000) d2baba(a,b,c,d) h2baba(a,b,e,d) r1bb(c,e) 
 (   2.00000) d2baba(a,b,c,d) h2baba(a,b,e,d) r1bb(e,c) 
 (  -2.00000) d2baba(a,b,c,d) h2baba(a,b,e,f) r2baba(c,d,e,f) 
 (   2.00000) d2baba(a,b,c,d) h2baba(a,b,e,f) r2baba(e,f,c,d) 
 (  -4.00000) d2bbbb(a,b,c,d) h1bb(a,e) r2bbbb(b,e,c,d) 
 (   4.00000) d2bbbb(a,b,c,d) h1bb(a,e) r2bbbb(c,d,b,e) 
 (  -1.00000) d2bbbb(a,b,c,d) h2bbbb(a,b,c,e) r1bb(d,e) 
 (   1.00000) d2bbbb(a,b,c,d) h2bbbb(a,b,c,e) r1bb(e,d) 
 (  -1.00000) d2bbbb(a,b,c,d) h2bbbb(a,b,e,f) r2bbbb(c,d,e,f) 
 (   1.00000) d2bbbb(a,b,c,d) h2bbbb(a,b,e,f) r2bbbb(e,f,c,d) 
 (  -2.00000) d3aaaaaa(a,b,c,d,e,f) h2aaaa(a,b,d,g) r2aaaa(c,g,e,f) 
 (   2.00000) d3aaaaaa(a,b,c,d,e,f) h2aaaa(a,b,d,g) r2aaaa(e,f,c,g) 
 (   2.00000) d3abbabb(a,b,c,d,e,f) h2baba(b,a,e,g) r2baba(c,g,f,d) 
 (  -2.00000) d3abbabb(a,b,c,d,e,f) h2baba(b,a,e,g) r2baba(f,d,c,g) 
 (  -4.00000) d3abbabb(a,b,c,d,e,f) h2baba(b,a,g,d) r2bbbb(c,g,e,f) 
 (   4.00000) d3abbabb(a,b,c,d,e,f) h2baba(b,a,g,d) r2bbbb(e,f,c,g) 
 (  -1.00000) d3abbabb(a,b,c,d,e,f) h2bbbb(b,c,e,g) r2baba(f,d,g,a) 
 (   1.00000) d3abbabb(a,b,c,d,e,f) h2bbbb(b,c,e,g) r2baba(g,a,f,d) 
 (   1.00000) d3baabaa(a,b,c,d,e,f) h2aaaa(b,c,e,g) r2baba(a,g,d,f) 
 (  -1.00000) d3baabaa(a,b,c,d,e,f) h2aaaa(b,c,e,g) r2baba(d,f,a,g) 
 (  -4.00000) d3baabaa(a,b,c,d,e,f) h2baba(a,b,d,g) r2aaaa(c,g,e,f) 
 (   4.00000) d3baabaa(a,b,c,d,e,f) h2baba(a,b,d,g) r2aaaa(e,f,c,g) 
 (  -2.00000) d3baabaa(a,b,c,d,e,f) h2baba(a,b,g,e) r2baba(d,f,g,c) 
 (   2.00000) d3baabaa(a,b,c,d,e,f) h2baba(a,b,g,e) r2baba(g,c,d,f) 
 (  -2.00000) d3bbbbbb(a,b,c,d,e,f) h2bbbb(a,b,d,g) r2bbbb(c,g,e,f) 
 (   2.00000) d3bbbbbb(a,b,c,d,e,f) h2bbbb(a,b,d,g) r2bbbb(e,f,c,g) 

